#
# A fatal error has been detected by the Java Runtime Environment:
#
#  SIGSEGV (0xb) at pc=0x0000000108cbe2ce, pid=3246, tid=2571
#
# JRE version: Java(TM) SE Runtime Environment (8.0_60-b27) (build 1.8.0_60-b27)
# Java VM: Java HotSpot(TM) 64-Bit Server VM (25.60-b23 mixed mode bsd-amd64 compressed oops)
# Problematic frame:
# V  [libjvm.dylib+0x1692ce]
#
# Failed to write core dump. Core dumps have been disabled. To enable core dumping, try "ulimit -c unlimited" before starting Java again
#
# If you would like to submit a bug report, please visit:
#   http://bugreport.java.com/bugreport/crash.jsp
#

---------------  T H R E A D  ---------------

Current thread is native thread

siginfo: si_signo: 11 (SIGSEGV), si_code: 1 (SEGV_MAPERR), si_addr: 0x0000000000000270

Registers:
RAX=0x0000000000000000, RBX=0x0000000000000000, RCX=0x0000000108e6621b, RDX=0x00007fa34d9bb1f8
RSP=0x00007fff57322790, RBP=0x00007fff573227a0, RSI=0x0000000000000006, RDI=0x00007fff573227e0
R8 =0x0000000000000000, R9 =0x0000000000000000, R10=0x00007fa34e4266c0, R11=0x000000011d767ea0
R12=0x00007fa34d9bb1f8, R13=0x0000000123bd3890, R14=0x00007fa34d9bb1f8, R15=0x0000000000000000
RIP=0x0000000108cbe2ce, EFLAGS=0x0000000000010246, ERR=0x0000000000000006
  TRAPNO=0x000000000000000e

Top of Stack: (sp=0x00007fff57322790)
0x00007fff57322790:   00007fa34be96c18 00007fa34d9bb1f8
0x00007fff573227a0:   00007fff57322800 0000000108e6624b
0x00007fff573227b0:   45006423d6151016 0000000000000000
0x00007fff573227c0:   00007fa3528b4000 00007fa35099e490
0x00007fff573227d0:   00007fff57322800 00000001237896e9
0x00007fff573227e0:   0000000000000000 00007fa34e41ba30
0x00007fff573227f0:   00007fa3528b4000 00007fa35099e490
0x00007fff57322800:   00007fff57322860 000000012960febb
0x00007fff57322810:   45006423d6151016 0000000000000000
0x00007fff57322820:   40c5b11db8c63616 00007fa3509a9d50
0x00007fff57322830:   00007fff57322860 00007fff9c8c04c0
0x00007fff57322840:   0000000000000000 0000000123bd3890
0x00007fff57322850:   00007fa35099e490 00007fa3509a9d50
0x00007fff57322860:   00007fff573228c0 00007fff920a5793
0x00007fff57322870:   000002ba00000004 0000000000000000
0x00007fff57322880:   00007fa35099e490 0000000000000000
0x00007fff57322890:   40c5b11db8c63616 00007fff9c8c04c0
0x00007fff573228a0:   00007fa350ba75d0 00007fa35099e490
0x00007fff573228b0:   0000000000000004 0000000000000000
0x00007fff573228c0:   00007fff57322930 00007fff920a533d
0x00007fff573228d0:   3ff0000000000000 4094000000000000
0x00007fff573228e0:   4085d00000000000 0000000000000000
0x00007fff573228f0:   0000000000000000 4094000000000000
0x00007fff57322900:   4085d00000000000 00007fff57322a10
0x00007fff57322910:   0000000123bd4928 00007fff9300c6b2
0x00007fff57322920:   0000000000000001 0000000123bd4880
0x00007fff57322930:   00007fff57323a10 00007fff920494a5
0x00007fff57322940:   00007fff57323a10 00007fff92049367
0x00007fff57322950:   0000000000000000 ffffffffffffffff
0x00007fff57322960:   0000000123bd4928 0000000123bd4928
0x00007fff57322970:   0000000123bd4880 0000000000000000
0x00007fff57322980:   00007fa34d14e400 00007fff57322940 

Instructions: (pc=0x0000000108cbe2ce)
0x0000000108cbe2ae:   0e 48 8b 0b 49 8b 56 18 48 63 c0 48 89 0c c2 5b
0x0000000108cbe2be:   41 5e 5d c3 90 90 55 48 89 e5 41 56 53 48 8b 1f
0x0000000108cbe2ce:   c7 83 70 02 00 00 05 00 00 00 48 8d 05 d9 50 77
0x0000000108cbe2de:   00 8b 00 83 f8 01 41 89 f6 75 0c 48 8d 0d 16 b8 

Register to memory mapping:

RAX=0x0000000000000000 is an unknown value
RBX=0x0000000000000000 is an unknown value
RCX=0x0000000108e6621b: jni_NewLocalRef+0 in /Library/Java/JavaVirtualMachines/jdk1.8.0_60.jdk/Contents/Home/jre/lib/server/libjvm.dylib at 0x0000000108b55000
RDX=0x00007fa34d9bb1f8 is an unknown value
RSP=0x00007fff57322790 is an unknown value
RBP=0x00007fff573227a0 is an unknown value
RSI=0x0000000000000006 is an unknown value
RDI=0x00007fff573227e0 is an unknown value
R8 =0x0000000000000000 is an unknown value
R9 =0x0000000000000000 is an unknown value
R10=0x00007fa34e4266c0 is an unknown value
R11=0x000000011d767ea0: OBJC_CLASS_$_JNFJObjectWrapper+0 in /System/Library/Frameworks/JavaVM.framework/Versions/A/Frameworks/JavaNativeFoundation.framework/Versions/A/JavaNativeFoundation at 0x000000011d75d000
R12=0x00007fa34d9bb1f8 is an unknown value
R13=0x0000000123bd3890 is an unknown value
R14=0x00007fa34d9bb1f8 is an unknown value
R15=0x0000000000000000 is an unknown value


Stack: [0x00007fff56b27000,0x00007fff57327000],  sp=0x00007fff57322790,  free space=8173k
Native frames: (J=compiled Java code, j=interpreted, Vv=VM code, C=native code)
V  [libjvm.dylib+0x1692ce]
V  [libjvm.dylib+0x31124b]
C  [libawt_lwawt.dylib+0x19ebb]  -[CGLLayer drawInCGLContext:pixelFormat:forLayerTime:displayTime:]+0xee
C  [QuartzCore+0x6d793]  _ZL17CAOpenGLLayerDrawP13CAOpenGLLayerdPK11CVTimeStampj+0x2ca
C  [QuartzCore+0x6d33d]  -[CAOpenGLLayer _display]+0x160
C  [QuartzCore+0x114a5]  _ZN2CA5Layer17display_if_neededEPNS_11TransactionE+0x25b
C  [QuartzCore+0x10fcd]  _ZN2CA5Layer28layout_and_display_if_neededEPNS_11TransactionE+0x23
C  [QuartzCore+0x104a1]  _ZN2CA7Context18commit_transactionEPNS_11TransactionE+0x115
C  [QuartzCore+0x100ec]  _ZN2CA11Transaction6commitEv+0x1fc
C  [QuartzCore+0x1b977]  _ZN2CA11Transaction17observer_callbackEP19__CFRunLoopObservermPv+0x47
C  [CoreFoundation+0xaa067]  __CFRUNLOOP_IS_CALLING_OUT_TO_AN_OBSERVER_CALLBACK_FUNCTION__+0x17
C  [CoreFoundation+0xa9fd7]  __CFRunLoopDoObservers+0x187
C  [CoreFoundation+0x895da]  __CFRunLoopRun+0x49a
C  [CoreFoundation+0x88ed8]  CFRunLoopRunSpecific+0x128
C  [java+0x6463]  CreateExecutionEnvironment+0x367
C  [java+0x21ac]  JLI_Launch+0x7a0
C  [java+0x84c0]  main+0x65
C  [java+0x1a04]  start+0x34


---------------  P R O C E S S  ---------------

VM state:not at safepoint (normal execution)

VM Mutex/Monitor currently owned by a thread: None

Heap:
 PSYoungGen      total 24064K, used 7586K [0x00000007aab00000, 0x00000007acb00000, 0x00000007c0000000)
  eden space 15360K, 19% used [0x00000007aab00000,0x00000007aade7798,0x00000007aba00000)
  from space 8704K, 52% used [0x00000007ac280000,0x00000007ac7010a8,0x00000007acb00000)
  to   space 8704K, 0% used [0x00000007aba00000,0x00000007aba00000,0x00000007ac280000)
 ParOldGen       total 153088K, used 123646K [0x0000000780000000, 0x0000000789580000, 0x00000007aab00000)
  object space 153088K, 80% used [0x0000000780000000,0x00000007878bf8e0,0x0000000789580000)
 Metaspace       used 20912K, capacity 21540K, committed 21888K, reserved 1069056K
  class space    used 2651K, capacity 2819K, committed 2944K, reserved 1048576K

Card table byte_map: [0x00000001197c0000,0x00000001199c1000] byte_map_base: 0x0000000115bc0000

Marking Bits: (ParMarkBitMap*) 0x0000000109433e20
 Begin Bits: [0x0000000119b17000, 0x000000011ab17000)
 End Bits:   [0x000000011ab17000, 0x000000011bb17000)

Polling page: 0x0000000109b25000

CodeCache: size=245760Kb used=11002Kb max_used=11045Kb free=234758Kb
 bounds [0x000000010a400000, 0x000000010aef0000, 0x0000000119400000]
 total_blobs=4092 nmethods=3277 adapters=726
 compilation: enabled

Compilation events (10 events):
Event: 140.749 Thread 0x00007fa34c838800 3835       3       java.util.Collections$UnmodifiableCollection::iterator (9 bytes)
Event: 140.750 Thread 0x00007fa34c838800 nmethod 3835 0x000000010a6e6050 code [0x000000010a6e61e0, 0x000000010a6e6548]
Event: 140.750 Thread 0x00007fa34c838800 3836       3       java.util.Collections$UnmodifiableCollection$1::<init> (26 bytes)
Event: 140.750 Thread 0x00007fa34c838800 nmethod 3836 0x000000010a652750 code [0x000000010a6528c0, 0x000000010a652b88]
Event: 140.751 Thread 0x00007fa34c838800 3837       3       java.lang.Class::checkMemberAccess (49 bytes)
Event: 140.752 Thread 0x00007fa34c838800 nmethod 3837 0x000000010ac43010 code [0x000000010ac431c0, 0x000000010ac43718]
Event: 140.752 Thread 0x00007fa34c838800 3838       3       java.lang.invoke.MethodTypeForm::unpack (30 bytes)
Event: 140.753 Thread 0x00007fa34c838800 nmethod 3838 0x000000010a7cbbd0 code [0x000000010a7cbd20, 0x000000010a7cbe70]
Event: 140.753 Thread 0x00007fa34c838800 3839       3       java.lang.invoke.DirectMethodHandle::shouldBeInitialized (123 bytes)
Event: 140.754 Thread 0x00007fa34c838800 nmethod 3839 0x000000010a902950 code [0x000000010a902b20, 0x000000010a903248]

GC Heap History (10 events):
Event: 131.145 GC heap before
{Heap before GC invocations=26 (full 2):
 PSYoungGen      total 22528K, used 20484K [0x00000007aab00000, 0x00000007ac980000, 0x00000007c0000000)
  eden space 15872K, 100% used [0x00000007aab00000,0x00000007aba80000,0x00000007aba80000)
  from space 6656K, 69% used [0x00000007aba80000,0x00000007abf010a8,0x00000007ac100000)
  to   space 7680K, 0% used [0x00000007ac200000,0x00000007ac200000,0x00000007ac980000)
 ParOldGen       total 153088K, used 123638K [0x0000000780000000, 0x0000000789580000, 0x00000007aab00000)
  object space 153088K, 80% used [0x0000000780000000,0x00000007878bd8e0,0x0000000789580000)
 Metaspace       used 20881K, capacity 21470K, committed 21760K, reserved 1069056K
  class space    used 2644K, capacity 2778K, committed 2816K, reserved 1048576K
Event: 131.150 GC heap after
Heap after GC invocations=26 (full 2):
 PSYoungGen      total 23552K, used 4612K [0x00000007aab00000, 0x00000007ac980000, 0x00000007c0000000)
  eden space 15872K, 0% used [0x00000007aab00000,0x00000007aab00000,0x00000007aba80000)
  from space 7680K, 60% used [0x00000007ac200000,0x00000007ac6810a8,0x00000007ac980000)
  to   space 7680K, 0% used [0x00000007aba80000,0x00000007aba80000,0x00000007ac200000)
 ParOldGen       total 153088K, used 123646K [0x0000000780000000, 0x0000000789580000, 0x00000007aab00000)
  object space 153088K, 80% used [0x0000000780000000,0x00000007878bf8e0,0x0000000789580000)
 Metaspace       used 20881K, capacity 21470K, committed 21760K, reserved 1069056K
  class space    used 2644K, capacity 2778K, committed 2816K, reserved 1048576K
}
Event: 133.487 GC heap before
{Heap before GC invocations=27 (full 2):
 PSYoungGen      total 23552K, used 20484K [0x00000007aab00000, 0x00000007ac980000, 0x00000007c0000000)
  eden space 15872K, 100% used [0x00000007aab00000,0x00000007aba80000,0x00000007aba80000)
  from space 7680K, 60% used [0x00000007ac200000,0x00000007ac6810a8,0x00000007ac980000)
  to   space 7680K, 0% used [0x00000007aba80000,0x00000007aba80000,0x00000007ac200000)
 ParOldGen       total 153088K, used 123646K [0x0000000780000000, 0x0000000789580000, 0x00000007aab00000)
  object space 153088K, 80% used [0x0000000780000000,0x00000007878bf8e0,0x0000000789580000)
 Metaspace       used 20881K, capacity 21470K, committed 21760K, reserved 1069056K
  class space    used 2644K, capacity 2778K, committed 2816K, reserved 1048576K
Event: 133.491 GC heap after
Heap after GC invocations=27 (full 2):
 PSYoungGen      total 23552K, used 4612K [0x00000007aab00000, 0x00000007aca80000, 0x00000007c0000000)
  eden space 15872K, 0% used [0x00000007aab00000,0x00000007aab00000,0x00000007aba80000)
  from space 7680K, 60% used [0x00000007aba80000,0x00000007abf010a8,0x00000007ac200000)
  to   space 8192K, 0% used [0x00000007ac280000,0x00000007ac280000,0x00000007aca80000)
 ParOldGen       total 153088K, used 123646K [0x0000000780000000, 0x0000000789580000, 0x00000007aab00000)
  object space 153088K, 80% used [0x0000000780000000,0x00000007878bf8e0,0x0000000789580000)
 Metaspace       used 20881K, capacity 21470K, committed 21760K, reserved 1069056K
  class space    used 2644K, capacity 2778K, committed 2816K, reserved 1048576K
}
Event: 135.849 GC heap before
{Heap before GC invocations=28 (full 2):
 PSYoungGen      total 23552K, used 20484K [0x00000007aab00000, 0x00000007aca80000, 0x00000007c0000000)
  eden space 15872K, 100% used [0x00000007aab00000,0x00000007aba80000,0x00000007aba80000)
  from space 7680K, 60% used [0x00000007aba80000,0x00000007abf010a8,0x00000007ac200000)
  to   space 8192K, 0% used [0x00000007ac280000,0x00000007ac280000,0x00000007aca80000)
 ParOldGen       total 153088K, used 123646K [0x0000000780000000, 0x0000000789580000, 0x00000007aab00000)
  object space 153088K, 80% used [0x0000000780000000,0x00000007878bf8e0,0x0000000789580000)
 Metaspace       used 20882K, capacity 21470K, committed 21760K, reserved 1069056K
  class space    used 2644K, capacity 2778K, committed 2816K, reserved 1048576K
Event: 135.853 GC heap after
Heap after GC invocations=28 (full 2):
 PSYoungGen      total 23552K, used 4612K [0x00000007aab00000, 0x00000007acb80000, 0x00000007c0000000)
  eden space 15360K, 0% used [0x00000007aab00000,0x00000007aab00000,0x00000007aba00000)
  from space 8192K, 56% used [0x00000007ac280000,0x00000007ac7010a8,0x00000007aca80000)
  to   space 8704K, 0% used [0x00000007aba00000,0x00000007aba00000,0x00000007ac280000)
 ParOldGen       total 153088K, used 123646K [0x0000000780000000, 0x0000000789580000, 0x00000007aab00000)
  object space 153088K, 80% used [0x0000000780000000,0x00000007878bf8e0,0x0000000789580000)
 Metaspace       used 20882K, capacity 21470K, committed 21760K, reserved 1069056K
  class space    used 2644K, capacity 2778K, committed 2816K, reserved 1048576K
}
Event: 138.130 GC heap before
{Heap before GC invocations=29 (full 2):
 PSYoungGen      total 23552K, used 19972K [0x00000007aab00000, 0x00000007acb80000, 0x00000007c0000000)
  eden space 15360K, 100% used [0x00000007aab00000,0x00000007aba00000,0x00000007aba00000)
  from space 8192K, 56% used [0x00000007ac280000,0x00000007ac7010a8,0x00000007aca80000)
  to   space 8704K, 0% used [0x00000007aba00000,0x00000007aba00000,0x00000007ac280000)
 ParOldGen       total 153088K, used 123646K [0x0000000780000000, 0x0000000789580000, 0x00000007aab00000)
  object space 153088K, 80% used [0x0000000780000000,0x00000007878bf8e0,0x0000000789580000)
 Metaspace       used 20882K, capacity 21470K, committed 21760K, reserved 1069056K
  class space    used 2644K, capacity 2778K, committed 2816K, reserved 1048576K
Event: 138.134 GC heap after
Heap after GC invocations=29 (full 2):
 PSYoungGen      total 24064K, used 4612K [0x00000007aab00000, 0x00000007acb00000, 0x00000007c0000000)
  eden space 15360K, 0% used [0x00000007aab00000,0x00000007aab00000,0x00000007aba00000)
  from space 8704K, 52% used [0x00000007aba00000,0x00000007abe810a8,0x00000007ac280000)
  to   space 8704K, 0% used [0x00000007ac280000,0x00000007ac280000,0x00000007acb00000)
 ParOldGen       total 153088K, used 123646K [0x0000000780000000, 0x0000000789580000, 0x00000007aab00000)
  object space 153088K, 80% used [0x0000000780000000,0x00000007878bf8e0,0x0000000789580000)
 Metaspace       used 20882K, capacity 21470K, committed 21760K, reserved 1069056K
  class space    used 2644K, capacity 2778K, committed 2816K, reserved 1048576K
}
Event: 140.412 GC heap before
{Heap before GC invocations=30 (full 2):
 PSYoungGen      total 24064K, used 19972K [0x00000007aab00000, 0x00000007acb00000, 0x00000007c0000000)
  eden space 15360K, 100% used [0x00000007aab00000,0x00000007aba00000,0x00000007aba00000)
  from space 8704K, 52% used [0x00000007aba00000,0x00000007abe810a8,0x00000007ac280000)
  to   space 8704K, 0% used [0x00000007ac280000,0x00000007ac280000,0x00000007acb00000)
 ParOldGen       total 153088K, used 123646K [0x0000000780000000, 0x0000000789580000, 0x00000007aab00000)
  object space 153088K, 80% used [0x0000000780000000,0x00000007878bf8e0,0x0000000789580000)
 Metaspace       used 20882K, capacity 21470K, committed 21760K, reserved 1069056K
  class space    used 2644K, capacity 2778K, committed 2816K, reserved 1048576K
Event: 140.416 GC heap after
Heap after GC invocations=30 (full 2):
 PSYoungGen      total 24064K, used 4612K [0x00000007aab00000, 0x00000007acb00000, 0x00000007c0000000)
  eden space 15360K, 0% used [0x00000007aab00000,0x00000007aab00000,0x00000007aba00000)
  from space 8704K, 52% used [0x00000007ac280000,0x00000007ac7010a8,0x00000007acb00000)
  to   space 8704K, 0% used [0x00000007aba00000,0x00000007aba00000,0x00000007ac280000)
 ParOldGen       total 153088K, used 123646K [0x0000000780000000, 0x0000000789580000, 0x00000007aab00000)
  object space 153088K, 80% used [0x0000000780000000,0x00000007878bf8e0,0x0000000789580000)
 Metaspace       used 20882K, capacity 21470K, committed 21760K, reserved 1069056K
  class space    used 2644K, capacity 2778K, committed 2816K, reserved 1048576K
}

Deoptimization events (10 events):
Event: 126.503 Thread 0x00007fa3525e6800 Uncommon trap: reason=unstable_if action=reinterpret pc=0x000000010adb2fe0 method=java.awt.geom.AffineTransform.translate(DD)V @ 375
Event: 128.595 Thread 0x00007fa3525e6800 Uncommon trap: reason=unstable_if action=reinterpret pc=0x000000010ae42d9c method=sun.java2d.loops.ProcessPath.TESTANDCLIP(FF[FIIII)I @ 8
Event: 128.595 Thread 0x00007fa3525e6800 Uncommon trap: reason=unstable_if action=reinterpret pc=0x000000010adc62cc method=sun.java2d.loops.ProcessPath.TESTANDCLIP(FF[FIIII)I @ 8
Event: 128.923 Thread 0x00007fa3525e6800 Uncommon trap: reason=unstable_if action=reinterpret pc=0x000000010ae60db4 method=sun.java2d.loops.ProcessPath$DrawProcessHandler.PROCESS_LINE(IIIIZ[I)V @ 297
Event: 131.385 Thread 0x00007fa3525e6800 Uncommon trap: reason=unstable_if action=reinterpret pc=0x000000010ae5980c method=java.lang.StrictMath.floorOrCeil(DDDD)D @ 24
Event: 131.386 Thread 0x00007fa3525e6800 Uncommon trap: reason=unstable_if action=reinterpret pc=0x000000010a8e13ec method=java.lang.StrictMath.floorOrCeil(DDDD)D @ 24
Event: 131.646 Thread 0x00007fa3525e6800 Uncommon trap: reason=unstable_if action=reinterpret pc=0x000000010aa14eb4 method=sun.awt.geom.AreaOp.pruneEdges(Ljava/util/Vector;)Ljava/util/Vector; @ 405
Event: 140.749 Thread 0x00007fa34d9bb000 Uncommon trap: reason=unstable_if action=reinterpret pc=0x000000010a817c44 method=java.util.concurrent.locks.AbstractQueuedSynchronizer.unparkSuccessor(Ljava/util/concurrent/locks/AbstractQueuedSynchronizer$Node;)V @ 6
Event: 140.752 Thread 0x00007fa34c91a800 Uncommon trap: reason=unstable_if action=reinterpret pc=0x000000010aed9698 method=java.util.concurrent.locks.AbstractQueuedSynchronizer$ConditionObject.checkInterruptWhileWaiting(Ljava/util/concurrent/locks/AbstractQueuedSynchronizer$Node;)I @ 3
Event: 140.753 Thread 0x00007fa353094800 Uncommon trap: reason=unstable_if action=reinterpret pc=0x000000010aaf9568 method=java.security.AccessControlContext.optimize()Ljava/security/AccessControlContext; @ 49

Internal exceptions (10 events):
Event: 0.773 Thread 0x00007fa34d9bb000 Exception <a 'java/lang/NullPointerException'> (0x00000007ab644cb8) thrown at [/Users/java_re/workspace/8-2-build-macosx-x86_64/jdk8u60/4407/hotspot/src/share/vm/prims/jvm.cpp, line 1390]
Event: 1.283 Thread 0x00007fa34d9bb000 Implicit null exception at 0x000000010a660af5 to 0x000000010a660cf1
Event: 10.042 Thread 0x00007fa34d9bb000 Exception <a 'java/io/FileNotFoundException'> (0x00000007aba221d0) thrown at [/Users/java_re/workspace/8-2-build-macosx-x86_64/jdk8u60/4407/hotspot/src/share/vm/prims/jni.cpp, line 709]
Event: 10.042 Thread 0x00007fa34d9bb000 Exception <a 'java/io/FileNotFoundException'> (0x00000007aba22f28) thrown at [/Users/java_re/workspace/8-2-build-macosx-x86_64/jdk8u60/4407/hotspot/src/share/vm/prims/jni.cpp, line 709]
Event: 10.174 Thread 0x00007fa34d9bb000 Implicit null exception at 0x000000010a6052b5 to 0x000000010a605615
Event: 10.230 Thread 0x00007fa34c806800 Exception <a 'java/lang/NullPointerException'> (0x00000007aab436d8) thrown at [/Users/java_re/workspace/8-2-build-macosx-x86_64/jdk8u60/4407/hotspot/src/share/vm/interpreter/linkResolver.cpp, line 1178]
Event: 77.045 Thread 0x00007fa34d9bb000 Implicit null exception at 0x000000010aa6a2f7 to 0x000000010aa6aa29
Event: 77.633 Thread 0x00007fa34d9bb000 Implicit null exception at 0x000000010aa6f871 to 0x000000010aa70485
Event: 77.663 Thread 0x00007fa351aaa800 Implicit null exception at 0x000000010aa8618c to 0x000000010aa8b181
Event: 140.753 Thread 0x00007fa353094800 Implicit null exception at 0x000000010aaf8c40 to 0x000000010aaf9555

Events (10 events):
Event: 140.753 Thread 0x00007fa353094800 DEOPT UNPACKING pc=0x000000010a405229 sp=0x00007000002196b8 mode 2
Event: 140.754 Thread 0x00007fa34c838800 flushing nmethod 0x000000010a904750
Event: 140.754 Thread 0x00007fa34c838800 flushing nmethod 0x000000010a916910
Event: 140.754 Thread 0x00007fa34c838800 flushing nmethod 0x000000010a91a610
Event: 140.754 Thread 0x00007fa34c838800 flushing nmethod 0x000000010a93e350
Event: 140.754 Thread 0x00007fa34c838800 flushing nmethod 0x000000010a9434d0
Event: 140.754 Thread 0x00007fa34c838800 flushing nmethod 0x000000010a957110
Event: 140.754 Thread 0x00007fa34c838800 flushing nmethod 0x000000010a961790
Event: 140.754 Thread 0x00007fa34c838800 flushing nmethod 0x000000010a968550
Event: 140.754 Thread 0x00007fa34c838800 flushing nmethod 0x000000010a96a550


Dynamic libraries:
0x0000000007faa000 	/System/Library/Frameworks/Cocoa.framework/Versions/A/Cocoa
0x0000000007faa000 	/System/Library/Frameworks/Security.framework/Versions/A/Security
0x0000000007faa000 	/System/Library/Frameworks/ApplicationServices.framework/Versions/A/ApplicationServices
0x0000000007faa000 	/usr/lib/libz.1.dylib
0x0000000007faa000 	/usr/lib/libSystem.B.dylib
0x0000000007faa000 	/usr/lib/libobjc.A.dylib
0x0000000007faa000 	/System/Library/Frameworks/CoreFoundation.framework/Versions/A/CoreFoundation
0x0000000007faa000 	/System/Library/Frameworks/Foundation.framework/Versions/C/Foundation
0x0000000007faa000 	/System/Library/Frameworks/AppKit.framework/Versions/C/AppKit
0x0000000007faa000 	/System/Library/Frameworks/CoreData.framework/Versions/A/CoreData
0x0000000007faa000 	/System/Library/PrivateFrameworks/RemoteViewServices.framework/Versions/A/RemoteViewServices
0x0000000007faa000 	/System/Library/PrivateFrameworks/UIFoundation.framework/Versions/A/UIFoundation
0x0000000007faa000 	/usr/lib/libScreenReader.dylib
0x0000000007faa000 	/System/Library/Frameworks/Accelerate.framework/Versions/A/Accelerate
0x0000000007faa000 	/System/Library/Frameworks/IOSurface.framework/Versions/A/IOSurface
0x0000000007faa000 	/System/Library/Frameworks/AudioToolbox.framework/Versions/A/AudioToolbox
0x0000000007faa000 	/System/Library/Frameworks/AudioUnit.framework/Versions/A/AudioUnit
0x0000000007faa000 	/System/Library/PrivateFrameworks/DataDetectorsCore.framework/Versions/A/DataDetectorsCore
0x0000000007faa000 	/System/Library/PrivateFrameworks/DesktopServicesPriv.framework/Versions/A/DesktopServicesPriv
0x0000000007faa000 	/System/Library/Frameworks/Carbon.framework/Versions/A/Frameworks/HIToolbox.framework/Versions/A/HIToolbox
0x0000000007faa000 	/System/Library/Frameworks/QuartzCore.framework/Versions/A/QuartzCore
0x0000000007faa000 	/System/Library/Frameworks/Carbon.framework/Versions/A/Frameworks/SpeechRecognition.framework/Versions/A/SpeechRecognition
0x0000000007faa000 	/usr/lib/libauto.dylib
0x0000000007faa000 	/usr/lib/libicucore.A.dylib
0x0000000007faa000 	/usr/lib/libxml2.2.dylib
0x0000000007faa000 	/System/Library/PrivateFrameworks/CoreUI.framework/Versions/A/CoreUI
0x0000000007faa000 	/System/Library/Frameworks/CoreAudio.framework/Versions/A/CoreAudio
0x0000000007faa000 	/System/Library/Frameworks/DiskArbitration.framework/Versions/A/DiskArbitration
0x0000000007faa000 	/usr/lib/liblangid.dylib
0x0000000007faa000 	/System/Library/PrivateFrameworks/MultitouchSupport.framework/Versions/A/MultitouchSupport
0x0000000007faa000 	/System/Library/Frameworks/IOKit.framework/Versions/A/IOKit
0x0000000007faa000 	/usr/lib/libDiagnosticMessagesClient.dylib
0x0000000007faa000 	/System/Library/Frameworks/CoreServices.framework/Versions/A/CoreServices
0x0000000007faa000 	/System/Library/PrivateFrameworks/PerformanceAnalysis.framework/Versions/A/PerformanceAnalysis
0x0000000007faa000 	/System/Library/PrivateFrameworks/GenerationalStorage.framework/Versions/A/GenerationalStorage
0x0000000007faa000 	/System/Library/Frameworks/OpenGL.framework/Versions/A/OpenGL
0x0000000007faa000 	/System/Library/PrivateFrameworks/Sharing.framework/Versions/A/Sharing
0x0000000007faa000 	/System/Library/Frameworks/CoreGraphics.framework/Versions/A/CoreGraphics
0x0000000007faa000 	/System/Library/Frameworks/CoreImage.framework/Versions/A/CoreImage
0x0000000007faa000 	/System/Library/Frameworks/CoreText.framework/Versions/A/CoreText
0x0000000007faa000 	/System/Library/Frameworks/ImageIO.framework/Versions/A/ImageIO
0x0000000007faa000 	/System/Library/PrivateFrameworks/Backup.framework/Versions/A/Backup
0x0000000007faa000 	/usr/lib/libextension.dylib
0x0000000007faa000 	/usr/lib/libarchive.2.dylib
0x0000000007faa000 	/System/Library/Frameworks/CFNetwork.framework/Versions/A/CFNetwork
0x0000000007faa000 	/System/Library/Frameworks/SystemConfiguration.framework/Versions/A/SystemConfiguration
0x0000000007faa000 	/usr/lib/libCRFSuite.dylib
0x0000000007faa000 	/usr/lib/libc++.1.dylib
0x0000000007faa000 	/usr/lib/libc++abi.dylib
0x0000000007faa000 	/usr/lib/system/libcache.dylib
0x0000000007faa000 	/usr/lib/system/libcommonCrypto.dylib
0x0000000007faa000 	/usr/lib/system/libcompiler_rt.dylib
0x0000000007faa000 	/usr/lib/system/libcopyfile.dylib
0x0000000007faa000 	/usr/lib/system/libcorecrypto.dylib
0x0000000007faa000 	/usr/lib/system/libdispatch.dylib
0x0000000007faa000 	/usr/lib/system/libdyld.dylib
0x0000000007faa000 	/usr/lib/system/libkeymgr.dylib
0x0000000007faa000 	/usr/lib/system/liblaunch.dylib
0x0000000007faa000 	/usr/lib/system/libmacho.dylib
0x0000000007faa000 	/usr/lib/system/libquarantine.dylib
0x0000000007faa000 	/usr/lib/system/libremovefile.dylib
0x0000000007faa000 	/usr/lib/system/libsystem_asl.dylib
0x0000000007faa000 	/usr/lib/system/libsystem_blocks.dylib
0x0000000007faa000 	/usr/lib/system/libsystem_c.dylib
0x0000000007faa000 	/usr/lib/system/libsystem_configuration.dylib
0x0000000007faa000 	/usr/lib/system/libsystem_coreservices.dylib
0x0000000007faa000 	/usr/lib/system/libsystem_coretls.dylib
0x0000000007faa000 	/usr/lib/system/libsystem_dnssd.dylib
0x0000000007faa000 	/usr/lib/system/libsystem_info.dylib
0x0000000007faa000 	/usr/lib/system/libsystem_kernel.dylib
0x0000000007faa000 	/usr/lib/system/libsystem_m.dylib
0x0000000007faa000 	/usr/lib/system/libsystem_malloc.dylib
0x0000000007faa000 	/usr/lib/system/libsystem_network.dylib
0x0000000007faa000 	/usr/lib/system/libsystem_networkextension.dylib
0x0000000007faa000 	/usr/lib/system/libsystem_notify.dylib
0x0000000007faa000 	/usr/lib/system/libsystem_platform.dylib
0x0000000007faa000 	/usr/lib/system/libsystem_pthread.dylib
0x0000000007faa000 	/usr/lib/system/libsystem_sandbox.dylib
0x0000000007faa000 	/usr/lib/system/libsystem_secinit.dylib
0x0000000007faa000 	/usr/lib/system/libsystem_trace.dylib
0x0000000007faa000 	/usr/lib/system/libunc.dylib
0x0000000007faa000 	/usr/lib/system/libunwind.dylib
0x0000000007faa000 	/usr/lib/system/libxpc.dylib
0x0000000007faa000 	/usr/lib/libenergytrace.dylib
0x0000000007faa000 	/usr/lib/libbsm.0.dylib
0x0000000007faa000 	/usr/lib/system/libkxld.dylib
0x0000000007faa000 	/usr/lib/libxar.1.dylib
0x0000000007faa000 	/usr/lib/libsqlite3.dylib
0x0000000007faa000 	/usr/lib/libpam.2.dylib
0x0000000007faa000 	/usr/lib/libOpenScriptingUtil.dylib
0x0000000007faa000 	/usr/lib/libbz2.1.0.dylib
0x0000000007faa000 	/usr/lib/liblzma.5.dylib
0x0000000007faa000 	/System/Library/Frameworks/CoreServices.framework/Versions/A/Frameworks/FSEvents.framework/Versions/A/FSEvents
0x0000000007faa000 	/System/Library/Frameworks/CoreServices.framework/Versions/A/Frameworks/CarbonCore.framework/Versions/A/CarbonCore
0x0000000007faa000 	/System/Library/Frameworks/CoreServices.framework/Versions/A/Frameworks/Metadata.framework/Versions/A/Metadata
0x0000000007faa000 	/System/Library/Frameworks/CoreServices.framework/Versions/A/Frameworks/OSServices.framework/Versions/A/OSServices
0x0000000007faa000 	/System/Library/Frameworks/CoreServices.framework/Versions/A/Frameworks/SearchKit.framework/Versions/A/SearchKit
0x0000000007faa000 	/System/Library/Frameworks/CoreServices.framework/Versions/A/Frameworks/AE.framework/Versions/A/AE
0x0000000007faa000 	/System/Library/Frameworks/CoreServices.framework/Versions/A/Frameworks/LaunchServices.framework/Versions/A/LaunchServices
0x0000000007faa000 	/System/Library/Frameworks/CoreServices.framework/Versions/A/Frameworks/DictionaryServices.framework/Versions/A/DictionaryServices
0x0000000007faa000 	/System/Library/Frameworks/CoreServices.framework/Versions/A/Frameworks/SharedFileList.framework/Versions/A/SharedFileList
0x0000000007faa000 	/System/Library/Frameworks/NetFS.framework/Versions/A/NetFS
0x0000000007faa000 	/System/Library/PrivateFrameworks/NetAuth.framework/Versions/A/NetAuth
0x0000000007faa000 	/System/Library/PrivateFrameworks/login.framework/Versions/A/Frameworks/loginsupport.framework/Versions/A/loginsupport
0x0000000007faa000 	/System/Library/PrivateFrameworks/TCC.framework/Versions/A/TCC
0x0000000007faa000 	/usr/lib/libmecabra.dylib
0x0000000007faa000 	/System/Library/Frameworks/ApplicationServices.framework/Versions/A/Frameworks/ATS.framework/Versions/A/ATS
0x0000000007faa000 	/System/Library/Frameworks/ApplicationServices.framework/Versions/A/Frameworks/ColorSync.framework/Versions/A/ColorSync
0x0000000007faa000 	/System/Library/Frameworks/ApplicationServices.framework/Versions/A/Frameworks/HIServices.framework/Versions/A/HIServices
0x0000000007faa000 	/System/Library/Frameworks/ApplicationServices.framework/Versions/A/Frameworks/LangAnalysis.framework/Versions/A/LangAnalysis
0x0000000007faa000 	/System/Library/Frameworks/ApplicationServices.framework/Versions/A/Frameworks/PrintCore.framework/Versions/A/PrintCore
0x0000000007faa000 	/System/Library/Frameworks/ApplicationServices.framework/Versions/A/Frameworks/QD.framework/Versions/A/QD
0x0000000007faa000 	/System/Library/Frameworks/ApplicationServices.framework/Versions/A/Frameworks/SpeechSynthesis.framework/Versions/A/SpeechSynthesis
0x0000000007faa000 	/System/Library/Frameworks/Metal.framework/Versions/A/Metal
0x0000000007faa000 	/System/Library/Frameworks/Accelerate.framework/Versions/A/Frameworks/vImage.framework/Versions/A/vImage
0x0000000007faa000 	/System/Library/Frameworks/Accelerate.framework/Versions/A/Frameworks/vecLib.framework/Versions/A/vecLib
0x0000000007faa000 	/System/Library/Frameworks/Accelerate.framework/Versions/A/Frameworks/vecLib.framework/Versions/A/libvDSP.dylib
0x0000000007faa000 	/System/Library/Frameworks/Accelerate.framework/Versions/A/Frameworks/vecLib.framework/Versions/A/libvMisc.dylib
0x0000000007faa000 	/System/Library/Frameworks/Accelerate.framework/Versions/A/Frameworks/vecLib.framework/Versions/A/libLAPACK.dylib
0x0000000007faa000 	/System/Library/Frameworks/Accelerate.framework/Versions/A/Frameworks/vecLib.framework/Versions/A/libBLAS.dylib
0x0000000007faa000 	/System/Library/Frameworks/Accelerate.framework/Versions/A/Frameworks/vecLib.framework/Versions/A/libLinearAlgebra.dylib
0x0000000007faa000 	/System/Library/Frameworks/Accelerate.framework/Versions/A/Frameworks/vecLib.framework/Versions/A/libSparseBLAS.dylib
0x0000000007faa000 	/System/Library/PrivateFrameworks/GPUCompiler.framework/libmetal_timestamp.dylib
0x0000000007faa000 	/System/Library/Frameworks/OpenGL.framework/Versions/A/Libraries/libCoreFSCache.dylib
0x0000000007faa000 	/System/Library/PrivateFrameworks/IOAccelerator.framework/Versions/A/IOAccelerator
0x0000000007faa000 	/System/Library/Frameworks/ApplicationServices.framework/Versions/A/Frameworks/ATS.framework/Versions/A/Resources/libFontParser.dylib
0x0000000007faa000 	/System/Library/Frameworks/ApplicationServices.framework/Versions/A/Frameworks/ATS.framework/Versions/A/Resources/libFontRegistry.dylib
0x0000000007faa000 	/System/Library/PrivateFrameworks/AppleVPA.framework/Versions/A/AppleVPA
0x0000000007faa000 	/System/Library/PrivateFrameworks/AppleJPEG.framework/Versions/A/AppleJPEG
0x0000000007faa000 	/System/Library/Frameworks/ImageIO.framework/Versions/A/Resources/libJPEG.dylib
0x0000000007faa000 	/System/Library/Frameworks/ImageIO.framework/Versions/A/Resources/libTIFF.dylib
0x0000000007faa000 	/System/Library/Frameworks/ImageIO.framework/Versions/A/Resources/libPng.dylib
0x0000000007faa000 	/System/Library/Frameworks/ImageIO.framework/Versions/A/Resources/libGIF.dylib
0x0000000007faa000 	/System/Library/Frameworks/ImageIO.framework/Versions/A/Resources/libJP2.dylib
0x0000000007faa000 	/System/Library/Frameworks/ImageIO.framework/Versions/A/Resources/libRadiance.dylib
0x0000000007faa000 	/System/Library/Frameworks/CoreVideo.framework/Versions/A/CoreVideo
0x0000000007faa000 	/System/Library/Frameworks/OpenGL.framework/Versions/A/Libraries/libGLU.dylib
0x0000000007faa000 	/System/Library/Frameworks/OpenGL.framework/Versions/A/Libraries/libGFXShared.dylib
0x0000000007faa000 	/System/Library/Frameworks/OpenGL.framework/Versions/A/Libraries/libGL.dylib
0x0000000007faa000 	/System/Library/Frameworks/OpenGL.framework/Versions/A/Libraries/libGLImage.dylib
0x0000000007faa000 	/System/Library/Frameworks/OpenGL.framework/Versions/A/Libraries/libCVMSPluginSupport.dylib
0x0000000007faa000 	/System/Library/Frameworks/OpenGL.framework/Versions/A/Libraries/libCoreVMClient.dylib
0x0000000007faa000 	/usr/lib/libcompression.dylib
0x0000000007faa000 	/usr/lib/libcups.2.dylib
0x0000000007faa000 	/System/Library/Frameworks/Kerberos.framework/Versions/A/Kerberos
0x0000000007faa000 	/System/Library/Frameworks/GSS.framework/Versions/A/GSS
0x0000000007faa000 	/usr/lib/libresolv.9.dylib
0x0000000007faa000 	/usr/lib/libiconv.2.dylib
0x0000000007faa000 	/System/Library/PrivateFrameworks/Heimdal.framework/Versions/A/Heimdal
0x0000000007faa000 	/usr/lib/libheimdal-asn1.dylib
0x0000000007faa000 	/System/Library/Frameworks/OpenDirectory.framework/Versions/A/OpenDirectory
0x0000000007faa000 	/System/Library/PrivateFrameworks/CommonAuth.framework/Versions/A/CommonAuth
0x0000000007faa000 	/System/Library/Frameworks/OpenDirectory.framework/Versions/A/Frameworks/CFOpenDirectory.framework/Versions/A/CFOpenDirectory
0x0000000007faa000 	/System/Library/Frameworks/SecurityFoundation.framework/Versions/A/SecurityFoundation
0x0000000007faa000 	/System/Library/PrivateFrameworks/LanguageModeling.framework/Versions/A/LanguageModeling
0x0000000007faa000 	/usr/lib/libmarisa.dylib
0x0000000007faa000 	/usr/lib/libChineseTokenizer.dylib
0x0000000007faa000 	/usr/lib/libcmph.dylib
0x0000000007faa000 	/System/Library/Frameworks/ServiceManagement.framework/Versions/A/ServiceManagement
0x0000000007faa000 	/usr/lib/libxslt.1.dylib
0x0000000007faa000 	/System/Library/Frameworks/Carbon.framework/Versions/A/Frameworks/Ink.framework/Versions/A/Ink
0x0000000007faa000 	/usr/lib/libFosl_dynamic.dylib
0x0000000007faa000 	/System/Library/PrivateFrameworks/FaceCore.framework/Versions/A/FaceCore
0x0000000007faa000 	/System/Library/Frameworks/OpenCL.framework/Versions/A/OpenCL
0x0000000007faa000 	/System/Library/PrivateFrameworks/CrashReporterSupport.framework/Versions/A/CrashReporterSupport
0x0000000007faa000 	/System/Library/PrivateFrameworks/IconServices.framework/Versions/A/IconServices
0x0000000007faa000 	/System/Library/PrivateFrameworks/Apple80211.framework/Versions/A/Apple80211
0x0000000007faa000 	/System/Library/Frameworks/CoreWLAN.framework/Versions/A/CoreWLAN
0x0000000007faa000 	/System/Library/Frameworks/IOBluetooth.framework/Versions/A/IOBluetooth
0x0000000007faa000 	/System/Library/PrivateFrameworks/CoreWiFi.framework/Versions/A/CoreWiFi
0x0000000007faa000 	/System/Library/Frameworks/CoreBluetooth.framework/Versions/A/CoreBluetooth
0x0000000007faa000 	/System/Library/PrivateFrameworks/ChunkingLibrary.framework/Versions/A/ChunkingLibrary
0x0000000007faa000 	/System/Library/PrivateFrameworks/DebugSymbols.framework/Versions/A/DebugSymbols
0x0000000007faa000 	/System/Library/PrivateFrameworks/CoreSymbolication.framework/Versions/A/CoreSymbolication
0x0000000007faa000 	/System/Library/PrivateFrameworks/Symbolication.framework/Versions/A/Symbolication
0x0000000007faa000 	/System/Library/PrivateFrameworks/SpeechRecognitionCore.framework/Versions/A/SpeechRecognitionCore
0x0000000108b55000 	/Library/Java/JavaVirtualMachines/jdk1.8.0_60.jdk/Contents/Home/jre/lib/server/libjvm.dylib
0x0000000007faa000 	/usr/lib/libstdc++.6.dylib
0x0000000109ae2000 	/Library/Java/JavaVirtualMachines/jdk1.8.0_60.jdk/Contents/Home/jre/lib/libverify.dylib
0x0000000109af0000 	/Library/Java/JavaVirtualMachines/jdk1.8.0_60.jdk/Contents/Home/jre/lib/libjava.dylib
0x0000000109b2f000 	/Library/Java/JavaVirtualMachines/jdk1.8.0_60.jdk/Contents/Home/jre/lib/libzip.dylib
0x000000011d742000 	/System/Library/Frameworks/JavaVM.framework/Frameworks/JavaRuntimeSupport.framework/JavaRuntimeSupport
0x000000011d75d000 	/System/Library/Frameworks/JavaVM.framework/Versions/A/Frameworks/JavaNativeFoundation.framework/Versions/A/JavaNativeFoundation
0x0000000109bf0000 	/System/Library/Frameworks/JavaVM.framework/Versions/A/JavaVM
0x0000000007faa000 	/System/Library/Frameworks/Carbon.framework/Versions/A/Carbon
0x000000011d772000 	/System/Library/PrivateFrameworks/JavaLaunching.framework/Versions/A/JavaLaunching
0x0000000007faa000 	/System/Library/Frameworks/Carbon.framework/Versions/A/Frameworks/CommonPanels.framework/Versions/A/CommonPanels
0x0000000007faa000 	/System/Library/Frameworks/Carbon.framework/Versions/A/Frameworks/Help.framework/Versions/A/Help
0x0000000007faa000 	/System/Library/Frameworks/Carbon.framework/Versions/A/Frameworks/ImageCapture.framework/Versions/A/ImageCapture
0x0000000007faa000 	/System/Library/Frameworks/Carbon.framework/Versions/A/Frameworks/OpenScripting.framework/Versions/A/OpenScripting
0x0000000007faa000 	/System/Library/Frameworks/Carbon.framework/Versions/A/Frameworks/Print.framework/Versions/A/Print
0x0000000007faa000 	/System/Library/Frameworks/Carbon.framework/Versions/A/Frameworks/SecurityHI.framework/Versions/A/SecurityHI
0x000000011f1b3000 	/Applications/IntelliJ IDEA.app/Contents/bin/libbreakgen64.jnilib
0x000000011f1b6000 	/Library/Java/JavaVirtualMachines/jdk1.8.0_60.jdk/Contents/Home/jre/lib/libnet.dylib
0x000000011f2ab000 	/Library/Java/JavaVirtualMachines/jdk1.8.0_60.jdk/Contents/Home/jre/lib/libprism_es2.dylib
0x0000000007faa000 	/System/Library/Frameworks/OpenGL.framework/Versions/A/Resources/GLEngine.bundle/GLEngine
0x0000000007faa000 	/System/Library/Frameworks/OpenGL.framework/Versions/A/Libraries/libGLProgrammability.dylib
0x000000011f32d000 	/System/Library/Extensions/AppleIntelHD5000GraphicsGLDriver.bundle/Contents/MacOS/AppleIntelHD5000GraphicsGLDriver
0x0000000007faa000 	/System/Library/PrivateFrameworks/GPUSupport.framework/Versions/A/Libraries/libGPUSupportMercury.dylib
0x0000000007faa000 	/System/Library/Frameworks/OpenGL.framework/Versions/A/Resources/GLRendererFloat.bundle/GLRendererFloat
0x0000000007faa000 	/System/Library/Frameworks/OpenCL.framework/Versions/A/Libraries/libcldcpuengine.dylib
0x0000000007faa000 	/System/Library/PrivateFrameworks/DiskImages.framework/Versions/A/DiskImages
0x0000000007faa000 	/System/Library/Frameworks/DiscRecording.framework/Versions/A/DiscRecording
0x0000000007faa000 	/usr/lib/libcsfde.dylib
0x0000000007faa000 	/usr/lib/libcurl.4.dylib
0x0000000007faa000 	/System/Library/PrivateFrameworks/MediaKit.framework/Versions/A/MediaKit
0x0000000007faa000 	/System/Library/PrivateFrameworks/ProtectedCloudStorage.framework/Versions/A/ProtectedCloudStorage
0x0000000007faa000 	/usr/lib/libCoreStorage.dylib
0x0000000007faa000 	/System/Library/PrivateFrameworks/EFILogin.framework/Versions/A/EFILogin
0x0000000007faa000 	/usr/lib/libutil.dylib
0x0000000007faa000 	/System/Library/PrivateFrameworks/FindMyDevice.framework/Versions/A/FindMyDevice
0x0000000007faa000 	/System/Library/Frameworks/LDAP.framework/Versions/A/LDAP
0x0000000007faa000 	/usr/lib/libsasl2.2.dylib
0x0000000007faa000 	/System/Library/PrivateFrameworks/CoreDaemon.framework/Versions/B/CoreDaemon
0x0000000007faa000 	/usr/lib/libcrypto.0.9.8.dylib
0x0000000007faa000 	/System/Library/PrivateFrameworks/AppleSRP.framework/Versions/A/AppleSRP
0x0000000007faa000 	/System/Library/PrivateFrameworks/TrustEvaluationAgent.framework/Versions/A/TrustEvaluationAgent
0x000000011feaf000 	/Library/Java/JavaVirtualMachines/jdk1.8.0_60.jdk/Contents/Home/jre/lib/libglass.dylib
0x0000000007faa000 	/System/Library/PrivateFrameworks/CoreServicesInternal.framework/Versions/A/CoreServicesInternal
0x0000000007faa000 	/System/Library/CoreServices/RawCamera.bundle/Contents/MacOS/RawCamera
0x0000000007faa000 	/System/Library/Frameworks/CoreGraphics.framework/Versions/A/Resources/libRIP.A.dylib
0x0000000007faa000 	/System/Library/Frameworks/Accelerate.framework/Versions/A/Frameworks/vImage.framework/Versions/A/Libraries/libCGInterfaces.dylib
0x0000000007faa000 	/System/Library/PrivateFrameworks/FamilyControls.framework/Versions/A/FamilyControls
0x0000000007faa000 	/System/Library/PrivateFrameworks/CommerceKit.framework/Versions/A/Frameworks/CommerceCore.framework/Versions/A/CommerceCore
0x0000000007faa000 	/System/Library/PrivateFrameworks/SystemAdministration.framework/Versions/A/SystemAdministration
0x0000000007faa000 	/System/Library/PrivateFrameworks/AppContainer.framework/Versions/A/AppContainer
0x0000000007faa000 	/System/Library/PrivateFrameworks/SecCodeWrapper.framework/Versions/A/SecCodeWrapper
0x0000000007faa000 	/System/Library/Frameworks/DirectoryService.framework/Versions/A/DirectoryService
0x0000000007faa000 	/System/Library/PrivateFrameworks/LoginUIKit.framework/Versions/A/Frameworks/LoginUICore.framework/Versions/A/LoginUICore
0x0000000007faa000 	/usr/lib/libodfde.dylib
0x0000000123259000 	/Library/Java/JavaVirtualMachines/jdk1.8.0_60.jdk/Contents/Home/jre/lib/libjavafx_font.dylib
0x0000000007faa000 	/System/Library/Frameworks/CoreGraphics.framework/Versions/A/Resources/libCGXType.A.dylib
0x0000000123500000 	/Library/Java/JavaVirtualMachines/jdk1.8.0_60.jdk/Contents/Home/jre/lib/libjsound.dylib
0x0000000123513000 	/System/Library/Frameworks/CoreMIDI.framework/Versions/A/CoreMIDI
0x0000000123573000 	/usr/lib/libexpat.1.dylib
0x0000000123596000 	/System/Library/Extensions/AppleHDA.kext/Contents/PlugIns/AppleHDAHALPlugIn.bundle/Contents/MacOS/AppleHDAHALPlugIn
0x00000001237a4000 	/System/Library/Components/CoreAudio.component/Contents/MacOS/CoreAudio
0x0000000125d7a000 	cl_kernels
0x0000000007faa000 	/System/Library/Frameworks/OpenCL.framework/Versions/A/Libraries/ImageFormats/unorm8_bgra.dylib
0x0000000007faa000 	/System/Library/Frameworks/OpenCL.framework/Versions/A/Libraries/ImageFormats/unorm8_rgba.dylib
0x0000000120e21000 	/Library/Java/JavaVirtualMachines/jdk1.8.0_60.jdk/Contents/Home/jre/lib/libprism_common.dylib
0x0000000126c69000 	/System/Library/Extensions/AppleIntelHD5000GraphicsMTLDriver.bundle/Contents/MacOS/AppleIntelHD5000GraphicsMTLDriver
0x0000000123611000 	/Library/Java/JavaVirtualMachines/jdk1.8.0_60.jdk/Contents/Home/jre/lib/libawt.dylib
0x00000001236b9000 	/Library/Java/JavaVirtualMachines/jdk1.8.0_60.jdk/Contents/Home/jre/lib/./libmlib_image.dylib
0x00000001295f6000 	/Library/Java/JavaVirtualMachines/jdk1.8.0_60.jdk/Contents/Home/jre/lib/libawt_lwawt.dylib
0x0000000123785000 	/Library/Java/JavaVirtualMachines/jdk1.8.0_60.jdk/Contents/Home/jre/lib/./libosxapp.dylib
0x0000000007faa000 	/System/Library/Frameworks/ExceptionHandling.framework/Versions/A/ExceptionHandling
0x0000000129ecb000 	/Library/Java/JavaVirtualMachines/jdk1.8.0_60.jdk/Contents/Home/jre/lib/libfontmanager.dylib
0x0000000129f32000 	/Library/Java/JavaVirtualMachines/jdk1.8.0_60.jdk/Contents/Home/jre/lib/libosxui.dylib
0x000000012cd79000 	/Library/Java/JavaVirtualMachines/jdk1.8.0_60.jdk/Contents/Home/jre/lib/libnio.dylib
0x0000000007faa000 	/System/Library/Frameworks/ApplicationServices.framework/Versions/A/Frameworks/ATS.framework/Versions/A/Resources/libTrueTypeScaler.dylib

VM Arguments:
jvm_args: -Didea.launcher.port=7536 -Didea.launcher.bin.path=/Applications/IntelliJ IDEA.app/Contents/bin -Dfile.encoding=UTF-8 
java_command: com.intellij.rt.execution.application.AppMain edu.virginia.menu.StartMenu
java_class_path (initial): /Users/austinchang/github/Game_Design_Four_Horsemen/bin:/Library/Java/JavaVirtualMachines/jdk1.8.0_60.jdk/Contents/Home/jre/lib/charsets.jar:/Library/Java/JavaVirtualMachines/jdk1.8.0_60.jdk/Contents/Home/jre/lib/deploy.jar:/Library/Java/JavaVirtualMachines/jdk1.8.0_60.jdk/Contents/Home/jre/lib/ext/cldrdata.jar:/Library/Java/JavaVirtualMachines/jdk1.8.0_60.jdk/Contents/Home/jre/lib/ext/dnsns.jar:/Library/Java/JavaVirtualMachines/jdk1.8.0_60.jdk/Contents/Home/jre/lib/ext/jaccess.jar:/Library/Java/JavaVirtualMachines/jdk1.8.0_60.jdk/Contents/Home/jre/lib/ext/jfxrt.jar:/Library/Java/JavaVirtualMachines/jdk1.8.0_60.jdk/Contents/Home/jre/lib/ext/localedata.jar:/Library/Java/JavaVirtualMachines/jdk1.8.0_60.jdk/Contents/Home/jre/lib/ext/nashorn.jar:/Library/Java/JavaVirtualMachines/jdk1.8.0_60.jdk/Contents/Home/jre/lib/ext/sunec.jar:/Library/Java/JavaVirtualMachines/jdk1.8.0_60.jdk/Contents/Home/jre/lib/ext/sunjce_provider.jar:/Library/Java/JavaVirtualMachines/jdk1.8.0_60.jdk/Contents/Home/jre/lib/ext/sunpkcs11.jar:/Library/Java/JavaVirtualMachines/jdk1.8.0_60.jdk/Contents/Home/jre/lib/ext/zipfs.jar:/Library/Java/JavaVirtualMachines/jdk1.8.0_60.jdk/Contents/Home/jre/lib/javaws.jar:/Library/Java/JavaVirtualMachines/jdk1.8.0_60.jdk/Contents/Home/jre/lib/jce.jar:/Library/Java/JavaVirtualMachines/jdk1.8.0_60.jdk/Contents/Home/jre/lib/jfr.jar:/Library/Java/JavaVirtualMachines/jdk1.8.0_60.jdk/Contents/Home/jre/lib/jfxswt.jar:/Library/Java/JavaVirtualMachines/jdk1.8.0_60.jdk/Contents/Home/jre/lib/jsse.jar:/Library/Java/JavaVirtualMachines/jdk1.8.0_60.jdk/Contents/Home/jre/lib/management-agent.jar:/Library/Java/JavaVirtualMachines/jdk1.8.0_60.jdk/Contents/Home/jre/lib/plugin.jar:/Library/Java/JavaVirtualMachines/jdk1.8.0_60.jdk/Contents/Home/jre/lib/resources.jar:/Library/Java/JavaVirtualMachines/jdk1.8.0_60.jdk/Contents/Home/jre/lib/rt.jar:/Library/Java/JavaVirtualMachines/jdk1.8.0_60.jdk/Contents/Home/lib/ant-javafx.jar:/Library/Java/JavaVirtualMachi
Launcher Type: SUN_STANDARD

Environment Variables:
CLASSPATH=:/Users/austinchang/java/junit-4.12.jar:/Users/austinchang/java/hamcrest-core-1.3.jar
PATH=/usr/bin:/bin:/usr/sbin:/sbin:/usr/local/bin:/opt/X11/bin:/Library/TeX/texbin:/Users/austinchang/java
SHELL=/bin/bash
DISPLAY=/private/tmp/com.apple.launchd.DG0rtzkw7i/org.macosforge.xquartz:0

Signal Handlers:
SIGSEGV: [libjvm.dylib+0x5a6d31], sa_mask[0]=11111111011111110111111111111111, sa_flags=SA_ONSTACK|SA_RESTART|SA_SIGINFO
SIGBUS: [libjvm.dylib+0x5a6d31], sa_mask[0]=11111111011111110111111111111111, sa_flags=SA_RESTART|SA_SIGINFO
SIGFPE: [libjvm.dylib+0x480a4c], sa_mask[0]=11111111011111110111111111111111, sa_flags=SA_RESTART|SA_SIGINFO
SIGPIPE: [libjvm.dylib+0x480a4c], sa_mask[0]=11111111011111110111111111111111, sa_flags=SA_RESTART|SA_SIGINFO
SIGXFSZ: [libjvm.dylib+0x480a4c], sa_mask[0]=11111111011111110111111111111111, sa_flags=SA_RESTART|SA_SIGINFO
SIGILL: [libjvm.dylib+0x480a4c], sa_mask[0]=11111111011111110111111111111111, sa_flags=SA_RESTART|SA_SIGINFO
SIGUSR1: SIG_DFL, sa_mask[0]=00000000000000000000000000000000, sa_flags=none
SIGUSR2: [libjvm.dylib+0x48056a], sa_mask[0]=00100000000000000000000000000000, sa_flags=SA_RESTART|SA_SIGINFO
SIGHUP: [libjvm.dylib+0x47eb41], sa_mask[0]=11111111011111110111111111111111, sa_flags=SA_RESTART|SA_SIGINFO
SIGINT: [libjvm.dylib+0x47eb41], sa_mask[0]=11111111011111110111111111111111, sa_flags=SA_RESTART|SA_SIGINFO
SIGTERM: [libjvm.dylib+0x47eb41], sa_mask[0]=11111111011111110111111111111111, sa_flags=SA_RESTART|SA_SIGINFO
SIGQUIT: [libjvm.dylib+0x47eb41], sa_mask[0]=11111111011111110111111111111111, sa_flags=SA_RESTART|SA_SIGINFO


---------------  S Y S T E M  ---------------

OS:Bsduname:Darwin 15.6.0 Darwin Kernel Version 15.6.0: Mon Aug 29 20:21:34 PDT 2016; root:xnu-3248.60.11~1/RELEASE_X86_64 x86_64
rlimit: STACK 8192k, CORE 0k, NPROC 709, NOFILE 10240, AS infinity
load average:1.82 1.97 1.92

CPU:total 4 (2 cores per cpu, 2 threads per core) family 6 model 69 stepping 1, cmov, cx8, fxsr, mmx, sse, sse2, sse3, ssse3, sse4.1, sse4.2, popcnt, avx, avx2, aes, clmul, erms, lzcnt, ht, tsc, tscinvbit, bmi1, bmi2

Memory: 4k page, physical 4194304k(62248k free)

/proc/meminfo:


vm_info: Java HotSpot(TM) 64-Bit Server VM (25.60-b23) for bsd-amd64 JRE (1.8.0_60-b27), built on Aug  4 2015 10:47:24 by "java_re" with gcc 4.2.1 (Based on Apple Inc. build 5658) (LLVM build 2336.11.00)

time: Mon Apr 24 15:35:21 2017
elapsed time: 140 seconds (0d 0h 2m 20s)

