#
# A fatal error has been detected by the Java Runtime Environment:
#
#  SIGSEGV (0xb) at pc=0x00000001069e72ce, pid=1071, tid=2571
#
# JRE version: Java(TM) SE Runtime Environment (8.0_60-b27) (build 1.8.0_60-b27)
# Java VM: Java HotSpot(TM) 64-Bit Server VM (25.60-b23 mixed mode bsd-amd64 compressed oops)
# Problematic frame:
# V  [libjvm.dylib+0x1692ce]  ThreadStateTransition::trans_from_native(JavaThreadState)+0xa
#
# Failed to write core dump. Core dumps have been disabled. To enable core dumping, try "ulimit -c unlimited" before starting Java again
#
# If you would like to submit a bug report, please visit:
#   http://bugreport.java.com/bugreport/crash.jsp
#

---------------  T H R E A D  ---------------

Current thread is native thread

siginfo: si_signo: 11 (SIGSEGV), si_code: 1 (SEGV_MAPERR), si_addr: 0x0000000000000270

Registers:
RAX=0x0000000000000000, RBX=0x0000000000000000, RCX=0x0000000106b8f21b, RDX=0x00007f98849a71f8
RSP=0x00007fff595f9790, RBP=0x00007fff595f97a0, RSI=0x0000000000000006, RDI=0x00007fff595f97e0
R8 =0x0000000000000000, R9 =0x0000000000000000, R10=0x00007f98854558a0, R11=0x000000011b48cea0
R12=0x00007f98849a71f8, R13=0x0000000121237890, R14=0x00007f98849a71f8, R15=0x0000000000000000
RIP=0x00000001069e72ce, EFLAGS=0x0000000000010246, ERR=0x0000000000000006
  TRAPNO=0x000000000000000e

Top of Stack: (sp=0x00007fff595f9790)
0x00007fff595f9790:   00007f9882f9a4d0 00007f98849a71f8
0x00007fff595f97a0:   00007fff595f9800 0000000106b8f24b
0x00007fff595f97b0:   de001e40e9de5285 0000000000000000
0x00007fff595f97c0:   00007f988490a000 00007f988543fe60
0x00007fff595f97d0:   00007fff595f9800 00000001256776e9
0x00007fff595f97e0:   0000000000000000 00007f9885505bc0
0x00007fff595f97f0:   00007f988490a000 00007f988543fe60
0x00007fff595f9800:   00007fff595f9860 00000001255d7ebb
0x00007fff595f9810:   de001e40e9de5285 0000000000000000
0x00007fff595f9820:   409ab2415d51c853 00007f98854408e0
0x00007fff595f9830:   00007fff595f9860 00007fff9c8c04c0
0x00007fff595f9840:   0000000000000000 0000000121237890
0x00007fff595f9850:   00007f988543fe60 00007f98854408e0
0x00007fff595f9860:   00007fff595f98c0 00007fff920a5793
0x00007fff595f9870:   000002ba00000004 0000000000000000
0x00007fff595f9880:   00007f988543fe60 0000000000000000
0x00007fff595f9890:   409ab2415d51c853 00007fff9c8c04c0
0x00007fff595f98a0:   00007f9882dbf1b0 00007f988543fe60
0x00007fff595f98b0:   0000000000000004 0000000000000000
0x00007fff595f98c0:   00007fff595f9930 00007fff920a533d
0x00007fff595f98d0:   3ff0000000000000 4094000000000000
0x00007fff595f98e0:   4085d00000000000 0000000000000000
0x00007fff595f98f0:   0000000000000000 4094000000000000
0x00007fff595f9900:   4085d00000000000 00007fff595f9a10
0x00007fff595f9910:   0000000121238f28 00007fff9300c6b2
0x00007fff595f9920:   0000000000000001 0000000121238e80
0x00007fff595f9930:   00007fff595faa10 00007fff920494a5
0x00007fff595f9940:   00007fff595faa10 00007fff92049367
0x00007fff595f9950:   00007fff595f9970 00007fff6407f672
0x00007fff595f9960:   0000000121238f28 0000000121238f28
0x00007fff595f9970:   0000000121238e80 0000000000000000
0x00007fff595f9980:   00007f9884100e00 00007fff595f9940 

Instructions: (pc=0x00000001069e72ce)
0x00000001069e72ae:   0e 48 8b 0b 49 8b 56 18 48 63 c0 48 89 0c c2 5b
0x00000001069e72be:   41 5e 5d c3 90 90 55 48 89 e5 41 56 53 48 8b 1f
0x00000001069e72ce:   c7 83 70 02 00 00 05 00 00 00 48 8d 05 d9 50 77
0x00000001069e72de:   00 8b 00 83 f8 01 41 89 f6 75 0c 48 8d 0d 16 b8 

Register to memory mapping:

RAX=0x0000000000000000 is an unknown value
RBX=0x0000000000000000 is an unknown value
RCX=0x0000000106b8f21b: jni_NewLocalRef+0 in /Library/Java/JavaVirtualMachines/jdk1.8.0_60.jdk/Contents/Home/jre/lib/server/libjvm.dylib at 0x000000010687e000
RDX=0x00007f98849a71f8 is an unknown value
RSP=0x00007fff595f9790 is an unknown value
RBP=0x00007fff595f97a0 is an unknown value
RSI=0x0000000000000006 is an unknown value
RDI=0x00007fff595f97e0 is an unknown value
R8 =0x0000000000000000 is an unknown value
R9 =0x0000000000000000 is an unknown value
R10=0x00007f98854558a0 is an unknown value
R11=0x000000011b48cea0: OBJC_CLASS_$_JNFJObjectWrapper+0 in /System/Library/Frameworks/JavaVM.framework/Versions/A/Frameworks/JavaNativeFoundation.framework/Versions/A/JavaNativeFoundation at 0x000000011b482000
R12=0x00007f98849a71f8 is an unknown value
R13=0x0000000121237890 is an unknown value
R14=0x00007f98849a71f8 is an unknown value
R15=0x0000000000000000 is an unknown value


Stack: [0x00007fff58dfe000,0x00007fff595fe000],  sp=0x00007fff595f9790,  free space=8173k
Native frames: (J=compiled Java code, j=interpreted, Vv=VM code, C=native code)
V  [libjvm.dylib+0x1692ce]  ThreadStateTransition::trans_from_native(JavaThreadState)+0xa
V  [libjvm.dylib+0x31124b]  jni_NewLocalRef+0x30
C  [libawt_lwawt.dylib+0x19ebb]  -[CGLLayer drawInCGLContext:pixelFormat:forLayerTime:displayTime:]+0xee
C  [QuartzCore+0x6d793]  CAOpenGLLayerDraw(CAOpenGLLayer*, double, CVTimeStamp const*, unsigned int)+0x2ca
C  [QuartzCore+0x6d33d]  -[CAOpenGLLayer _display]+0x160
C  [QuartzCore+0x114a5]  CA::Layer::display_if_needed(CA::Transaction*)+0x25b
C  [QuartzCore+0x10fcd]  CA::Layer::layout_and_display_if_needed(CA::Transaction*)+0x23
C  [QuartzCore+0x104a1]  CA::Context::commit_transaction(CA::Transaction*)+0x115
C  [QuartzCore+0x100ec]  CA::Transaction::commit()+0x1fc
C  [QuartzCore+0x1b977]  CA::Transaction::observer_callback(__CFRunLoopObserver*, unsigned long, void*)+0x47
C  [CoreFoundation+0xaa067]  __CFRUNLOOP_IS_CALLING_OUT_TO_AN_OBSERVER_CALLBACK_FUNCTION__+0x17
C  [CoreFoundation+0xa9fd7]  __CFRunLoopDoObservers+0x187
C  [CoreFoundation+0x895da]  __CFRunLoopRun+0x49a
C  [CoreFoundation+0x88ed8]  CFRunLoopRunSpecific+0x128
C  [java+0x6463]  CreateExecutionEnvironment+0x367
C  [java+0x21ac]  JLI_Launch+0x7a0
C  [java+0x84c0]  main+0x65
C  [java+0x1a04]  start+0x34


---------------  P R O C E S S  ---------------

VM state:not at safepoint (normal execution)

VM Mutex/Monitor currently owned by a thread: None

Heap:
 PSYoungGen      total 18944K, used 3605K [0x00000007aab00000, 0x00000007acf00000, 0x00000007c0000000)
  eden space 16384K, 6% used [0x00000007aab00000,0x00000007aac0a0b8,0x00000007abb00000)
  from space 2560K, 99% used [0x00000007abb00000,0x00000007abd7b610,0x00000007abd80000)
  to   space 10240K, 0% used [0x00000007ac500000,0x00000007ac500000,0x00000007acf00000)
 ParOldGen       total 44032K, used 9456K [0x0000000780000000, 0x0000000782b00000, 0x00000007aab00000)
  object space 44032K, 21% used [0x0000000780000000,0x000000078093c1a0,0x0000000782b00000)
 Metaspace       used 19261K, capacity 19914K, committed 20096K, reserved 1067008K
  class space    used 2514K, capacity 2688K, committed 2688K, reserved 1048576K

Card table byte_map: [0x00000001175c0000,0x00000001177c1000] byte_map_base: 0x00000001139c0000

Marking Bits: (ParMarkBitMap*) 0x000000010715ce20
 Begin Bits: [0x00000001177c1000, 0x00000001187c1000)
 End Bits:   [0x00000001187c1000, 0x00000001197c1000)

Polling page: 0x000000010784e000

CodeCache: size=245760Kb used=7036Kb max_used=7036Kb free=238723Kb
 bounds [0x0000000108200000, 0x00000001088f0000, 0x0000000117200000]
 total_blobs=2917 nmethods=2109 adapters=721
 compilation: enabled

Compilation events (10 events):
Event: 24.583 Thread 0x00007f9884032800 2159       3       jdk.internal.org.objectweb.asm.MethodWriter::visitFieldInsn (248 bytes)
Event: 24.584 Thread 0x00007f9884032800 nmethod 2159 0x00000001088dcd50 code [0x00000001088dcf40, 0x00000001088dd818]
Event: 24.584 Thread 0x00007f9884032800 2160       3       jdk.internal.org.objectweb.asm.ClassWriter::newFieldItem (77 bytes)
Event: 24.584 Thread 0x00007f9884032800 nmethod 2160 0x00000001088ddc10 code [0x00000001088dde00, 0x00000001088de418]
Event: 24.592 Thread 0x00007f9884032800 2161       3       sun.awt.SunToolkit::postEvent (157 bytes)
Event: 24.596 Thread 0x00007f9884032800 nmethod 2161 0x00000001088de810 code [0x00000001088debc0, 0x00000001088e0f88]
Event: 24.596 Thread 0x00007f9884032800 2162       3       sun.awt.AWTAccessor::getSequencedEventAccessor (4 bytes)
Event: 24.596 Thread 0x00007f9884032800 nmethod 2162 0x00000001088d9e90 code [0x00000001088d9fe0, 0x00000001088da130]
Event: 24.596 Thread 0x00007f9884032800 2163       3       java.lang.invoke.MethodHandles$Lookup::getDirectMethodCommon (271 bytes)
Event: 24.598 Thread 0x00007f9884032800 nmethod 2163 0x00000001088e1ed0 code [0x00000001088e21e0, 0x00000001088e3c58]

GC Heap History (10 events):
Event: 1.030 GC heap before
{Heap before GC invocations=1 (full 0):
 PSYoungGen      total 18944K, used 16384K [0x00000007aab00000, 0x00000007ac000000, 0x00000007c0000000)
  eden space 16384K, 100% used [0x00000007aab00000,0x00000007abb00000,0x00000007abb00000)
  from space 2560K, 0% used [0x00000007abd80000,0x00000007abd80000,0x00000007ac000000)
  to   space 2560K, 0% used [0x00000007abb00000,0x00000007abb00000,0x00000007abd80000)
 ParOldGen       total 44032K, used 0K [0x0000000780000000, 0x0000000782b00000, 0x00000007aab00000)
  object space 44032K, 0% used [0x0000000780000000,0x0000000780000000,0x0000000782b00000)
 Metaspace       used 8776K, capacity 9088K, committed 9216K, reserved 1056768K
  class space    used 1152K, capacity 1229K, committed 1280K, reserved 1048576K
Event: 1.035 GC heap after
Heap after GC invocations=1 (full 0):
 PSYoungGen      total 18944K, used 2533K [0x00000007aab00000, 0x00000007ac000000, 0x00000007c0000000)
  eden space 16384K, 0% used [0x00000007aab00000,0x00000007aab00000,0x00000007abb00000)
  from space 2560K, 98% used [0x00000007abb00000,0x00000007abd79500,0x00000007abd80000)
  to   space 2560K, 0% used [0x00000007abd80000,0x00000007abd80000,0x00000007ac000000)
 ParOldGen       total 44032K, used 64K [0x0000000780000000, 0x0000000782b00000, 0x00000007aab00000)
  object space 44032K, 0% used [0x0000000780000000,0x0000000780010000,0x0000000782b00000)
 Metaspace       used 8776K, capacity 9088K, committed 9216K, reserved 1056768K
  class space    used 1152K, capacity 1229K, committed 1280K, reserved 1048576K
}
Event: 12.776 GC heap before
{Heap before GC invocations=2 (full 0):
 PSYoungGen      total 18944K, used 18917K [0x00000007aab00000, 0x00000007ac000000, 0x00000007c0000000)
  eden space 16384K, 100% used [0x00000007aab00000,0x00000007abb00000,0x00000007abb00000)
  from space 2560K, 98% used [0x00000007abb00000,0x00000007abd79500,0x00000007abd80000)
  to   space 2560K, 0% used [0x00000007abd80000,0x00000007abd80000,0x00000007ac000000)
 ParOldGen       total 44032K, used 64K [0x0000000780000000, 0x0000000782b00000, 0x00000007aab00000)
  object space 44032K, 0% used [0x0000000780000000,0x0000000780010000,0x0000000782b00000)
 Metaspace       used 17499K, capacity 18070K, committed 18176K, reserved 1064960K
  class space    used 2357K, capacity 2502K, committed 2560K, reserved 1048576K
Event: 12.792 GC heap after
Heap after GC invocations=2 (full 0):
 PSYoungGen      total 18944K, used 2534K [0x00000007aab00000, 0x00000007ac000000, 0x00000007c0000000)
  eden space 16384K, 0% used [0x00000007aab00000,0x00000007aab00000,0x00000007abb00000)
  from space 2560K, 99% used [0x00000007abd80000,0x00000007abff9af0,0x00000007ac000000)
  to   space 2560K, 0% used [0x00000007abb00000,0x00000007abb00000,0x00000007abd80000)
 ParOldGen       total 44032K, used 7359K [0x0000000780000000, 0x0000000782b00000, 0x00000007aab00000)
  object space 44032K, 16% used [0x0000000780000000,0x000000078072fc30,0x0000000782b00000)
 Metaspace       used 17499K, capacity 18070K, committed 18176K, reserved 1064960K
  class space    used 2357K, capacity 2502K, committed 2560K, reserved 1048576K
}
Event: 16.763 GC heap before
{Heap before GC invocations=3 (full 0):
 PSYoungGen      total 18944K, used 18918K [0x00000007aab00000, 0x00000007ac000000, 0x00000007c0000000)
  eden space 16384K, 100% used [0x00000007aab00000,0x00000007abb00000,0x00000007abb00000)
  from space 2560K, 99% used [0x00000007abd80000,0x00000007abff9af0,0x00000007ac000000)
  to   space 2560K, 0% used [0x00000007abb00000,0x00000007abb00000,0x00000007abd80000)
 ParOldGen       total 44032K, used 7359K [0x0000000780000000, 0x0000000782b00000, 0x00000007aab00000)
  object space 44032K, 16% used [0x0000000780000000,0x000000078072fc30,0x0000000782b00000)
 Metaspace       used 18937K, capacity 19544K, committed 19840K, reserved 1067008K
  class space    used 2507K, capacity 2677K, committed 2688K, reserved 1048576K
Event: 16.774 GC heap after
Heap after GC invocations=3 (full 0):
 PSYoungGen      total 18944K, used 2533K [0x00000007aab00000, 0x00000007ac000000, 0x00000007c0000000)
  eden space 16384K, 0% used [0x00000007aab00000,0x00000007aab00000,0x00000007abb00000)
  from space 2560K, 98% used [0x00000007abb00000,0x00000007abd79510,0x00000007abd80000)
  to   space 2560K, 0% used [0x00000007abd80000,0x00000007abd80000,0x00000007ac000000)
 ParOldGen       total 44032K, used 9384K [0x0000000780000000, 0x0000000782b00000, 0x00000007aab00000)
  object space 44032K, 21% used [0x0000000780000000,0x000000078092a1a0,0x0000000782b00000)
 Metaspace       used 18937K, capacity 19544K, committed 19840K, reserved 1067008K
  class space    used 2507K, capacity 2677K, committed 2688K, reserved 1048576K
}
Event: 20.719 GC heap before
{Heap before GC invocations=4 (full 0):
 PSYoungGen      total 18944K, used 18917K [0x00000007aab00000, 0x00000007ac000000, 0x00000007c0000000)
  eden space 16384K, 100% used [0x00000007aab00000,0x00000007abb00000,0x00000007abb00000)
  from space 2560K, 98% used [0x00000007abb00000,0x00000007abd79510,0x00000007abd80000)
  to   space 2560K, 0% used [0x00000007abd80000,0x00000007abd80000,0x00000007ac000000)
 ParOldGen       total 44032K, used 9384K [0x0000000780000000, 0x0000000782b00000, 0x00000007aab00000)
  object space 44032K, 21% used [0x0000000780000000,0x000000078092a1a0,0x0000000782b00000)
 Metaspace       used 19084K, capacity 19672K, committed 19840K, reserved 1067008K
  class space    used 2507K, capacity 2677K, committed 2688K, reserved 1048576K
Event: 20.727 GC heap after
Heap after GC invocations=4 (full 0):
 PSYoungGen      total 18944K, used 2549K [0x00000007aab00000, 0x00000007ac000000, 0x00000007c0000000)
  eden space 16384K, 0% used [0x00000007aab00000,0x00000007aab00000,0x00000007abb00000)
  from space 2560K, 99% used [0x00000007abd80000,0x00000007abffd520,0x00000007ac000000)
  to   space 2560K, 0% used [0x00000007abb00000,0x00000007abb00000,0x00000007abd80000)
 ParOldGen       total 44032K, used 9416K [0x0000000780000000, 0x0000000782b00000, 0x00000007aab00000)
  object space 44032K, 21% used [0x0000000780000000,0x00000007809321a0,0x0000000782b00000)
 Metaspace       used 19084K, capacity 19672K, committed 19840K, reserved 1067008K
  class space    used 2507K, capacity 2677K, committed 2688K, reserved 1048576K
}
Event: 24.571 GC heap before
{Heap before GC invocations=5 (full 0):
 PSYoungGen      total 18944K, used 18933K [0x00000007aab00000, 0x00000007ac000000, 0x00000007c0000000)
  eden space 16384K, 100% used [0x00000007aab00000,0x00000007abb00000,0x00000007abb00000)
  from space 2560K, 99% used [0x00000007abd80000,0x00000007abffd520,0x00000007ac000000)
  to   space 2560K, 0% used [0x00000007abb00000,0x00000007abb00000,0x00000007abd80000)
 ParOldGen       total 44032K, used 9416K [0x0000000780000000, 0x0000000782b00000, 0x00000007aab00000)
  object space 44032K, 21% used [0x0000000780000000,0x00000007809321a0,0x0000000782b00000)
 Metaspace       used 19218K, capacity 19800K, committed 20096K, reserved 1067008K
  class space    used 2507K, capacity 2677K, committed 2688K, reserved 1048576K
Event: 24.577 GC heap after
Heap after GC invocations=5 (full 0):
 PSYoungGen      total 18944K, used 2541K [0x00000007aab00000, 0x00000007acf00000, 0x00000007c0000000)
  eden space 16384K, 0% used [0x00000007aab00000,0x00000007aab00000,0x00000007abb00000)
  from space 2560K, 99% used [0x00000007abb00000,0x00000007abd7b610,0x00000007abd80000)
  to   space 10240K, 0% used [0x00000007ac500000,0x00000007ac500000,0x00000007acf00000)
 ParOldGen       total 44032K, used 9456K [0x0000000780000000, 0x0000000782b00000, 0x00000007aab00000)
  object space 44032K, 21% used [0x0000000780000000,0x000000078093c1a0,0x0000000782b00000)
 Metaspace       used 19218K, capacity 19800K, committed 20096K, reserved 1067008K
  class space    used 2507K, capacity 2677K, committed 2688K, reserved 1048576K
}

Deoptimization events (10 events):
Event: 1.693 Thread 0x00007f988403a000 Uncommon trap: reason=unstable_if action=reinterpret pc=0x0000000108494dfc method=sun.net.www.ParseUtil.encodePath(Ljava/lang/String;Z)Ljava/lang/String; @ 109
Event: 12.682 Thread 0x00007f98849a7000 Uncommon trap: reason=unstable_if action=reinterpret pc=0x0000000108525534 method=java.lang.AbstractStringBuilder.append(Ljava/lang/String;)Ljava/lang/AbstractStringBuilder; @ 1
Event: 12.682 Thread 0x00007f98849a7000 Uncommon trap: reason=unstable_if action=reinterpret pc=0x0000000108406aa8 method=java.lang.AbstractStringBuilder.append(Ljava/lang/String;)Ljava/lang/AbstractStringBuilder; @ 1
Event: 12.729 Thread 0x00007f98849a7000 Uncommon trap: reason=unstable_if action=reinterpret pc=0x00000001084f580c method=java.lang.CharacterDataLatin1.toUpperCase(I)I @ 12
Event: 12.824 Thread 0x00007f98849a7000 Uncommon trap: reason=unstable_if action=reinterpret pc=0x000000010852ce30 method=jdk.internal.org.objectweb.asm.Type.getArgumentsAndReturnSizes(Ljava/lang/String;)I @ 47
Event: 16.746 Thread 0x00007f9883b1f000 Uncommon trap: reason=unstable_if action=reinterpret pc=0x00000001087439a4 method=sun.awt.geom.Order1.compareTo(Lsun/awt/geom/Curve;[D)I @ 118
Event: 16.746 Thread 0x00007f9883b1f000 Uncommon trap: reason=unstable_if action=reinterpret pc=0x0000000108745404 method=sun.awt.geom.AreaOp.resolveLinks(Ljava/util/Vector;Ljava/util/Vector;Ljava/util/Vector;)V @ 56
Event: 16.775 Thread 0x00007f9883b1f000 Uncommon trap: reason=unstable_if action=reinterpret pc=0x0000000108721178 method=java.lang.Math.round(F)I @ 23
Event: 21.557 Thread 0x00007f9883b1f000 Uncommon trap: reason=unstable_if action=reinterpret pc=0x0000000108764b94 method=sun.awt.geom.AreaOp.pruneEdges(Ljava/util/Vector;)Ljava/util/Vector; @ 400
Event: 24.598 Thread 0x00007f98849b2000 Uncommon trap: reason=unstable_if action=reinterpret pc=0x00000001088a12e8 method=java.security.AccessControlContext.optimize()Ljava/security/AccessControlContext; @ 49

Internal exceptions (10 events):
Event: 0.408 Thread 0x00007f9884063000 Exception <a 'java/lang/NullPointerException'> (0x00000007aaf80768) thrown at [/Users/java_re/workspace/8-2-build-macosx-x86_64/jdk8u60/4407/hotspot/src/share/vm/interpreter/linkResolver.cpp, line 1178]
Event: 0.834 Thread 0x00007f98849a7000 Exception <a 'java/lang/NullPointerException'> (0x00000007ab64f0c8) thrown at [/Users/java_re/workspace/8-2-build-macosx-x86_64/jdk8u60/4407/hotspot/src/share/vm/interpreter/linkResolver.cpp, line 1178]
Event: 0.834 Thread 0x00007f98849a7000 Exception <a 'java/lang/NullPointerException'> (0x00000007ab64f0c8) thrown at [/Users/java_re/workspace/8-2-build-macosx-x86_64/jdk8u60/4407/hotspot/src/share/vm/prims/jvm.cpp, line 1390]
Event: 1.328 Thread 0x00007f98849a7000 Implicit null exception at 0x0000000108448375 to 0x0000000108448571
Event: 12.549 Thread 0x00007f98849a7000 Exception <a 'java/io/FileNotFoundException'> (0x00000007ab811650) thrown at [/Users/java_re/workspace/8-2-build-macosx-x86_64/jdk8u60/4407/hotspot/src/share/vm/prims/jni.cpp, line 709]
Event: 12.549 Thread 0x00007f98849a7000 Exception <a 'java/io/FileNotFoundException'> (0x00000007ab8123f0) thrown at [/Users/java_re/workspace/8-2-build-macosx-x86_64/jdk8u60/4407/hotspot/src/share/vm/prims/jni.cpp, line 709]
Event: 12.682 Thread 0x00007f98849a7000 Implicit null exception at 0x00000001085251b5 to 0x0000000108525521
Event: 12.682 Thread 0x00007f98849a7000 Implicit null exception at 0x0000000108406735 to 0x0000000108406a95
Event: 12.800 Thread 0x00007f988381a800 Exception <a 'java/lang/NullPointerException'> (0x00000007aab515f0) thrown at [/Users/java_re/workspace/8-2-build-macosx-x86_64/jdk8u60/4407/hotspot/src/share/vm/interpreter/linkResolver.cpp, line 1178]
Event: 24.598 Thread 0x00007f98849b2000 Implicit null exception at 0x00000001088a09c0 to 0x00000001088a12d5

Events (10 events):
Event: 24.597 loading class com/sun/javafx/tk/quantum/QuantumToolkit
Event: 24.597 loading class com/sun/javafx/tk/quantum/QuantumToolkit done
Event: 24.597 Thread 0x00007f988403a000 Thread exited: 0x00007f988403a000
Event: 24.597 Thread 0x00007f9884063000 Thread exited: 0x00007f9884063000
Event: 24.598 Thread 0x00007f988300a000 Thread exited: 0x00007f988300a000
Event: 24.598 Thread 0x00007f98849b2000 Thread added: 0x00007f98849b2000
Event: 24.598 Thread 0x00007f98849a7000 Thread exited: 0x00007f98849a7000
Event: 24.598 Thread 0x00007f98849b2000 Uncommon trap: trap_request=0xffffff65 fr.pc=0x00000001088a12e8
Event: 24.598 Thread 0x00007f98849b2000 DEOPT PACKING pc=0x00000001088a12e8 sp=0x0000700000219700
Event: 24.598 Thread 0x00007f98849b2000 DEOPT UNPACKING pc=0x0000000108205229 sp=0x00007000002196b8 mode 2


Dynamic libraries:
0x0000000007faa000 	/System/Library/Frameworks/Cocoa.framework/Versions/A/Cocoa
0x0000000007faa000 	/System/Library/Frameworks/Security.framework/Versions/A/Security
0x0000000007faa000 	/System/Library/Frameworks/ApplicationServices.framework/Versions/A/ApplicationServices
0x0000000007faa000 	/usr/lib/libz.1.dylib
0x0000000007faa000 	/usr/lib/libSystem.B.dylib
0x0000000007faa000 	/usr/lib/libobjc.A.dylib
0x0000000007faa000 	/System/Library/Frameworks/CoreFoundation.framework/Versions/A/CoreFoundation
0x0000000007faa000 	/System/Library/Frameworks/Foundation.framework/Versions/C/Foundation
0x0000000007faa000 	/System/Library/Frameworks/AppKit.framework/Versions/C/AppKit
0x0000000007faa000 	/System/Library/Frameworks/CoreData.framework/Versions/A/CoreData
0x0000000007faa000 	/System/Library/PrivateFrameworks/RemoteViewServices.framework/Versions/A/RemoteViewServices
0x0000000007faa000 	/System/Library/PrivateFrameworks/UIFoundation.framework/Versions/A/UIFoundation
0x0000000007faa000 	/usr/lib/libScreenReader.dylib
0x0000000007faa000 	/System/Library/Frameworks/Accelerate.framework/Versions/A/Accelerate
0x0000000007faa000 	/System/Library/Frameworks/IOSurface.framework/Versions/A/IOSurface
0x0000000007faa000 	/System/Library/Frameworks/AudioToolbox.framework/Versions/A/AudioToolbox
0x0000000007faa000 	/System/Library/Frameworks/AudioUnit.framework/Versions/A/AudioUnit
0x0000000007faa000 	/System/Library/PrivateFrameworks/DataDetectorsCore.framework/Versions/A/DataDetectorsCore
0x0000000007faa000 	/System/Library/PrivateFrameworks/DesktopServicesPriv.framework/Versions/A/DesktopServicesPriv
0x0000000007faa000 	/System/Library/Frameworks/Carbon.framework/Versions/A/Frameworks/HIToolbox.framework/Versions/A/HIToolbox
0x0000000007faa000 	/System/Library/Frameworks/QuartzCore.framework/Versions/A/QuartzCore
0x0000000007faa000 	/System/Library/Frameworks/Carbon.framework/Versions/A/Frameworks/SpeechRecognition.framework/Versions/A/SpeechRecognition
0x0000000007faa000 	/usr/lib/libauto.dylib
0x0000000007faa000 	/usr/lib/libicucore.A.dylib
0x0000000007faa000 	/usr/lib/libxml2.2.dylib
0x0000000007faa000 	/System/Library/PrivateFrameworks/CoreUI.framework/Versions/A/CoreUI
0x0000000007faa000 	/System/Library/Frameworks/CoreAudio.framework/Versions/A/CoreAudio
0x0000000007faa000 	/System/Library/Frameworks/DiskArbitration.framework/Versions/A/DiskArbitration
0x0000000007faa000 	/usr/lib/liblangid.dylib
0x0000000007faa000 	/System/Library/PrivateFrameworks/MultitouchSupport.framework/Versions/A/MultitouchSupport
0x0000000007faa000 	/System/Library/Frameworks/IOKit.framework/Versions/A/IOKit
0x0000000007faa000 	/usr/lib/libDiagnosticMessagesClient.dylib
0x0000000007faa000 	/System/Library/Frameworks/CoreServices.framework/Versions/A/CoreServices
0x0000000007faa000 	/System/Library/PrivateFrameworks/PerformanceAnalysis.framework/Versions/A/PerformanceAnalysis
0x0000000007faa000 	/System/Library/PrivateFrameworks/GenerationalStorage.framework/Versions/A/GenerationalStorage
0x0000000007faa000 	/System/Library/Frameworks/OpenGL.framework/Versions/A/OpenGL
0x0000000007faa000 	/System/Library/PrivateFrameworks/Sharing.framework/Versions/A/Sharing
0x0000000007faa000 	/System/Library/Frameworks/CoreGraphics.framework/Versions/A/CoreGraphics
0x0000000007faa000 	/System/Library/Frameworks/CoreImage.framework/Versions/A/CoreImage
0x0000000007faa000 	/System/Library/Frameworks/CoreText.framework/Versions/A/CoreText
0x0000000007faa000 	/System/Library/Frameworks/ImageIO.framework/Versions/A/ImageIO
0x0000000007faa000 	/System/Library/PrivateFrameworks/Backup.framework/Versions/A/Backup
0x0000000007faa000 	/usr/lib/libextension.dylib
0x0000000007faa000 	/usr/lib/libarchive.2.dylib
0x0000000007faa000 	/System/Library/Frameworks/CFNetwork.framework/Versions/A/CFNetwork
0x0000000007faa000 	/System/Library/Frameworks/SystemConfiguration.framework/Versions/A/SystemConfiguration
0x0000000007faa000 	/usr/lib/libCRFSuite.dylib
0x0000000007faa000 	/usr/lib/libc++.1.dylib
0x0000000007faa000 	/usr/lib/libc++abi.dylib
0x0000000007faa000 	/usr/lib/system/libcache.dylib
0x0000000007faa000 	/usr/lib/system/libcommonCrypto.dylib
0x0000000007faa000 	/usr/lib/system/libcompiler_rt.dylib
0x0000000007faa000 	/usr/lib/system/libcopyfile.dylib
0x0000000007faa000 	/usr/lib/system/libcorecrypto.dylib
0x0000000007faa000 	/usr/lib/system/libdispatch.dylib
0x0000000007faa000 	/usr/lib/system/libdyld.dylib
0x0000000007faa000 	/usr/lib/system/libkeymgr.dylib
0x0000000007faa000 	/usr/lib/system/liblaunch.dylib
0x0000000007faa000 	/usr/lib/system/libmacho.dylib
0x0000000007faa000 	/usr/lib/system/libquarantine.dylib
0x0000000007faa000 	/usr/lib/system/libremovefile.dylib
0x0000000007faa000 	/usr/lib/system/libsystem_asl.dylib
0x0000000007faa000 	/usr/lib/system/libsystem_blocks.dylib
0x0000000007faa000 	/usr/lib/system/libsystem_c.dylib
0x0000000007faa000 	/usr/lib/system/libsystem_configuration.dylib
0x0000000007faa000 	/usr/lib/system/libsystem_coreservices.dylib
0x0000000007faa000 	/usr/lib/system/libsystem_coretls.dylib
0x0000000007faa000 	/usr/lib/system/libsystem_dnssd.dylib
0x0000000007faa000 	/usr/lib/system/libsystem_info.dylib
0x0000000007faa000 	/usr/lib/system/libsystem_kernel.dylib
0x0000000007faa000 	/usr/lib/system/libsystem_m.dylib
0x0000000007faa000 	/usr/lib/system/libsystem_malloc.dylib
0x0000000007faa000 	/usr/lib/system/libsystem_network.dylib
0x0000000007faa000 	/usr/lib/system/libsystem_networkextension.dylib
0x0000000007faa000 	/usr/lib/system/libsystem_notify.dylib
0x0000000007faa000 	/usr/lib/system/libsystem_platform.dylib
0x0000000007faa000 	/usr/lib/system/libsystem_pthread.dylib
0x0000000007faa000 	/usr/lib/system/libsystem_sandbox.dylib
0x0000000007faa000 	/usr/lib/system/libsystem_secinit.dylib
0x0000000007faa000 	/usr/lib/system/libsystem_trace.dylib
0x0000000007faa000 	/usr/lib/system/libunc.dylib
0x0000000007faa000 	/usr/lib/system/libunwind.dylib
0x0000000007faa000 	/usr/lib/system/libxpc.dylib
0x0000000007faa000 	/usr/lib/libenergytrace.dylib
0x0000000007faa000 	/usr/lib/libbsm.0.dylib
0x0000000007faa000 	/usr/lib/system/libkxld.dylib
0x0000000007faa000 	/usr/lib/libxar.1.dylib
0x0000000007faa000 	/usr/lib/libsqlite3.dylib
0x0000000007faa000 	/usr/lib/libpam.2.dylib
0x0000000007faa000 	/usr/lib/libOpenScriptingUtil.dylib
0x0000000007faa000 	/usr/lib/libbz2.1.0.dylib
0x0000000007faa000 	/usr/lib/liblzma.5.dylib
0x0000000007faa000 	/System/Library/Frameworks/CoreServices.framework/Versions/A/Frameworks/FSEvents.framework/Versions/A/FSEvents
0x0000000007faa000 	/System/Library/Frameworks/CoreServices.framework/Versions/A/Frameworks/CarbonCore.framework/Versions/A/CarbonCore
0x0000000007faa000 	/System/Library/Frameworks/CoreServices.framework/Versions/A/Frameworks/Metadata.framework/Versions/A/Metadata
0x0000000007faa000 	/System/Library/Frameworks/CoreServices.framework/Versions/A/Frameworks/OSServices.framework/Versions/A/OSServices
0x0000000007faa000 	/System/Library/Frameworks/CoreServices.framework/Versions/A/Frameworks/SearchKit.framework/Versions/A/SearchKit
0x0000000007faa000 	/System/Library/Frameworks/CoreServices.framework/Versions/A/Frameworks/AE.framework/Versions/A/AE
0x0000000007faa000 	/System/Library/Frameworks/CoreServices.framework/Versions/A/Frameworks/LaunchServices.framework/Versions/A/LaunchServices
0x0000000007faa000 	/System/Library/Frameworks/CoreServices.framework/Versions/A/Frameworks/DictionaryServices.framework/Versions/A/DictionaryServices
0x0000000007faa000 	/System/Library/Frameworks/CoreServices.framework/Versions/A/Frameworks/SharedFileList.framework/Versions/A/SharedFileList
0x0000000007faa000 	/System/Library/Frameworks/NetFS.framework/Versions/A/NetFS
0x0000000007faa000 	/System/Library/PrivateFrameworks/NetAuth.framework/Versions/A/NetAuth
0x0000000007faa000 	/System/Library/PrivateFrameworks/login.framework/Versions/A/Frameworks/loginsupport.framework/Versions/A/loginsupport
0x0000000007faa000 	/System/Library/PrivateFrameworks/TCC.framework/Versions/A/TCC
0x0000000007faa000 	/usr/lib/libmecabra.dylib
0x0000000007faa000 	/System/Library/Frameworks/ApplicationServices.framework/Versions/A/Frameworks/ATS.framework/Versions/A/ATS
0x0000000007faa000 	/System/Library/Frameworks/ApplicationServices.framework/Versions/A/Frameworks/ColorSync.framework/Versions/A/ColorSync
0x0000000007faa000 	/System/Library/Frameworks/ApplicationServices.framework/Versions/A/Frameworks/HIServices.framework/Versions/A/HIServices
0x0000000007faa000 	/System/Library/Frameworks/ApplicationServices.framework/Versions/A/Frameworks/LangAnalysis.framework/Versions/A/LangAnalysis
0x0000000007faa000 	/System/Library/Frameworks/ApplicationServices.framework/Versions/A/Frameworks/PrintCore.framework/Versions/A/PrintCore
0x0000000007faa000 	/System/Library/Frameworks/ApplicationServices.framework/Versions/A/Frameworks/QD.framework/Versions/A/QD
0x0000000007faa000 	/System/Library/Frameworks/ApplicationServices.framework/Versions/A/Frameworks/SpeechSynthesis.framework/Versions/A/SpeechSynthesis
0x0000000007faa000 	/System/Library/Frameworks/Metal.framework/Versions/A/Metal
0x0000000007faa000 	/System/Library/Frameworks/Accelerate.framework/Versions/A/Frameworks/vImage.framework/Versions/A/vImage
0x0000000007faa000 	/System/Library/Frameworks/Accelerate.framework/Versions/A/Frameworks/vecLib.framework/Versions/A/vecLib
0x0000000007faa000 	/System/Library/Frameworks/Accelerate.framework/Versions/A/Frameworks/vecLib.framework/Versions/A/libvDSP.dylib
0x0000000007faa000 	/System/Library/Frameworks/Accelerate.framework/Versions/A/Frameworks/vecLib.framework/Versions/A/libvMisc.dylib
0x0000000007faa000 	/System/Library/Frameworks/Accelerate.framework/Versions/A/Frameworks/vecLib.framework/Versions/A/libLAPACK.dylib
0x0000000007faa000 	/System/Library/Frameworks/Accelerate.framework/Versions/A/Frameworks/vecLib.framework/Versions/A/libBLAS.dylib
0x0000000007faa000 	/System/Library/Frameworks/Accelerate.framework/Versions/A/Frameworks/vecLib.framework/Versions/A/libLinearAlgebra.dylib
0x0000000007faa000 	/System/Library/Frameworks/Accelerate.framework/Versions/A/Frameworks/vecLib.framework/Versions/A/libSparseBLAS.dylib
0x0000000007faa000 	/System/Library/PrivateFrameworks/GPUCompiler.framework/libmetal_timestamp.dylib
0x0000000007faa000 	/System/Library/Frameworks/OpenGL.framework/Versions/A/Libraries/libCoreFSCache.dylib
0x0000000007faa000 	/System/Library/PrivateFrameworks/IOAccelerator.framework/Versions/A/IOAccelerator
0x0000000007faa000 	/System/Library/Frameworks/ApplicationServices.framework/Versions/A/Frameworks/ATS.framework/Versions/A/Resources/libFontParser.dylib
0x0000000007faa000 	/System/Library/Frameworks/ApplicationServices.framework/Versions/A/Frameworks/ATS.framework/Versions/A/Resources/libFontRegistry.dylib
0x0000000007faa000 	/System/Library/PrivateFrameworks/AppleVPA.framework/Versions/A/AppleVPA
0x0000000007faa000 	/System/Library/PrivateFrameworks/AppleJPEG.framework/Versions/A/AppleJPEG
0x0000000007faa000 	/System/Library/Frameworks/ImageIO.framework/Versions/A/Resources/libJPEG.dylib
0x0000000007faa000 	/System/Library/Frameworks/ImageIO.framework/Versions/A/Resources/libTIFF.dylib
0x0000000007faa000 	/System/Library/Frameworks/ImageIO.framework/Versions/A/Resources/libPng.dylib
0x0000000007faa000 	/System/Library/Frameworks/ImageIO.framework/Versions/A/Resources/libGIF.dylib
0x0000000007faa000 	/System/Library/Frameworks/ImageIO.framework/Versions/A/Resources/libJP2.dylib
0x0000000007faa000 	/System/Library/Frameworks/ImageIO.framework/Versions/A/Resources/libRadiance.dylib
0x0000000007faa000 	/System/Library/Frameworks/CoreVideo.framework/Versions/A/CoreVideo
0x0000000007faa000 	/System/Library/Frameworks/OpenGL.framework/Versions/A/Libraries/libGLU.dylib
0x0000000007faa000 	/System/Library/Frameworks/OpenGL.framework/Versions/A/Libraries/libGFXShared.dylib
0x0000000007faa000 	/System/Library/Frameworks/OpenGL.framework/Versions/A/Libraries/libGL.dylib
0x0000000007faa000 	/System/Library/Frameworks/OpenGL.framework/Versions/A/Libraries/libGLImage.dylib
0x0000000007faa000 	/System/Library/Frameworks/OpenGL.framework/Versions/A/Libraries/libCVMSPluginSupport.dylib
0x0000000007faa000 	/System/Library/Frameworks/OpenGL.framework/Versions/A/Libraries/libCoreVMClient.dylib
0x0000000007faa000 	/usr/lib/libcompression.dylib
0x0000000007faa000 	/usr/lib/libcups.2.dylib
0x0000000007faa000 	/System/Library/Frameworks/Kerberos.framework/Versions/A/Kerberos
0x0000000007faa000 	/System/Library/Frameworks/GSS.framework/Versions/A/GSS
0x0000000007faa000 	/usr/lib/libresolv.9.dylib
0x0000000007faa000 	/usr/lib/libiconv.2.dylib
0x0000000007faa000 	/System/Library/PrivateFrameworks/Heimdal.framework/Versions/A/Heimdal
0x0000000007faa000 	/usr/lib/libheimdal-asn1.dylib
0x0000000007faa000 	/System/Library/Frameworks/OpenDirectory.framework/Versions/A/OpenDirectory
0x0000000007faa000 	/System/Library/PrivateFrameworks/CommonAuth.framework/Versions/A/CommonAuth
0x0000000007faa000 	/System/Library/Frameworks/OpenDirectory.framework/Versions/A/Frameworks/CFOpenDirectory.framework/Versions/A/CFOpenDirectory
0x0000000007faa000 	/System/Library/Frameworks/SecurityFoundation.framework/Versions/A/SecurityFoundation
0x0000000007faa000 	/System/Library/PrivateFrameworks/LanguageModeling.framework/Versions/A/LanguageModeling
0x0000000007faa000 	/usr/lib/libmarisa.dylib
0x0000000007faa000 	/usr/lib/libChineseTokenizer.dylib
0x0000000007faa000 	/usr/lib/libcmph.dylib
0x0000000007faa000 	/System/Library/Frameworks/ServiceManagement.framework/Versions/A/ServiceManagement
0x0000000007faa000 	/usr/lib/libxslt.1.dylib
0x0000000007faa000 	/System/Library/Frameworks/Carbon.framework/Versions/A/Frameworks/Ink.framework/Versions/A/Ink
0x0000000007faa000 	/usr/lib/libFosl_dynamic.dylib
0x0000000007faa000 	/System/Library/PrivateFrameworks/FaceCore.framework/Versions/A/FaceCore
0x0000000007faa000 	/System/Library/Frameworks/OpenCL.framework/Versions/A/OpenCL
0x0000000007faa000 	/System/Library/PrivateFrameworks/CrashReporterSupport.framework/Versions/A/CrashReporterSupport
0x0000000007faa000 	/System/Library/PrivateFrameworks/IconServices.framework/Versions/A/IconServices
0x0000000007faa000 	/System/Library/PrivateFrameworks/Apple80211.framework/Versions/A/Apple80211
0x0000000007faa000 	/System/Library/Frameworks/CoreWLAN.framework/Versions/A/CoreWLAN
0x0000000007faa000 	/System/Library/Frameworks/IOBluetooth.framework/Versions/A/IOBluetooth
0x0000000007faa000 	/System/Library/PrivateFrameworks/CoreWiFi.framework/Versions/A/CoreWiFi
0x0000000007faa000 	/System/Library/Frameworks/CoreBluetooth.framework/Versions/A/CoreBluetooth
0x0000000007faa000 	/System/Library/PrivateFrameworks/ChunkingLibrary.framework/Versions/A/ChunkingLibrary
0x0000000007faa000 	/System/Library/PrivateFrameworks/DebugSymbols.framework/Versions/A/DebugSymbols
0x0000000007faa000 	/System/Library/PrivateFrameworks/CoreSymbolication.framework/Versions/A/CoreSymbolication
0x0000000007faa000 	/System/Library/PrivateFrameworks/Symbolication.framework/Versions/A/Symbolication
0x0000000007faa000 	/System/Library/PrivateFrameworks/SpeechRecognitionCore.framework/Versions/A/SpeechRecognitionCore
0x000000010687e000 	/Library/Java/JavaVirtualMachines/jdk1.8.0_60.jdk/Contents/Home/jre/lib/server/libjvm.dylib
0x0000000007faa000 	/usr/lib/libstdc++.6.dylib
0x000000010780b000 	/Library/Java/JavaVirtualMachines/jdk1.8.0_60.jdk/Contents/Home/jre/lib/libverify.dylib
0x0000000107819000 	/Library/Java/JavaVirtualMachines/jdk1.8.0_60.jdk/Contents/Home/jre/lib/libjava.dylib
0x0000000107858000 	/Library/Java/JavaVirtualMachines/jdk1.8.0_60.jdk/Contents/Home/jre/lib/libzip.dylib
0x000000011b467000 	/System/Library/Frameworks/JavaVM.framework/Frameworks/JavaRuntimeSupport.framework/JavaRuntimeSupport
0x000000011b482000 	/System/Library/Frameworks/JavaVM.framework/Versions/A/Frameworks/JavaNativeFoundation.framework/Versions/A/JavaNativeFoundation
0x000000011b497000 	/System/Library/Frameworks/JavaVM.framework/Versions/A/JavaVM
0x0000000007faa000 	/System/Library/Frameworks/Carbon.framework/Versions/A/Carbon
0x00000001079f4000 	/System/Library/PrivateFrameworks/JavaLaunching.framework/Versions/A/JavaLaunching
0x0000000007faa000 	/System/Library/Frameworks/Carbon.framework/Versions/A/Frameworks/CommonPanels.framework/Versions/A/CommonPanels
0x0000000007faa000 	/System/Library/Frameworks/Carbon.framework/Versions/A/Frameworks/Help.framework/Versions/A/Help
0x0000000007faa000 	/System/Library/Frameworks/Carbon.framework/Versions/A/Frameworks/ImageCapture.framework/Versions/A/ImageCapture
0x0000000007faa000 	/System/Library/Frameworks/Carbon.framework/Versions/A/Frameworks/OpenScripting.framework/Versions/A/OpenScripting
0x0000000007faa000 	/System/Library/Frameworks/Carbon.framework/Versions/A/Frameworks/Print.framework/Versions/A/Print
0x0000000007faa000 	/System/Library/Frameworks/Carbon.framework/Versions/A/Frameworks/SecurityHI.framework/Versions/A/SecurityHI
0x000000011cedc000 	/Applications/IntelliJ IDEA.app/Contents/bin/libbreakgen64.jnilib
0x000000011cedf000 	/Library/Java/JavaVirtualMachines/jdk1.8.0_60.jdk/Contents/Home/jre/lib/libnet.dylib
0x000000011cfd4000 	/Library/Java/JavaVirtualMachines/jdk1.8.0_60.jdk/Contents/Home/jre/lib/libprism_es2.dylib
0x0000000007faa000 	/System/Library/Frameworks/OpenGL.framework/Versions/A/Resources/GLEngine.bundle/GLEngine
0x0000000007faa000 	/System/Library/Frameworks/OpenGL.framework/Versions/A/Libraries/libGLProgrammability.dylib
0x000000011d056000 	/System/Library/Extensions/AppleIntelHD5000GraphicsGLDriver.bundle/Contents/MacOS/AppleIntelHD5000GraphicsGLDriver
0x0000000007faa000 	/System/Library/PrivateFrameworks/GPUSupport.framework/Versions/A/Libraries/libGPUSupportMercury.dylib
0x0000000007faa000 	/System/Library/Frameworks/OpenGL.framework/Versions/A/Resources/GLRendererFloat.bundle/GLRendererFloat
0x0000000007faa000 	/System/Library/Frameworks/OpenCL.framework/Versions/A/Libraries/libcldcpuengine.dylib
0x0000000007faa000 	/System/Library/PrivateFrameworks/DiskImages.framework/Versions/A/DiskImages
0x0000000007faa000 	/System/Library/Frameworks/DiscRecording.framework/Versions/A/DiscRecording
0x0000000007faa000 	/usr/lib/libcsfde.dylib
0x0000000007faa000 	/usr/lib/libcurl.4.dylib
0x0000000007faa000 	/System/Library/PrivateFrameworks/MediaKit.framework/Versions/A/MediaKit
0x0000000007faa000 	/System/Library/PrivateFrameworks/ProtectedCloudStorage.framework/Versions/A/ProtectedCloudStorage
0x0000000007faa000 	/usr/lib/libCoreStorage.dylib
0x0000000007faa000 	/System/Library/PrivateFrameworks/EFILogin.framework/Versions/A/EFILogin
0x0000000007faa000 	/usr/lib/libutil.dylib
0x0000000007faa000 	/System/Library/PrivateFrameworks/FindMyDevice.framework/Versions/A/FindMyDevice
0x0000000007faa000 	/System/Library/Frameworks/LDAP.framework/Versions/A/LDAP
0x0000000007faa000 	/usr/lib/libsasl2.2.dylib
0x0000000007faa000 	/System/Library/PrivateFrameworks/CoreDaemon.framework/Versions/B/CoreDaemon
0x0000000007faa000 	/usr/lib/libcrypto.0.9.8.dylib
0x0000000007faa000 	/System/Library/PrivateFrameworks/AppleSRP.framework/Versions/A/AppleSRP
0x0000000007faa000 	/System/Library/PrivateFrameworks/TrustEvaluationAgent.framework/Versions/A/TrustEvaluationAgent
0x000000011dbd8000 	/Library/Java/JavaVirtualMachines/jdk1.8.0_60.jdk/Contents/Home/jre/lib/libglass.dylib
0x0000000007faa000 	/System/Library/PrivateFrameworks/CoreServicesInternal.framework/Versions/A/CoreServicesInternal
0x0000000007faa000 	/System/Library/CoreServices/RawCamera.bundle/Contents/MacOS/RawCamera
0x0000000007faa000 	/System/Library/Frameworks/CoreGraphics.framework/Versions/A/Resources/libRIP.A.dylib
0x0000000007faa000 	/System/Library/Frameworks/Accelerate.framework/Versions/A/Frameworks/vImage.framework/Versions/A/Libraries/libCGInterfaces.dylib
0x0000000007faa000 	/System/Library/PrivateFrameworks/FamilyControls.framework/Versions/A/FamilyControls
0x0000000007faa000 	/System/Library/PrivateFrameworks/CommerceKit.framework/Versions/A/Frameworks/CommerceCore.framework/Versions/A/CommerceCore
0x0000000007faa000 	/System/Library/PrivateFrameworks/SystemAdministration.framework/Versions/A/SystemAdministration
0x0000000007faa000 	/System/Library/PrivateFrameworks/AppContainer.framework/Versions/A/AppContainer
0x0000000007faa000 	/System/Library/PrivateFrameworks/SecCodeWrapper.framework/Versions/A/SecCodeWrapper
0x0000000007faa000 	/System/Library/Frameworks/DirectoryService.framework/Versions/A/DirectoryService
0x0000000007faa000 	/System/Library/PrivateFrameworks/LoginUIKit.framework/Versions/A/Frameworks/LoginUICore.framework/Versions/A/LoginUICore
0x0000000007faa000 	/usr/lib/libodfde.dylib
0x0000000120f82000 	/Library/Java/JavaVirtualMachines/jdk1.8.0_60.jdk/Contents/Home/jre/lib/libjavafx_font.dylib
0x0000000007faa000 	/System/Library/Frameworks/CoreGraphics.framework/Versions/A/Resources/libCGXType.A.dylib
0x00000001233de000 	cl_kernels
0x0000000007faa000 	/System/Library/Frameworks/OpenCL.framework/Versions/A/Libraries/ImageFormats/unorm8_bgra.dylib
0x0000000007faa000 	/System/Library/Frameworks/OpenCL.framework/Versions/A/Libraries/ImageFormats/unorm8_rgba.dylib
0x0000000124048000 	/Library/Java/JavaVirtualMachines/jdk1.8.0_60.jdk/Contents/Home/jre/lib/libprism_common.dylib
0x00000001249f8000 	/System/Library/Extensions/AppleIntelHD5000GraphicsMTLDriver.bundle/Contents/MacOS/AppleIntelHD5000GraphicsMTLDriver
0x000000012544a000 	/Library/Java/JavaVirtualMachines/jdk1.8.0_60.jdk/Contents/Home/jre/lib/libawt.dylib
0x00000001254f2000 	/Library/Java/JavaVirtualMachines/jdk1.8.0_60.jdk/Contents/Home/jre/lib/./libmlib_image.dylib
0x00000001255be000 	/Library/Java/JavaVirtualMachines/jdk1.8.0_60.jdk/Contents/Home/jre/lib/libawt_lwawt.dylib
0x0000000125673000 	/Library/Java/JavaVirtualMachines/jdk1.8.0_60.jdk/Contents/Home/jre/lib/./libosxapp.dylib
0x0000000007faa000 	/System/Library/Frameworks/ExceptionHandling.framework/Versions/A/ExceptionHandling
0x0000000126126000 	/Library/Java/JavaVirtualMachines/jdk1.8.0_60.jdk/Contents/Home/jre/lib/libfontmanager.dylib
0x000000012618d000 	/Library/Java/JavaVirtualMachines/jdk1.8.0_60.jdk/Contents/Home/jre/lib/libosxui.dylib
0x0000000129438000 	/Library/Java/JavaVirtualMachines/jdk1.8.0_60.jdk/Contents/Home/jre/lib/libnio.dylib
0x0000000007faa000 	/System/Library/Frameworks/ApplicationServices.framework/Versions/A/Frameworks/ATS.framework/Versions/A/Resources/libTrueTypeScaler.dylib

VM Arguments:
jvm_args: -Didea.launcher.port=7532 -Didea.launcher.bin.path=/Applications/IntelliJ IDEA.app/Contents/bin -Dfile.encoding=UTF-8 
java_command: com.intellij.rt.execution.application.AppMain edu.virginia.menu.StartMenu
java_class_path (initial): /Users/austinchang/github/Game_Design_Four_Horsemen/bin:/Library/Java/JavaVirtualMachines/jdk1.8.0_60.jdk/Contents/Home/jre/lib/charsets.jar:/Library/Java/JavaVirtualMachines/jdk1.8.0_60.jdk/Contents/Home/jre/lib/deploy.jar:/Library/Java/JavaVirtualMachines/jdk1.8.0_60.jdk/Contents/Home/jre/lib/ext/cldrdata.jar:/Library/Java/JavaVirtualMachines/jdk1.8.0_60.jdk/Contents/Home/jre/lib/ext/dnsns.jar:/Library/Java/JavaVirtualMachines/jdk1.8.0_60.jdk/Contents/Home/jre/lib/ext/jaccess.jar:/Library/Java/JavaVirtualMachines/jdk1.8.0_60.jdk/Contents/Home/jre/lib/ext/jfxrt.jar:/Library/Java/JavaVirtualMachines/jdk1.8.0_60.jdk/Contents/Home/jre/lib/ext/localedata.jar:/Library/Java/JavaVirtualMachines/jdk1.8.0_60.jdk/Contents/Home/jre/lib/ext/nashorn.jar:/Library/Java/JavaVirtualMachines/jdk1.8.0_60.jdk/Contents/Home/jre/lib/ext/sunec.jar:/Library/Java/JavaVirtualMachines/jdk1.8.0_60.jdk/Contents/Home/jre/lib/ext/sunjce_provider.jar:/Library/Java/JavaVirtualMachines/jdk1.8.0_60.jdk/Contents/Home/jre/lib/ext/sunpkcs11.jar:/Library/Java/JavaVirtualMachines/jdk1.8.0_60.jdk/Contents/Home/jre/lib/ext/zipfs.jar:/Library/Java/JavaVirtualMachines/jdk1.8.0_60.jdk/Contents/Home/jre/lib/javaws.jar:/Library/Java/JavaVirtualMachines/jdk1.8.0_60.jdk/Contents/Home/jre/lib/jce.jar:/Library/Java/JavaVirtualMachines/jdk1.8.0_60.jdk/Contents/Home/jre/lib/jfr.jar:/Library/Java/JavaVirtualMachines/jdk1.8.0_60.jdk/Contents/Home/jre/lib/jfxswt.jar:/Library/Java/JavaVirtualMachines/jdk1.8.0_60.jdk/Contents/Home/jre/lib/jsse.jar:/Library/Java/JavaVirtualMachines/jdk1.8.0_60.jdk/Contents/Home/jre/lib/management-agent.jar:/Library/Java/JavaVirtualMachines/jdk1.8.0_60.jdk/Contents/Home/jre/lib/plugin.jar:/Library/Java/JavaVirtualMachines/jdk1.8.0_60.jdk/Contents/Home/jre/lib/resources.jar:/Library/Java/JavaVirtualMachines/jdk1.8.0_60.jdk/Contents/Home/jre/lib/rt.jar:/Library/Java/JavaVirtualMachines/jdk1.8.0_60.jdk/Contents/Home/lib/ant-javafx.jar:/Library/Java/JavaVirtualMachi
Launcher Type: SUN_STANDARD

Environment Variables:
CLASSPATH=:/Users/austinchang/java/junit-4.12.jar:/Users/austinchang/java/hamcrest-core-1.3.jar
PATH=/usr/bin:/bin:/usr/sbin:/sbin:/usr/local/bin:/opt/X11/bin:/Library/TeX/texbin:/Users/austinchang/java
SHELL=/bin/bash
DISPLAY=/private/tmp/com.apple.launchd.DG0rtzkw7i/org.macosforge.xquartz:0

Signal Handlers:
SIGSEGV: [libjvm.dylib+0x5a6d31], sa_mask[0]=11111111011111110111111111111111, sa_flags=SA_ONSTACK|SA_RESTART|SA_SIGINFO
SIGBUS: [libjvm.dylib+0x5a6d31], sa_mask[0]=11111111011111110111111111111111, sa_flags=SA_RESTART|SA_SIGINFO
SIGFPE: [libjvm.dylib+0x480a4c], sa_mask[0]=11111111011111110111111111111111, sa_flags=SA_RESTART|SA_SIGINFO
SIGPIPE: [libjvm.dylib+0x480a4c], sa_mask[0]=11111111011111110111111111111111, sa_flags=SA_RESTART|SA_SIGINFO
SIGXFSZ: [libjvm.dylib+0x480a4c], sa_mask[0]=11111111011111110111111111111111, sa_flags=SA_RESTART|SA_SIGINFO
SIGILL: [libjvm.dylib+0x480a4c], sa_mask[0]=11111111011111110111111111111111, sa_flags=SA_RESTART|SA_SIGINFO
SIGUSR1: SIG_DFL, sa_mask[0]=00000000000000000000000000000000, sa_flags=none
SIGUSR2: [libjvm.dylib+0x48056a], sa_mask[0]=00100000000000000000000000000000, sa_flags=SA_RESTART|SA_SIGINFO
SIGHUP: [libjvm.dylib+0x47eb41], sa_mask[0]=11111111011111110111111111111111, sa_flags=SA_RESTART|SA_SIGINFO
SIGINT: [libjvm.dylib+0x47eb41], sa_mask[0]=11111111011111110111111111111111, sa_flags=SA_RESTART|SA_SIGINFO
SIGTERM: [libjvm.dylib+0x47eb41], sa_mask[0]=11111111011111110111111111111111, sa_flags=SA_RESTART|SA_SIGINFO
SIGQUIT: [libjvm.dylib+0x47eb41], sa_mask[0]=11111111011111110111111111111111, sa_flags=SA_RESTART|SA_SIGINFO


---------------  S Y S T E M  ---------------

OS:Bsduname:Darwin 15.6.0 Darwin Kernel Version 15.6.0: Mon Aug 29 20:21:34 PDT 2016; root:xnu-3248.60.11~1/RELEASE_X86_64 x86_64
rlimit: STACK 8192k, CORE 0k, NPROC 709, NOFILE 10240, AS infinity
load average:2.17 1.88 1.83

CPU:total 4 (2 cores per cpu, 2 threads per core) family 6 model 69 stepping 1, cmov, cx8, fxsr, mmx, sse, sse2, sse3, ssse3, sse4.1, sse4.2, popcnt, avx, avx2, aes, clmul, erms, lzcnt, ht, tsc, tscinvbit, bmi1, bmi2

Memory: 4k page, physical 4194304k(59548k free)

/proc/meminfo:


vm_info: Java HotSpot(TM) 64-Bit Server VM (25.60-b23) for bsd-amd64 JRE (1.8.0_60-b27), built on Aug  4 2015 10:47:24 by "java_re" with gcc 4.2.1 (Based on Apple Inc. build 5658) (LLVM build 2336.11.00)

time: Mon Apr 24 12:52:32 2017
elapsed time: 24 seconds (0d 0h 0m 24s)

