#
# A fatal error has been detected by the Java Runtime Environment:
#
#  SIGSEGV (0xb) at pc=0x0000000105cf52ce, pid=7275, tid=2571
#
# JRE version: Java(TM) SE Runtime Environment (8.0_60-b27) (build 1.8.0_60-b27)
# Java VM: Java HotSpot(TM) 64-Bit Server VM (25.60-b23 mixed mode bsd-amd64 compressed oops)
# Problematic frame:
# V  [libjvm.dylib+0x1692ce]  ThreadStateTransition::trans_from_native(JavaThreadState)+0xa
#
# Failed to write core dump. Core dumps have been disabled. To enable core dumping, try "ulimit -c unlimited" before starting Java again
#
# If you would like to submit a bug report, please visit:
#   http://bugreport.java.com/bugreport/crash.jsp
#

---------------  T H R E A D  ---------------

Current thread is native thread

siginfo: si_signo: 11 (SIGSEGV), si_code: 1 (SEGV_MAPERR), si_addr: 0x0000000000000270

Registers:
RAX=0x0000000000000000, RBX=0x0000000000000000, RCX=0x0000000105e9d21b, RDX=0x00007fd9821939f8
RSP=0x00007fff5a2eb790, RBP=0x00007fff5a2eb7a0, RSI=0x0000000000000006, RDI=0x00007fff5a2eb7e0
R8 =0x0000000000000000, R9 =0x0000000000000000, R10=0x00007fd981ecf480, R11=0x000000011a791ea0
R12=0x00007fd9821939f8, R13=0x0000000120545eb0, R14=0x00007fd9821939f8, R15=0x0000000000000000
RIP=0x0000000105cf52ce, EFLAGS=0x0000000000010246, ERR=0x0000000000000006
  TRAPNO=0x000000000000000e

Top of Stack: (sp=0x00007fff5a2eb790)
0x00007fff5a2eb790:   00007fd981d31750 00007fd9821939f8
0x00007fff5a2eb7a0:   00007fff5a2eb800 0000000105e9d24b
0x00007fff5a2eb7b0:   8f006077a5cd1690 0000000000000000
0x00007fff5a2eb7c0:   00007fd983237000 00007fd98443dbb0
0x00007fff5a2eb7d0:   00007fff5a2eb800 0000000122c2b6e9
0x00007fff5a2eb7e0:   0000000000000000 00007fd9844253e0
0x00007fff5a2eb7f0:   00007fd983237000 00007fd98443dbb0
0x00007fff5a2eb800:   00007fff5a2eb860 0000000121fa9ebb
0x00007fff5a2eb810:   8f006077a5cd1690 0000000000000000
0x00007fff5a2eb820:   40e41126f8944482 00007fd98443e600
0x00007fff5a2eb830:   00007fff5a2eb860 00007fff9e7a84c0
0x00007fff5a2eb840:   0000000000000000 0000000120545eb0
0x00007fff5a2eb850:   00007fd98443dbb0 00007fd98443e600
0x00007fff5a2eb860:   00007fff5a2eb8c0 00007fff93f8d793
0x00007fff5a2eb870:   000002ba00000004 0000000000000000
0x00007fff5a2eb880:   00007fd98443dbb0 0000000000000000
0x00007fff5a2eb890:   40e41126f8944482 00007fff9e7a84c0
0x00007fff5a2eb8a0:   00007fd981eb6d40 00007fd98443dbb0
0x00007fff5a2eb8b0:   0000000000000004 0000000000000000
0x00007fff5a2eb8c0:   00007fff5a2eb930 00007fff93f8d33d
0x00007fff5a2eb8d0:   3ff0000000000000 4094000000000000
0x00007fff5a2eb8e0:   4085d00000000000 0000000000000000
0x00007fff5a2eb8f0:   0000000000000000 4094000000000000
0x00007fff5a2eb900:   4085d00000000000 00007fff5a2eba10
0x00007fff5a2eb910:   0000000120546f28 00007fff94ef46b2
0x00007fff5a2eb920:   0000000000000001 0000000120546e80
0x00007fff5a2eb930:   00007fff5a2eca10 00007fff93f314a5
0x00007fff5a2eb940:   00007fff5a2eca10 00007fff93f31367
0x00007fff5a2eb950:   0000000105945a00 00007fd9829e9600
0x00007fff5a2eb960:   0000000120546f28 0000000120546f28
0x00007fff5a2eb970:   0000000120546e80 0000000000000000
0x00007fff5a2eb980:   00007fd983982e00 00007fff5a2eb940 

Instructions: (pc=0x0000000105cf52ce)
0x0000000105cf52ae:   0e 48 8b 0b 49 8b 56 18 48 63 c0 48 89 0c c2 5b
0x0000000105cf52be:   41 5e 5d c3 90 90 55 48 89 e5 41 56 53 48 8b 1f
0x0000000105cf52ce:   c7 83 70 02 00 00 05 00 00 00 48 8d 05 d9 50 77
0x0000000105cf52de:   00 8b 00 83 f8 01 41 89 f6 75 0c 48 8d 0d 16 b8 

Register to memory mapping:

RAX=0x0000000000000000 is an unknown value
RBX=0x0000000000000000 is an unknown value
RCX=0x0000000105e9d21b: jni_NewLocalRef+0 in /Library/Java/JavaVirtualMachines/jdk1.8.0_60.jdk/Contents/Home/jre/lib/server/libjvm.dylib at 0x0000000105b8c000
RDX=0x00007fd9821939f8 is an unknown value
RSP=0x00007fff5a2eb790 is an unknown value
RBP=0x00007fff5a2eb7a0 is an unknown value
RSI=0x0000000000000006 is an unknown value
RDI=0x00007fff5a2eb7e0 is an unknown value
R8 =0x0000000000000000 is an unknown value
R9 =0x0000000000000000 is an unknown value
R10=0x00007fd981ecf480 is an unknown value
R11=0x000000011a791ea0: OBJC_CLASS_$_JNFJObjectWrapper+0 in /System/Library/Frameworks/JavaVM.framework/Versions/A/Frameworks/JavaNativeFoundation.framework/Versions/A/JavaNativeFoundation at 0x000000011a787000
R12=0x00007fd9821939f8 is an unknown value
R13=0x0000000120545eb0 is an unknown value
R14=0x00007fd9821939f8 is an unknown value
R15=0x0000000000000000 is an unknown value


Stack: [0x00007fff59af0000,0x00007fff5a2f0000],  sp=0x00007fff5a2eb790,  free space=8173k
Native frames: (J=compiled Java code, j=interpreted, Vv=VM code, C=native code)
V  [libjvm.dylib+0x1692ce]  ThreadStateTransition::trans_from_native(JavaThreadState)+0xa
V  [libjvm.dylib+0x31124b]  jni_NewLocalRef+0x30
C  [libawt_lwawt.dylib+0x19ebb]  -[CGLLayer drawInCGLContext:pixelFormat:forLayerTime:displayTime:]+0xee
C  [QuartzCore+0x6d793]  CAOpenGLLayerDraw(CAOpenGLLayer*, double, CVTimeStamp const*, unsigned int)+0x2ca
C  [QuartzCore+0x6d33d]  -[CAOpenGLLayer _display]+0x160
C  [QuartzCore+0x114a5]  CA::Layer::display_if_needed(CA::Transaction*)+0x25b
C  [QuartzCore+0x10fcd]  CA::Layer::layout_and_display_if_needed(CA::Transaction*)+0x23
C  [QuartzCore+0x104a1]  CA::Context::commit_transaction(CA::Transaction*)+0x115
C  [QuartzCore+0x100ec]  CA::Transaction::commit()+0x1fc
C  [QuartzCore+0x1b977]  CA::Transaction::observer_callback(__CFRunLoopObserver*, unsigned long, void*)+0x47
C  [CoreFoundation+0xaa067]  __CFRUNLOOP_IS_CALLING_OUT_TO_AN_OBSERVER_CALLBACK_FUNCTION__+0x17
C  [CoreFoundation+0xa9fd7]  __CFRunLoopDoObservers+0x187
C  [CoreFoundation+0x895da]  __CFRunLoopRun+0x49a
C  [CoreFoundation+0x88ed8]  CFRunLoopRunSpecific+0x128
C  [java+0x6463]  CreateExecutionEnvironment+0x367
C  [java+0x21ac]  JLI_Launch+0x7a0
C  [java+0x84c0]  main+0x65
C  [java+0x1a04]  start+0x34


---------------  P R O C E S S  ---------------

VM state:not at safepoint (normal execution)

VM Mutex/Monitor currently owned by a thread: None

Heap:
 PSYoungGen      total 26112K, used 13572K [0x00000007aab00000, 0x00000007ace00000, 0x00000007c0000000)
  eden space 16384K, 67% used [0x00000007aab00000,0x00000007ab5be140,0x00000007abb00000)
  from space 9728K, 26% used [0x00000007ac480000,0x00000007ac7030b0,0x00000007ace00000)
  to   space 9728K, 0% used [0x00000007abb00000,0x00000007abb00000,0x00000007ac480000)
 ParOldGen       total 44032K, used 9186K [0x0000000780000000, 0x0000000782b00000, 0x00000007aab00000)
  object space 44032K, 20% used [0x0000000780000000,0x00000007808f8aa0,0x0000000782b00000)
 Metaspace       used 19252K, capacity 19864K, committed 20224K, reserved 1067008K
  class space    used 2535K, capacity 2717K, committed 2816K, reserved 1048576K

Card table byte_map: [0x00000001167c0000,0x00000001169c1000] byte_map_base: 0x0000000112bc0000

Marking Bits: (ParMarkBitMap*) 0x000000010646ae20
 Begin Bits: [0x0000000116b17000, 0x0000000117b17000)
 End Bits:   [0x0000000117b17000, 0x0000000118b17000)

Polling page: 0x0000000106b5c000

CodeCache: size=245760Kb used=7549Kb max_used=7549Kb free=238210Kb
 bounds [0x0000000107400000, 0x0000000107b70000, 0x0000000116400000]
 total_blobs=2980 nmethods=2184 adapters=709
 compilation: enabled

Compilation events (10 events):
Event: 21.408 Thread 0x00007fd983070000 2181       3       java.lang.invoke.MethodHandles$Lookup::getDirectMethodCommon (271 bytes)
Event: 21.409 Thread 0x00007fd98202d000 2184       4       java.util.concurrent.locks.ReentrantLock$NonfairSync::tryAcquire (6 bytes)
Event: 21.410 Thread 0x00007fd983070000 nmethod 2181 0x0000000107b5dd50 code [0x0000000107b5e060, 0x0000000107b5fad8]
Event: 21.410 Thread 0x00007fd983070000 2182       3       java.lang.invoke.MethodHandles$Lookup::checkMethod (83 bytes)
Event: 21.410 Thread 0x00007fd98202d000 nmethod 2184 0x0000000107b63110 code [0x0000000107b63260, 0x0000000107b63358]
Event: 21.411 Thread 0x00007fd983070000 nmethod 2182 0x0000000107b62190 code [0x0000000107b62380, 0x0000000107b62db8]
Event: 21.411 Thread 0x00007fd983070000 2183       3       java.lang.invoke.MemberName::isVarargs (23 bytes)
Event: 21.411 Thread 0x00007fd983070000 nmethod 2183 0x0000000107b61910 code [0x0000000107b61aa0, 0x0000000107b61ff0]
Event: 21.412 Thread 0x00007fd983070000 2185       3       sun.invoke.util.VerifyAccess::isMemberAccessible (261 bytes)
Event: 21.413 Thread 0x00007fd983070000 nmethod 2185 0x0000000107b63450 code [0x0000000107b63740, 0x0000000107b64cd8]

GC Heap History (10 events):
Event: 3.190 GC heap before
{Heap before GC invocations=2 (full 0):
 PSYoungGen      total 18944K, used 18933K [0x00000007aab00000, 0x00000007ac000000, 0x00000007c0000000)
  eden space 16384K, 100% used [0x00000007aab00000,0x00000007abb00000,0x00000007abb00000)
  from space 2560K, 99% used [0x00000007abb00000,0x00000007abd7d4f0,0x00000007abd80000)
  to   space 2560K, 0% used [0x00000007abd80000,0x00000007abd80000,0x00000007ac000000)
 ParOldGen       total 44032K, used 72K [0x0000000780000000, 0x0000000782b00000, 0x00000007aab00000)
  object space 44032K, 0% used [0x0000000780000000,0x0000000780012000,0x0000000782b00000)
 Metaspace       used 17438K, capacity 18014K, committed 18176K, reserved 1064960K
  class space    used 2359K, capacity 2530K, committed 2560K, reserved 1048576K
Event: 3.202 GC heap after
Heap after GC invocations=2 (full 0):
 PSYoungGen      total 18944K, used 2533K [0x00000007aab00000, 0x00000007ac000000, 0x00000007c0000000)
  eden space 16384K, 0% used [0x00000007aab00000,0x00000007aab00000,0x00000007abb00000)
  from space 2560K, 98% used [0x00000007abd80000,0x00000007abff9500,0x00000007ac000000)
  to   space 2560K, 0% used [0x00000007abb00000,0x00000007abb00000,0x00000007abd80000)
 ParOldGen       total 44032K, used 7357K [0x0000000780000000, 0x0000000782b00000, 0x00000007aab00000)
  object space 44032K, 16% used [0x0000000780000000,0x000000078072f700,0x0000000782b00000)
 Metaspace       used 17438K, capacity 18014K, committed 18176K, reserved 1064960K
  class space    used 2359K, capacity 2530K, committed 2560K, reserved 1048576K
}
Event: 7.494 GC heap before
{Heap before GC invocations=3 (full 0):
 PSYoungGen      total 18944K, used 18917K [0x00000007aab00000, 0x00000007ac000000, 0x00000007c0000000)
  eden space 16384K, 100% used [0x00000007aab00000,0x00000007abb00000,0x00000007abb00000)
  from space 2560K, 98% used [0x00000007abd80000,0x00000007abff9500,0x00000007ac000000)
  to   space 2560K, 0% used [0x00000007abb00000,0x00000007abb00000,0x00000007abd80000)
 ParOldGen       total 44032K, used 7357K [0x0000000780000000, 0x0000000782b00000, 0x00000007aab00000)
  object space 44032K, 16% used [0x0000000780000000,0x000000078072f700,0x0000000782b00000)
 Metaspace       used 18932K, capacity 19552K, committed 19968K, reserved 1067008K
  class space    used 2525K, capacity 2705K, committed 2816K, reserved 1048576K
Event: 7.500 GC heap after
Heap after GC invocations=3 (full 0):
 PSYoungGen      total 18944K, used 2532K [0x00000007aab00000, 0x00000007ac000000, 0x00000007c0000000)
  eden space 16384K, 0% used [0x00000007aab00000,0x00000007aab00000,0x00000007abb00000)
  from space 2560K, 98% used [0x00000007abb00000,0x00000007abd791a0,0x00000007abd80000)
  to   space 2560K, 0% used [0x00000007abd80000,0x00000007abd80000,0x00000007ac000000)
 ParOldGen       total 44032K, used 8962K [0x0000000780000000, 0x0000000782b00000, 0x00000007aab00000)
  object space 44032K, 20% used [0x0000000780000000,0x00000007808c0950,0x0000000782b00000)
 Metaspace       used 18932K, capacity 19552K, committed 19968K, reserved 1067008K
  class space    used 2525K, capacity 2705K, committed 2816K, reserved 1048576K
}
Event: 11.237 GC heap before
{Heap before GC invocations=4 (full 0):
 PSYoungGen      total 18944K, used 18784K [0x00000007aab00000, 0x00000007ac000000, 0x00000007c0000000)
  eden space 16384K, 99% used [0x00000007aab00000,0x00000007abadf108,0x00000007abb00000)
  from space 2560K, 98% used [0x00000007abb00000,0x00000007abd791a0,0x00000007abd80000)
  to   space 2560K, 0% used [0x00000007abd80000,0x00000007abd80000,0x00000007ac000000)
 ParOldGen       total 44032K, used 8962K [0x0000000780000000, 0x0000000782b00000, 0x00000007aab00000)
  object space 44032K, 20% used [0x0000000780000000,0x00000007808c0950,0x0000000782b00000)
 Metaspace       used 19085K, capacity 19680K, committed 19968K, reserved 1067008K
  class space    used 2526K, capacity 2705K, committed 2816K, reserved 1048576K
Event: 11.245 GC heap after
Heap after GC invocations=4 (full 0):
 PSYoungGen      total 18944K, used 2548K [0x00000007aab00000, 0x00000007ac000000, 0x00000007c0000000)
  eden space 16384K, 0% used [0x00000007aab00000,0x00000007aab00000,0x00000007abb00000)
  from space 2560K, 99% used [0x00000007abd80000,0x00000007abffd1b0,0x00000007ac000000)
  to   space 2560K, 0% used [0x00000007abb00000,0x00000007abb00000,0x00000007abd80000)
 ParOldGen       total 44032K, used 9170K [0x0000000780000000, 0x0000000782b00000, 0x00000007aab00000)
  object space 44032K, 20% used [0x0000000780000000,0x00000007808f4aa0,0x0000000782b00000)
 Metaspace       used 19085K, capacity 19680K, committed 19968K, reserved 1067008K
  class space    used 2526K, capacity 2705K, committed 2816K, reserved 1048576K
}
Event: 15.110 GC heap before
{Heap before GC invocations=5 (full 0):
 PSYoungGen      total 18944K, used 18932K [0x00000007aab00000, 0x00000007ac000000, 0x00000007c0000000)
  eden space 16384K, 100% used [0x00000007aab00000,0x00000007abb00000,0x00000007abb00000)
  from space 2560K, 99% used [0x00000007abd80000,0x00000007abffd1b0,0x00000007ac000000)
  to   space 2560K, 0% used [0x00000007abb00000,0x00000007abb00000,0x00000007abd80000)
 ParOldGen       total 44032K, used 9170K [0x0000000780000000, 0x0000000782b00000, 0x00000007aab00000)
  object space 44032K, 20% used [0x0000000780000000,0x00000007808f4aa0,0x0000000782b00000)
 Metaspace       used 19177K, capacity 19744K, committed 19968K, reserved 1067008K
  class space    used 2526K, capacity 2705K, committed 2816K, reserved 1048576K
Event: 15.119 GC heap after
Heap after GC invocations=5 (full 0):
 PSYoungGen      total 18944K, used 2548K [0x00000007aab00000, 0x00000007ace00000, 0x00000007c0000000)
  eden space 16384K, 0% used [0x00000007aab00000,0x00000007aab00000,0x00000007abb00000)
  from space 2560K, 99% used [0x00000007abb00000,0x00000007abd7d1b0,0x00000007abd80000)
  to   space 9728K, 0% used [0x00000007ac480000,0x00000007ac480000,0x00000007ace00000)
 ParOldGen       total 44032K, used 9186K [0x0000000780000000, 0x0000000782b00000, 0x00000007aab00000)
  object space 44032K, 20% used [0x0000000780000000,0x00000007808f8aa0,0x0000000782b00000)
 Metaspace       used 19177K, capacity 19744K, committed 19968K, reserved 1067008K
  class space    used 2526K, capacity 2705K, committed 2816K, reserved 1048576K
}
Event: 19.000 GC heap before
{Heap before GC invocations=6 (full 0):
 PSYoungGen      total 18944K, used 18932K [0x00000007aab00000, 0x00000007ace00000, 0x00000007c0000000)
  eden space 16384K, 100% used [0x00000007aab00000,0x00000007abb00000,0x00000007abb00000)
  from space 2560K, 99% used [0x00000007abb00000,0x00000007abd7d1b0,0x00000007abd80000)
  to   space 9728K, 0% used [0x00000007ac480000,0x00000007ac480000,0x00000007ace00000)
 ParOldGen       total 44032K, used 9186K [0x0000000780000000, 0x0000000782b00000, 0x00000007aab00000)
  object space 44032K, 20% used [0x0000000780000000,0x00000007808f8aa0,0x0000000782b00000)
 Metaspace       used 19188K, capacity 19744K, committed 19968K, reserved 1067008K
  class space    used 2526K, capacity 2705K, committed 2816K, reserved 1048576K
Event: 19.010 GC heap after
Heap after GC invocations=6 (full 0):
 PSYoungGen      total 26112K, used 2572K [0x00000007aab00000, 0x00000007ace00000, 0x00000007c0000000)
  eden space 16384K, 0% used [0x00000007aab00000,0x00000007aab00000,0x00000007abb00000)
  from space 9728K, 26% used [0x00000007ac480000,0x00000007ac7030b0,0x00000007ace00000)
  to   space 9728K, 0% used [0x00000007abb00000,0x00000007abb00000,0x00000007ac480000)
 ParOldGen       total 44032K, used 9186K [0x0000000780000000, 0x0000000782b00000, 0x00000007aab00000)
  object space 44032K, 20% used [0x0000000780000000,0x00000007808f8aa0,0x0000000782b00000)
 Metaspace       used 19188K, capacity 19744K, committed 19968K, reserved 1067008K
  class space    used 2526K, capacity 2705K, committed 2816K, reserved 1048576K
}

Deoptimization events (10 events):
Event: 17.241 Thread 0x00007fd983992800 Uncommon trap: reason=unstable_if action=reinterpret pc=0x0000000107a74bdc method=sun.awt.geom.AreaOp.pruneEdges(Ljava/util/Vector;)Ljava/util/Vector; @ 130
Event: 21.391 Thread 0x00007fd982193800 Uncommon trap: reason=bimorphic action=maybe_recompile pc=0x00000001077979c4 method=java.util.HashMap.putVal(ILjava/lang/Object;Ljava/lang/Object;ZZ)Ljava/lang/Object; @ 203
Event: 21.392 Thread 0x00007fd982193800 Uncommon trap: reason=bimorphic action=maybe_recompile pc=0x00000001077979c4 method=java.util.HashMap.putVal(ILjava/lang/Object;Ljava/lang/Object;ZZ)Ljava/lang/Object; @ 203
Event: 21.392 Thread 0x00007fd982193800 Uncommon trap: reason=bimorphic action=maybe_recompile pc=0x00000001077979c4 method=java.util.HashMap.putVal(ILjava/lang/Object;Ljava/lang/Object;ZZ)Ljava/lang/Object; @ 203
Event: 21.394 Thread 0x00007fd982193800 Uncommon trap: reason=predicate action=maybe_recompile pc=0x0000000107b0818c method=java.util.ArrayList.indexOf(Ljava/lang/Object;)I @ 44
Event: 21.397 Thread 0x00007fd982193800 Uncommon trap: reason=unstable_if action=reinterpret pc=0x0000000107ae7d9c method=java.security.AccessControlContext.optimize()Ljava/security/AccessControlContext; @ 233
Event: 21.399 Thread 0x00007fd983899000 Uncommon trap: reason=class_check action=maybe_recompile pc=0x0000000107927b18 method=java.util.concurrent.locks.AbstractQueuedSynchronizer.release(I)Z @ 2
Event: 21.401 Thread 0x00007fd982193800 Uncommon trap: reason=predicate action=maybe_recompile pc=0x0000000107b08738 method=java.util.ArrayList.indexOf(Ljava/lang/Object;)I @ 44
Event: 21.411 Thread 0x00007fd982193800 Uncommon trap: reason=class_check action=maybe_recompile pc=0x0000000107927b18 method=java.util.concurrent.locks.AbstractQueuedSynchronizer.release(I)Z @ 2
Event: 21.411 Thread 0x00007fd982193800 Uncommon trap: reason=class_check action=maybe_recompile pc=0x0000000107927b18 method=java.util.concurrent.locks.AbstractQueuedSynchronizer.release(I)Z @ 2

Internal exceptions (10 events):
Event: 0.348 Thread 0x00007fd9828b8800 Exception <a 'java/security/PrivilegedActionException'> (0x00000007aaf7fd68) thrown at [/Users/java_re/workspace/8-2-build-macosx-x86_64/jdk8u60/4407/hotspot/src/share/vm/prims/jvm.cpp, line 1386]
Event: 0.348 Thread 0x00007fd9828b8800 Exception <a 'java/security/PrivilegedActionException'> (0x00000007aaf7ff78) thrown at [/Users/java_re/workspace/8-2-build-macosx-x86_64/jdk8u60/4407/hotspot/src/share/vm/prims/jvm.cpp, line 1386]
Event: 0.349 Thread 0x00007fd9828b8800 Exception <a 'java/lang/NullPointerException'> (0x00000007aaf80768) thrown at [/Users/java_re/workspace/8-2-build-macosx-x86_64/jdk8u60/4407/hotspot/src/share/vm/interpreter/linkResolver.cpp, line 1178]
Event: 0.756 Thread 0x00007fd982193800 Exception <a 'java/lang/NullPointerException'> (0x00000007ab64df50) thrown at [/Users/java_re/workspace/8-2-build-macosx-x86_64/jdk8u60/4407/hotspot/src/share/vm/interpreter/linkResolver.cpp, line 1178]
Event: 0.756 Thread 0x00007fd982193800 Exception <a 'java/lang/NullPointerException'> (0x00000007ab64df50) thrown at [/Users/java_re/workspace/8-2-build-macosx-x86_64/jdk8u60/4407/hotspot/src/share/vm/prims/jvm.cpp, line 1390]
Event: 1.252 Thread 0x00007fd982193800 Implicit null exception at 0x0000000107651fb5 to 0x00000001076521b1
Event: 2.996 Thread 0x00007fd982193800 Exception <a 'java/io/FileNotFoundException'> (0x00000007ab7e74f8) thrown at [/Users/java_re/workspace/8-2-build-macosx-x86_64/jdk8u60/4407/hotspot/src/share/vm/prims/jni.cpp, line 709]
Event: 2.996 Thread 0x00007fd982193800 Exception <a 'java/io/FileNotFoundException'> (0x00000007ab7e8250) thrown at [/Users/java_re/workspace/8-2-build-macosx-x86_64/jdk8u60/4407/hotspot/src/share/vm/prims/jni.cpp, line 709]
Event: 3.101 Thread 0x00007fd982193800 Implicit null exception at 0x0000000107603575 to 0x00000001076038d5
Event: 3.208 Thread 0x00007fd982025800 Exception <a 'java/lang/NullPointerException'> (0x00000007aab67cf8) thrown at [/Users/java_re/workspace/8-2-build-macosx-x86_64/jdk8u60/4407/hotspot/src/share/vm/interpreter/linkResolver.cpp, line 1178]

Events (10 events):
Event: 21.411 Thread 0x00007fd982193800 Uncommon trap: trap_request=0xffffffde fr.pc=0x0000000107927b18
Event: 21.411 Thread 0x00007fd982193800 DEOPT PACKING pc=0x0000000107927b18 sp=0x00007fff5a2e91e0
Event: 21.411 Thread 0x00007fd982193800 DEOPT UNPACKING pc=0x0000000107405229 sp=0x00007fff5a2e91a8 mode 2
Event: 21.411 loading class com/sun/javafx/tk/quantum/QuantumToolkit
Event: 21.411 loading class com/sun/javafx/tk/quantum/QuantumToolkit done
Event: 21.412 Thread 0x00007fd983899000 Thread exited: 0x00007fd983899000
Event: 21.412 Thread 0x00007fd9828b8800 Thread exited: 0x00007fd9828b8800
Event: 21.412 Thread 0x00007fd983006000 Thread exited: 0x00007fd983006000
Event: 21.412 Thread 0x00007fd983006000 Thread added: 0x00007fd983006000
Event: 21.412 Thread 0x00007fd982193800 Thread exited: 0x00007fd982193800


Dynamic libraries:
0x0000000009e92000 	/System/Library/Frameworks/Cocoa.framework/Versions/A/Cocoa
0x0000000009e92000 	/System/Library/Frameworks/Security.framework/Versions/A/Security
0x0000000009e92000 	/System/Library/Frameworks/ApplicationServices.framework/Versions/A/ApplicationServices
0x0000000009e92000 	/usr/lib/libz.1.dylib
0x0000000009e92000 	/usr/lib/libSystem.B.dylib
0x0000000009e92000 	/usr/lib/libobjc.A.dylib
0x0000000009e92000 	/System/Library/Frameworks/CoreFoundation.framework/Versions/A/CoreFoundation
0x0000000009e92000 	/System/Library/Frameworks/Foundation.framework/Versions/C/Foundation
0x0000000009e92000 	/System/Library/Frameworks/AppKit.framework/Versions/C/AppKit
0x0000000009e92000 	/System/Library/Frameworks/CoreData.framework/Versions/A/CoreData
0x0000000009e92000 	/System/Library/PrivateFrameworks/RemoteViewServices.framework/Versions/A/RemoteViewServices
0x0000000009e92000 	/System/Library/PrivateFrameworks/UIFoundation.framework/Versions/A/UIFoundation
0x0000000009e92000 	/usr/lib/libScreenReader.dylib
0x0000000009e92000 	/System/Library/Frameworks/Accelerate.framework/Versions/A/Accelerate
0x0000000009e92000 	/System/Library/Frameworks/IOSurface.framework/Versions/A/IOSurface
0x0000000009e92000 	/System/Library/Frameworks/AudioToolbox.framework/Versions/A/AudioToolbox
0x0000000009e92000 	/System/Library/Frameworks/AudioUnit.framework/Versions/A/AudioUnit
0x0000000009e92000 	/System/Library/PrivateFrameworks/DataDetectorsCore.framework/Versions/A/DataDetectorsCore
0x0000000009e92000 	/System/Library/PrivateFrameworks/DesktopServicesPriv.framework/Versions/A/DesktopServicesPriv
0x0000000009e92000 	/System/Library/Frameworks/Carbon.framework/Versions/A/Frameworks/HIToolbox.framework/Versions/A/HIToolbox
0x0000000009e92000 	/System/Library/Frameworks/QuartzCore.framework/Versions/A/QuartzCore
0x0000000009e92000 	/System/Library/Frameworks/Carbon.framework/Versions/A/Frameworks/SpeechRecognition.framework/Versions/A/SpeechRecognition
0x0000000009e92000 	/usr/lib/libauto.dylib
0x0000000009e92000 	/usr/lib/libicucore.A.dylib
0x0000000009e92000 	/usr/lib/libxml2.2.dylib
0x0000000009e92000 	/System/Library/PrivateFrameworks/CoreUI.framework/Versions/A/CoreUI
0x0000000009e92000 	/System/Library/Frameworks/CoreAudio.framework/Versions/A/CoreAudio
0x0000000009e92000 	/System/Library/Frameworks/DiskArbitration.framework/Versions/A/DiskArbitration
0x0000000009e92000 	/usr/lib/liblangid.dylib
0x0000000009e92000 	/System/Library/PrivateFrameworks/MultitouchSupport.framework/Versions/A/MultitouchSupport
0x0000000009e92000 	/System/Library/Frameworks/IOKit.framework/Versions/A/IOKit
0x0000000009e92000 	/usr/lib/libDiagnosticMessagesClient.dylib
0x0000000009e92000 	/System/Library/Frameworks/CoreServices.framework/Versions/A/CoreServices
0x0000000009e92000 	/System/Library/PrivateFrameworks/PerformanceAnalysis.framework/Versions/A/PerformanceAnalysis
0x0000000009e92000 	/System/Library/PrivateFrameworks/GenerationalStorage.framework/Versions/A/GenerationalStorage
0x0000000009e92000 	/System/Library/Frameworks/OpenGL.framework/Versions/A/OpenGL
0x0000000009e92000 	/System/Library/PrivateFrameworks/Sharing.framework/Versions/A/Sharing
0x0000000009e92000 	/System/Library/Frameworks/CoreGraphics.framework/Versions/A/CoreGraphics
0x0000000009e92000 	/System/Library/Frameworks/CoreImage.framework/Versions/A/CoreImage
0x0000000009e92000 	/System/Library/Frameworks/CoreText.framework/Versions/A/CoreText
0x0000000009e92000 	/System/Library/Frameworks/ImageIO.framework/Versions/A/ImageIO
0x0000000009e92000 	/System/Library/PrivateFrameworks/Backup.framework/Versions/A/Backup
0x0000000009e92000 	/usr/lib/libextension.dylib
0x0000000009e92000 	/usr/lib/libarchive.2.dylib
0x0000000009e92000 	/System/Library/Frameworks/CFNetwork.framework/Versions/A/CFNetwork
0x0000000009e92000 	/System/Library/Frameworks/SystemConfiguration.framework/Versions/A/SystemConfiguration
0x0000000009e92000 	/usr/lib/libCRFSuite.dylib
0x0000000009e92000 	/usr/lib/libc++.1.dylib
0x0000000009e92000 	/usr/lib/libc++abi.dylib
0x0000000009e92000 	/usr/lib/system/libcache.dylib
0x0000000009e92000 	/usr/lib/system/libcommonCrypto.dylib
0x0000000009e92000 	/usr/lib/system/libcompiler_rt.dylib
0x0000000009e92000 	/usr/lib/system/libcopyfile.dylib
0x0000000009e92000 	/usr/lib/system/libcorecrypto.dylib
0x0000000009e92000 	/usr/lib/system/libdispatch.dylib
0x0000000009e92000 	/usr/lib/system/libdyld.dylib
0x0000000009e92000 	/usr/lib/system/libkeymgr.dylib
0x0000000009e92000 	/usr/lib/system/liblaunch.dylib
0x0000000009e92000 	/usr/lib/system/libmacho.dylib
0x0000000009e92000 	/usr/lib/system/libquarantine.dylib
0x0000000009e92000 	/usr/lib/system/libremovefile.dylib
0x0000000009e92000 	/usr/lib/system/libsystem_asl.dylib
0x0000000009e92000 	/usr/lib/system/libsystem_blocks.dylib
0x0000000009e92000 	/usr/lib/system/libsystem_c.dylib
0x0000000009e92000 	/usr/lib/system/libsystem_configuration.dylib
0x0000000009e92000 	/usr/lib/system/libsystem_coreservices.dylib
0x0000000009e92000 	/usr/lib/system/libsystem_coretls.dylib
0x0000000009e92000 	/usr/lib/system/libsystem_dnssd.dylib
0x0000000009e92000 	/usr/lib/system/libsystem_info.dylib
0x0000000009e92000 	/usr/lib/system/libsystem_kernel.dylib
0x0000000009e92000 	/usr/lib/system/libsystem_m.dylib
0x0000000009e92000 	/usr/lib/system/libsystem_malloc.dylib
0x0000000009e92000 	/usr/lib/system/libsystem_network.dylib
0x0000000009e92000 	/usr/lib/system/libsystem_networkextension.dylib
0x0000000009e92000 	/usr/lib/system/libsystem_notify.dylib
0x0000000009e92000 	/usr/lib/system/libsystem_platform.dylib
0x0000000009e92000 	/usr/lib/system/libsystem_pthread.dylib
0x0000000009e92000 	/usr/lib/system/libsystem_sandbox.dylib
0x0000000009e92000 	/usr/lib/system/libsystem_secinit.dylib
0x0000000009e92000 	/usr/lib/system/libsystem_trace.dylib
0x0000000009e92000 	/usr/lib/system/libunc.dylib
0x0000000009e92000 	/usr/lib/system/libunwind.dylib
0x0000000009e92000 	/usr/lib/system/libxpc.dylib
0x0000000009e92000 	/usr/lib/libenergytrace.dylib
0x0000000009e92000 	/usr/lib/libbsm.0.dylib
0x0000000009e92000 	/usr/lib/system/libkxld.dylib
0x0000000009e92000 	/usr/lib/libxar.1.dylib
0x0000000009e92000 	/usr/lib/libsqlite3.dylib
0x0000000009e92000 	/usr/lib/libpam.2.dylib
0x0000000009e92000 	/usr/lib/libOpenScriptingUtil.dylib
0x0000000009e92000 	/usr/lib/libbz2.1.0.dylib
0x0000000009e92000 	/usr/lib/liblzma.5.dylib
0x0000000009e92000 	/System/Library/Frameworks/CoreServices.framework/Versions/A/Frameworks/FSEvents.framework/Versions/A/FSEvents
0x0000000009e92000 	/System/Library/Frameworks/CoreServices.framework/Versions/A/Frameworks/CarbonCore.framework/Versions/A/CarbonCore
0x0000000009e92000 	/System/Library/Frameworks/CoreServices.framework/Versions/A/Frameworks/Metadata.framework/Versions/A/Metadata
0x0000000009e92000 	/System/Library/Frameworks/CoreServices.framework/Versions/A/Frameworks/OSServices.framework/Versions/A/OSServices
0x0000000009e92000 	/System/Library/Frameworks/CoreServices.framework/Versions/A/Frameworks/SearchKit.framework/Versions/A/SearchKit
0x0000000009e92000 	/System/Library/Frameworks/CoreServices.framework/Versions/A/Frameworks/AE.framework/Versions/A/AE
0x0000000009e92000 	/System/Library/Frameworks/CoreServices.framework/Versions/A/Frameworks/LaunchServices.framework/Versions/A/LaunchServices
0x0000000009e92000 	/System/Library/Frameworks/CoreServices.framework/Versions/A/Frameworks/DictionaryServices.framework/Versions/A/DictionaryServices
0x0000000009e92000 	/System/Library/Frameworks/CoreServices.framework/Versions/A/Frameworks/SharedFileList.framework/Versions/A/SharedFileList
0x0000000009e92000 	/System/Library/Frameworks/NetFS.framework/Versions/A/NetFS
0x0000000009e92000 	/System/Library/PrivateFrameworks/NetAuth.framework/Versions/A/NetAuth
0x0000000009e92000 	/System/Library/PrivateFrameworks/login.framework/Versions/A/Frameworks/loginsupport.framework/Versions/A/loginsupport
0x0000000009e92000 	/System/Library/PrivateFrameworks/TCC.framework/Versions/A/TCC
0x0000000009e92000 	/usr/lib/libmecabra.dylib
0x0000000009e92000 	/System/Library/Frameworks/ApplicationServices.framework/Versions/A/Frameworks/ATS.framework/Versions/A/ATS
0x0000000009e92000 	/System/Library/Frameworks/ApplicationServices.framework/Versions/A/Frameworks/ColorSync.framework/Versions/A/ColorSync
0x0000000009e92000 	/System/Library/Frameworks/ApplicationServices.framework/Versions/A/Frameworks/HIServices.framework/Versions/A/HIServices
0x0000000009e92000 	/System/Library/Frameworks/ApplicationServices.framework/Versions/A/Frameworks/LangAnalysis.framework/Versions/A/LangAnalysis
0x0000000009e92000 	/System/Library/Frameworks/ApplicationServices.framework/Versions/A/Frameworks/PrintCore.framework/Versions/A/PrintCore
0x0000000009e92000 	/System/Library/Frameworks/ApplicationServices.framework/Versions/A/Frameworks/QD.framework/Versions/A/QD
0x0000000009e92000 	/System/Library/Frameworks/ApplicationServices.framework/Versions/A/Frameworks/SpeechSynthesis.framework/Versions/A/SpeechSynthesis
0x0000000009e92000 	/System/Library/Frameworks/Metal.framework/Versions/A/Metal
0x0000000009e92000 	/System/Library/Frameworks/Accelerate.framework/Versions/A/Frameworks/vImage.framework/Versions/A/vImage
0x0000000009e92000 	/System/Library/Frameworks/Accelerate.framework/Versions/A/Frameworks/vecLib.framework/Versions/A/vecLib
0x0000000009e92000 	/System/Library/Frameworks/Accelerate.framework/Versions/A/Frameworks/vecLib.framework/Versions/A/libvDSP.dylib
0x0000000009e92000 	/System/Library/Frameworks/Accelerate.framework/Versions/A/Frameworks/vecLib.framework/Versions/A/libvMisc.dylib
0x0000000009e92000 	/System/Library/Frameworks/Accelerate.framework/Versions/A/Frameworks/vecLib.framework/Versions/A/libLAPACK.dylib
0x0000000009e92000 	/System/Library/Frameworks/Accelerate.framework/Versions/A/Frameworks/vecLib.framework/Versions/A/libBLAS.dylib
0x0000000009e92000 	/System/Library/Frameworks/Accelerate.framework/Versions/A/Frameworks/vecLib.framework/Versions/A/libLinearAlgebra.dylib
0x0000000009e92000 	/System/Library/Frameworks/Accelerate.framework/Versions/A/Frameworks/vecLib.framework/Versions/A/libSparseBLAS.dylib
0x0000000009e92000 	/System/Library/PrivateFrameworks/GPUCompiler.framework/libmetal_timestamp.dylib
0x0000000009e92000 	/System/Library/Frameworks/OpenGL.framework/Versions/A/Libraries/libCoreFSCache.dylib
0x0000000009e92000 	/System/Library/PrivateFrameworks/IOAccelerator.framework/Versions/A/IOAccelerator
0x0000000009e92000 	/System/Library/Frameworks/ApplicationServices.framework/Versions/A/Frameworks/ATS.framework/Versions/A/Resources/libFontParser.dylib
0x0000000009e92000 	/System/Library/Frameworks/ApplicationServices.framework/Versions/A/Frameworks/ATS.framework/Versions/A/Resources/libFontRegistry.dylib
0x0000000009e92000 	/System/Library/PrivateFrameworks/AppleVPA.framework/Versions/A/AppleVPA
0x0000000009e92000 	/System/Library/PrivateFrameworks/AppleJPEG.framework/Versions/A/AppleJPEG
0x0000000009e92000 	/System/Library/Frameworks/ImageIO.framework/Versions/A/Resources/libJPEG.dylib
0x0000000009e92000 	/System/Library/Frameworks/ImageIO.framework/Versions/A/Resources/libTIFF.dylib
0x0000000009e92000 	/System/Library/Frameworks/ImageIO.framework/Versions/A/Resources/libPng.dylib
0x0000000009e92000 	/System/Library/Frameworks/ImageIO.framework/Versions/A/Resources/libGIF.dylib
0x0000000009e92000 	/System/Library/Frameworks/ImageIO.framework/Versions/A/Resources/libJP2.dylib
0x0000000009e92000 	/System/Library/Frameworks/ImageIO.framework/Versions/A/Resources/libRadiance.dylib
0x0000000009e92000 	/System/Library/Frameworks/CoreVideo.framework/Versions/A/CoreVideo
0x0000000009e92000 	/System/Library/Frameworks/OpenGL.framework/Versions/A/Libraries/libGLU.dylib
0x0000000009e92000 	/System/Library/Frameworks/OpenGL.framework/Versions/A/Libraries/libGFXShared.dylib
0x0000000009e92000 	/System/Library/Frameworks/OpenGL.framework/Versions/A/Libraries/libGL.dylib
0x0000000009e92000 	/System/Library/Frameworks/OpenGL.framework/Versions/A/Libraries/libGLImage.dylib
0x0000000009e92000 	/System/Library/Frameworks/OpenGL.framework/Versions/A/Libraries/libCVMSPluginSupport.dylib
0x0000000009e92000 	/System/Library/Frameworks/OpenGL.framework/Versions/A/Libraries/libCoreVMClient.dylib
0x0000000009e92000 	/usr/lib/libcompression.dylib
0x0000000009e92000 	/usr/lib/libcups.2.dylib
0x0000000009e92000 	/System/Library/Frameworks/Kerberos.framework/Versions/A/Kerberos
0x0000000009e92000 	/System/Library/Frameworks/GSS.framework/Versions/A/GSS
0x0000000009e92000 	/usr/lib/libresolv.9.dylib
0x0000000009e92000 	/usr/lib/libiconv.2.dylib
0x0000000009e92000 	/System/Library/PrivateFrameworks/Heimdal.framework/Versions/A/Heimdal
0x0000000009e92000 	/usr/lib/libheimdal-asn1.dylib
0x0000000009e92000 	/System/Library/Frameworks/OpenDirectory.framework/Versions/A/OpenDirectory
0x0000000009e92000 	/System/Library/PrivateFrameworks/CommonAuth.framework/Versions/A/CommonAuth
0x0000000009e92000 	/System/Library/Frameworks/OpenDirectory.framework/Versions/A/Frameworks/CFOpenDirectory.framework/Versions/A/CFOpenDirectory
0x0000000009e92000 	/System/Library/Frameworks/SecurityFoundation.framework/Versions/A/SecurityFoundation
0x0000000009e92000 	/System/Library/PrivateFrameworks/LanguageModeling.framework/Versions/A/LanguageModeling
0x0000000009e92000 	/usr/lib/libmarisa.dylib
0x0000000009e92000 	/usr/lib/libChineseTokenizer.dylib
0x0000000009e92000 	/usr/lib/libcmph.dylib
0x0000000009e92000 	/System/Library/Frameworks/ServiceManagement.framework/Versions/A/ServiceManagement
0x0000000009e92000 	/usr/lib/libxslt.1.dylib
0x0000000009e92000 	/System/Library/Frameworks/Carbon.framework/Versions/A/Frameworks/Ink.framework/Versions/A/Ink
0x0000000009e92000 	/usr/lib/libFosl_dynamic.dylib
0x0000000009e92000 	/System/Library/PrivateFrameworks/FaceCore.framework/Versions/A/FaceCore
0x0000000009e92000 	/System/Library/Frameworks/OpenCL.framework/Versions/A/OpenCL
0x0000000009e92000 	/System/Library/PrivateFrameworks/CrashReporterSupport.framework/Versions/A/CrashReporterSupport
0x0000000009e92000 	/System/Library/PrivateFrameworks/IconServices.framework/Versions/A/IconServices
0x0000000009e92000 	/System/Library/PrivateFrameworks/Apple80211.framework/Versions/A/Apple80211
0x0000000009e92000 	/System/Library/Frameworks/CoreWLAN.framework/Versions/A/CoreWLAN
0x0000000009e92000 	/System/Library/Frameworks/IOBluetooth.framework/Versions/A/IOBluetooth
0x0000000009e92000 	/System/Library/PrivateFrameworks/CoreWiFi.framework/Versions/A/CoreWiFi
0x0000000009e92000 	/System/Library/Frameworks/CoreBluetooth.framework/Versions/A/CoreBluetooth
0x0000000009e92000 	/System/Library/PrivateFrameworks/ChunkingLibrary.framework/Versions/A/ChunkingLibrary
0x0000000009e92000 	/System/Library/PrivateFrameworks/DebugSymbols.framework/Versions/A/DebugSymbols
0x0000000009e92000 	/System/Library/PrivateFrameworks/CoreSymbolication.framework/Versions/A/CoreSymbolication
0x0000000009e92000 	/System/Library/PrivateFrameworks/Symbolication.framework/Versions/A/Symbolication
0x0000000009e92000 	/System/Library/PrivateFrameworks/SpeechRecognitionCore.framework/Versions/A/SpeechRecognitionCore
0x0000000105b8c000 	/Library/Java/JavaVirtualMachines/jdk1.8.0_60.jdk/Contents/Home/jre/lib/server/libjvm.dylib
0x0000000009e92000 	/usr/lib/libstdc++.6.dylib
0x0000000106b19000 	/Library/Java/JavaVirtualMachines/jdk1.8.0_60.jdk/Contents/Home/jre/lib/libverify.dylib
0x0000000106b27000 	/Library/Java/JavaVirtualMachines/jdk1.8.0_60.jdk/Contents/Home/jre/lib/libjava.dylib
0x0000000106b66000 	/Library/Java/JavaVirtualMachines/jdk1.8.0_60.jdk/Contents/Home/jre/lib/libzip.dylib
0x000000011a76c000 	/System/Library/Frameworks/JavaVM.framework/Frameworks/JavaRuntimeSupport.framework/JavaRuntimeSupport
0x000000011a787000 	/System/Library/Frameworks/JavaVM.framework/Versions/A/Frameworks/JavaNativeFoundation.framework/Versions/A/JavaNativeFoundation
0x000000011a79c000 	/System/Library/Frameworks/JavaVM.framework/Versions/A/JavaVM
0x0000000009e92000 	/System/Library/Frameworks/Carbon.framework/Versions/A/Carbon
0x000000011a7a9000 	/System/Library/PrivateFrameworks/JavaLaunching.framework/Versions/A/JavaLaunching
0x0000000009e92000 	/System/Library/Frameworks/Carbon.framework/Versions/A/Frameworks/CommonPanels.framework/Versions/A/CommonPanels
0x0000000009e92000 	/System/Library/Frameworks/Carbon.framework/Versions/A/Frameworks/Help.framework/Versions/A/Help
0x0000000009e92000 	/System/Library/Frameworks/Carbon.framework/Versions/A/Frameworks/ImageCapture.framework/Versions/A/ImageCapture
0x0000000009e92000 	/System/Library/Frameworks/Carbon.framework/Versions/A/Frameworks/OpenScripting.framework/Versions/A/OpenScripting
0x0000000009e92000 	/System/Library/Frameworks/Carbon.framework/Versions/A/Frameworks/Print.framework/Versions/A/Print
0x0000000009e92000 	/System/Library/Frameworks/Carbon.framework/Versions/A/Frameworks/SecurityHI.framework/Versions/A/SecurityHI
0x000000011c1ea000 	/Applications/IntelliJ IDEA.app/Contents/bin/libbreakgen64.jnilib
0x000000011c1ed000 	/Library/Java/JavaVirtualMachines/jdk1.8.0_60.jdk/Contents/Home/jre/lib/libnet.dylib
0x000000011c2e2000 	/Library/Java/JavaVirtualMachines/jdk1.8.0_60.jdk/Contents/Home/jre/lib/libprism_es2.dylib
0x0000000009e92000 	/System/Library/Frameworks/OpenGL.framework/Versions/A/Resources/GLEngine.bundle/GLEngine
0x0000000009e92000 	/System/Library/Frameworks/OpenGL.framework/Versions/A/Libraries/libGLProgrammability.dylib
0x000000011c364000 	/System/Library/Extensions/AppleIntelHD5000GraphicsGLDriver.bundle/Contents/MacOS/AppleIntelHD5000GraphicsGLDriver
0x0000000009e92000 	/System/Library/PrivateFrameworks/GPUSupport.framework/Versions/A/Libraries/libGPUSupportMercury.dylib
0x0000000009e92000 	/System/Library/Frameworks/OpenGL.framework/Versions/A/Resources/GLRendererFloat.bundle/GLRendererFloat
0x0000000009e92000 	/System/Library/Frameworks/OpenCL.framework/Versions/A/Libraries/libcldcpuengine.dylib
0x0000000009e92000 	/System/Library/PrivateFrameworks/DiskImages.framework/Versions/A/DiskImages
0x0000000009e92000 	/System/Library/Frameworks/DiscRecording.framework/Versions/A/DiscRecording
0x0000000009e92000 	/usr/lib/libcsfde.dylib
0x0000000009e92000 	/usr/lib/libcurl.4.dylib
0x0000000009e92000 	/System/Library/PrivateFrameworks/MediaKit.framework/Versions/A/MediaKit
0x0000000009e92000 	/System/Library/PrivateFrameworks/ProtectedCloudStorage.framework/Versions/A/ProtectedCloudStorage
0x0000000009e92000 	/usr/lib/libCoreStorage.dylib
0x0000000009e92000 	/System/Library/PrivateFrameworks/EFILogin.framework/Versions/A/EFILogin
0x0000000009e92000 	/usr/lib/libutil.dylib
0x0000000009e92000 	/System/Library/PrivateFrameworks/FindMyDevice.framework/Versions/A/FindMyDevice
0x0000000009e92000 	/System/Library/Frameworks/LDAP.framework/Versions/A/LDAP
0x0000000009e92000 	/usr/lib/libsasl2.2.dylib
0x0000000009e92000 	/System/Library/PrivateFrameworks/CoreDaemon.framework/Versions/B/CoreDaemon
0x0000000009e92000 	/usr/lib/libcrypto.0.9.8.dylib
0x0000000009e92000 	/System/Library/PrivateFrameworks/AppleSRP.framework/Versions/A/AppleSRP
0x0000000009e92000 	/System/Library/PrivateFrameworks/TrustEvaluationAgent.framework/Versions/A/TrustEvaluationAgent
0x000000011cee6000 	/Library/Java/JavaVirtualMachines/jdk1.8.0_60.jdk/Contents/Home/jre/lib/libglass.dylib
0x0000000009e92000 	/System/Library/PrivateFrameworks/CoreServicesInternal.framework/Versions/A/CoreServicesInternal
0x0000000009e92000 	/System/Library/CoreServices/RawCamera.bundle/Contents/MacOS/RawCamera
0x0000000009e92000 	/System/Library/Frameworks/CoreGraphics.framework/Versions/A/Resources/libRIP.A.dylib
0x0000000009e92000 	/System/Library/Frameworks/Accelerate.framework/Versions/A/Frameworks/vImage.framework/Versions/A/Libraries/libCGInterfaces.dylib
0x0000000009e92000 	/System/Library/PrivateFrameworks/FamilyControls.framework/Versions/A/FamilyControls
0x0000000009e92000 	/System/Library/PrivateFrameworks/CommerceKit.framework/Versions/A/Frameworks/CommerceCore.framework/Versions/A/CommerceCore
0x0000000009e92000 	/System/Library/PrivateFrameworks/SystemAdministration.framework/Versions/A/SystemAdministration
0x0000000009e92000 	/System/Library/PrivateFrameworks/AppContainer.framework/Versions/A/AppContainer
0x0000000009e92000 	/System/Library/PrivateFrameworks/SecCodeWrapper.framework/Versions/A/SecCodeWrapper
0x0000000009e92000 	/System/Library/Frameworks/DirectoryService.framework/Versions/A/DirectoryService
0x0000000009e92000 	/System/Library/PrivateFrameworks/LoginUIKit.framework/Versions/A/Frameworks/LoginUICore.framework/Versions/A/LoginUICore
0x0000000009e92000 	/usr/lib/libodfde.dylib
0x000000012025c000 	/Library/Java/JavaVirtualMachines/jdk1.8.0_60.jdk/Contents/Home/jre/lib/libjavafx_font.dylib
0x0000000009e92000 	/System/Library/Frameworks/CoreGraphics.framework/Versions/A/Resources/libCGXType.A.dylib
0x0000000121c0d000 	/Library/Java/JavaVirtualMachines/jdk1.8.0_60.jdk/Contents/Home/jre/lib/libprism_common.dylib
0x0000000122f2a000 	/System/Library/Extensions/AppleIntelHD5000GraphicsMTLDriver.bundle/Contents/MacOS/AppleIntelHD5000GraphicsMTLDriver
0x0000000120d47000 	cl_kernels
0x0000000009e92000 	/System/Library/Frameworks/OpenCL.framework/Versions/A/Libraries/ImageFormats/unorm8_bgra.dylib
0x0000000009e92000 	/System/Library/Frameworks/OpenCL.framework/Versions/A/Libraries/ImageFormats/unorm8_rgba.dylib
0x00000001216dd000 	/Library/Java/JavaVirtualMachines/jdk1.8.0_60.jdk/Contents/Home/jre/lib/libawt.dylib
0x0000000122b5b000 	/Library/Java/JavaVirtualMachines/jdk1.8.0_60.jdk/Contents/Home/jre/lib/./libmlib_image.dylib
0x0000000121f90000 	/Library/Java/JavaVirtualMachines/jdk1.8.0_60.jdk/Contents/Home/jre/lib/libawt_lwawt.dylib
0x0000000122c27000 	/Library/Java/JavaVirtualMachines/jdk1.8.0_60.jdk/Contents/Home/jre/lib/./libosxapp.dylib
0x0000000009e92000 	/System/Library/Frameworks/ExceptionHandling.framework/Versions/A/ExceptionHandling
0x0000000126000000 	/Library/Java/JavaVirtualMachines/jdk1.8.0_60.jdk/Contents/Home/jre/lib/libfontmanager.dylib
0x0000000123240000 	/Library/Java/JavaVirtualMachines/jdk1.8.0_60.jdk/Contents/Home/jre/lib/libosxui.dylib
0x000000012944a000 	/Library/Java/JavaVirtualMachines/jdk1.8.0_60.jdk/Contents/Home/jre/lib/libnio.dylib
0x0000000009e92000 	/System/Library/Frameworks/ApplicationServices.framework/Versions/A/Frameworks/ATS.framework/Versions/A/Resources/libTrueTypeScaler.dylib

VM Arguments:
jvm_args: -Didea.launcher.port=7539 -Didea.launcher.bin.path=/Applications/IntelliJ IDEA.app/Contents/bin -Dfile.encoding=UTF-8 
java_command: com.intellij.rt.execution.application.AppMain edu.virginia.menu.StartMenu
java_class_path (initial): /Users/austinchang/github/Game_Design_Four_Horsemen/bin:/Library/Java/JavaVirtualMachines/jdk1.8.0_60.jdk/Contents/Home/jre/lib/charsets.jar:/Library/Java/JavaVirtualMachines/jdk1.8.0_60.jdk/Contents/Home/jre/lib/deploy.jar:/Library/Java/JavaVirtualMachines/jdk1.8.0_60.jdk/Contents/Home/jre/lib/ext/cldrdata.jar:/Library/Java/JavaVirtualMachines/jdk1.8.0_60.jdk/Contents/Home/jre/lib/ext/dnsns.jar:/Library/Java/JavaVirtualMachines/jdk1.8.0_60.jdk/Contents/Home/jre/lib/ext/jaccess.jar:/Library/Java/JavaVirtualMachines/jdk1.8.0_60.jdk/Contents/Home/jre/lib/ext/jfxrt.jar:/Library/Java/JavaVirtualMachines/jdk1.8.0_60.jdk/Contents/Home/jre/lib/ext/localedata.jar:/Library/Java/JavaVirtualMachines/jdk1.8.0_60.jdk/Contents/Home/jre/lib/ext/nashorn.jar:/Library/Java/JavaVirtualMachines/jdk1.8.0_60.jdk/Contents/Home/jre/lib/ext/sunec.jar:/Library/Java/JavaVirtualMachines/jdk1.8.0_60.jdk/Contents/Home/jre/lib/ext/sunjce_provider.jar:/Library/Java/JavaVirtualMachines/jdk1.8.0_60.jdk/Contents/Home/jre/lib/ext/sunpkcs11.jar:/Library/Java/JavaVirtualMachines/jdk1.8.0_60.jdk/Contents/Home/jre/lib/ext/zipfs.jar:/Library/Java/JavaVirtualMachines/jdk1.8.0_60.jdk/Contents/Home/jre/lib/javaws.jar:/Library/Java/JavaVirtualMachines/jdk1.8.0_60.jdk/Contents/Home/jre/lib/jce.jar:/Library/Java/JavaVirtualMachines/jdk1.8.0_60.jdk/Contents/Home/jre/lib/jfr.jar:/Library/Java/JavaVirtualMachines/jdk1.8.0_60.jdk/Contents/Home/jre/lib/jfxswt.jar:/Library/Java/JavaVirtualMachines/jdk1.8.0_60.jdk/Contents/Home/jre/lib/jsse.jar:/Library/Java/JavaVirtualMachines/jdk1.8.0_60.jdk/Contents/Home/jre/lib/management-agent.jar:/Library/Java/JavaVirtualMachines/jdk1.8.0_60.jdk/Contents/Home/jre/lib/plugin.jar:/Library/Java/JavaVirtualMachines/jdk1.8.0_60.jdk/Contents/Home/jre/lib/resources.jar:/Library/Java/JavaVirtualMachines/jdk1.8.0_60.jdk/Contents/Home/jre/lib/rt.jar:/Library/Java/JavaVirtualMachines/jdk1.8.0_60.jdk/Contents/Home/lib/ant-javafx.jar:/Library/Java/JavaVirtualMachi
Launcher Type: SUN_STANDARD

Environment Variables:
CLASSPATH=:/Users/austinchang/java/junit-4.12.jar:/Users/austinchang/java/hamcrest-core-1.3.jar
PATH=/usr/bin:/bin:/usr/sbin:/sbin:/usr/local/bin:/opt/X11/bin:/Library/TeX/texbin:/Users/austinchang/java
SHELL=/bin/bash
DISPLAY=/private/tmp/com.apple.launchd.lXsDufQWEm/org.macosforge.xquartz:0

Signal Handlers:
SIGSEGV: [libjvm.dylib+0x5a6d31], sa_mask[0]=11111111011111110111111111111111, sa_flags=SA_ONSTACK|SA_RESTART|SA_SIGINFO
SIGBUS: [libjvm.dylib+0x5a6d31], sa_mask[0]=11111111011111110111111111111111, sa_flags=SA_RESTART|SA_SIGINFO
SIGFPE: [libjvm.dylib+0x480a4c], sa_mask[0]=11111111011111110111111111111111, sa_flags=SA_RESTART|SA_SIGINFO
SIGPIPE: [libjvm.dylib+0x480a4c], sa_mask[0]=11111111011111110111111111111111, sa_flags=SA_RESTART|SA_SIGINFO
SIGXFSZ: [libjvm.dylib+0x480a4c], sa_mask[0]=11111111011111110111111111111111, sa_flags=SA_RESTART|SA_SIGINFO
SIGILL: [libjvm.dylib+0x480a4c], sa_mask[0]=11111111011111110111111111111111, sa_flags=SA_RESTART|SA_SIGINFO
SIGUSR1: SIG_DFL, sa_mask[0]=00000000000000000000000000000000, sa_flags=none
SIGUSR2: [libjvm.dylib+0x48056a], sa_mask[0]=00100000000000000000000000000000, sa_flags=SA_RESTART|SA_SIGINFO
SIGHUP: [libjvm.dylib+0x47eb41], sa_mask[0]=11111111011111110111111111111111, sa_flags=SA_RESTART|SA_SIGINFO
SIGINT: [libjvm.dylib+0x47eb41], sa_mask[0]=11111111011111110111111111111111, sa_flags=SA_RESTART|SA_SIGINFO
SIGTERM: [libjvm.dylib+0x47eb41], sa_mask[0]=11111111011111110111111111111111, sa_flags=SA_RESTART|SA_SIGINFO
SIGQUIT: [libjvm.dylib+0x47eb41], sa_mask[0]=11111111011111110111111111111111, sa_flags=SA_RESTART|SA_SIGINFO


---------------  S Y S T E M  ---------------

OS:Bsduname:Darwin 15.6.0 Darwin Kernel Version 15.6.0: Mon Aug 29 20:21:34 PDT 2016; root:xnu-3248.60.11~1/RELEASE_X86_64 x86_64
rlimit: STACK 8192k, CORE 0k, NPROC 709, NOFILE 10240, AS infinity
load average:2.44 2.25 2.46

CPU:total 4 (2 cores per cpu, 2 threads per core) family 6 model 69 stepping 1, cmov, cx8, fxsr, mmx, sse, sse2, sse3, ssse3, sse4.1, sse4.2, popcnt, avx, avx2, aes, clmul, erms, lzcnt, ht, tsc, tscinvbit, bmi1, bmi2

Memory: 4k page, physical 4194304k(26408k free)

/proc/meminfo:


vm_info: Java HotSpot(TM) 64-Bit Server VM (25.60-b23) for bsd-amd64 JRE (1.8.0_60-b27), built on Aug  4 2015 10:47:24 by "java_re" with gcc 4.2.1 (Based on Apple Inc. build 5658) (LLVM build 2336.11.00)

time: Sun Apr 23 23:01:31 2017
elapsed time: 21 seconds (0d 0h 0m 21s)

