#
# A fatal error has been detected by the Java Runtime Environment:
#
#  SIGSEGV (0xb) at pc=0x000000010962e2ce, pid=1335, tid=2571
#
# JRE version: Java(TM) SE Runtime Environment (8.0_60-b27) (build 1.8.0_60-b27)
# Java VM: Java HotSpot(TM) 64-Bit Server VM (25.60-b23 mixed mode bsd-amd64 compressed oops)
# Problematic frame:
# V  [libjvm.dylib+0x1692ce]
#
# Failed to write core dump. Core dumps have been disabled. To enable core dumping, try "ulimit -c unlimited" before starting Java again
#
# If you would like to submit a bug report, please visit:
#   http://bugreport.java.com/bugreport/crash.jsp
#

---------------  T H R E A D  ---------------

Current thread is native thread

siginfo: si_signo: 11 (SIGSEGV), si_code: 1 (SEGV_MAPERR), si_addr: 0x0000000000000270

Registers:
RAX=0x0000000000000000, RBX=0x0000000000000000, RCX=0x00000001097d621b, RDX=0x00007fd3a29051f8
RSP=0x00007fff569b2790, RBP=0x00007fff569b27a0, RSI=0x0000000000000006, RDI=0x00007fff569b27e0
R8 =0x0000000000000000, R9 =0x0000000000000000, R10=0x00007fd3a3334260, R11=0x000000011e0c8ea0
R12=0x00007fd3a29051f8, R13=0x0000000123e7e4a0, R14=0x00007fd3a29051f8, R15=0x0000000000000000
RIP=0x000000010962e2ce, EFLAGS=0x0000000000010246, ERR=0x0000000000000006
  TRAPNO=0x000000000000000e

Top of Stack: (sp=0x00007fff569b2790)
0x00007fff569b2790:   00007fd3a0cac7c0 00007fd3a29051f8
0x00007fff569b27a0:   00007fff569b2800 00000001097d624b
0x00007fff569b27b0:   de00f950f43621e3 0000000000000000
0x00007fff569b27c0:   00007fd3a2a79e00 00007fd3a0ed4d10
0x00007fff569b27d0:   00007fff569b2800 00000001286586e9
0x00007fff569b27e0:   0000000000000000 00007fd3a33252c0
0x00007fff569b27f0:   00007fd3a2a79e00 00007fd3a0ed4d10
0x00007fff569b2800:   00007fff569b2860 00000001285b8ebb
0x00007fff569b2810:   de00f950f43621e3 0000000000000000
0x00007fff569b2820:   40a5e7d6171c0c8d 00007fd3a0ed5740
0x00007fff569b2830:   00007fff569b2860 00007fff9c8c04c0
0x00007fff569b2840:   0000000000000000 0000000123e7e4a0
0x00007fff569b2850:   00007fd3a0ed4d10 00007fd3a0ed5740
0x00007fff569b2860:   00007fff569b28c0 00007fff920a5793
0x00007fff569b2870:   000002ba00000004 0000000000000000
0x00007fff569b2880:   00007fd3a0ed4d10 0000000000000000
0x00007fff569b2890:   40a5e7d6171c0c8d 00007fff9c8c04c0
0x00007fff569b28a0:   00007fd3a3606240 00007fd3a0ed4d10
0x00007fff569b28b0:   0000000000000004 0000000000000000
0x00007fff569b28c0:   00007fff569b2930 00007fff920a533d
0x00007fff569b28d0:   3ff0000000000000 4094000000000000
0x00007fff569b28e0:   4085d00000000000 0000000000000000
0x00007fff569b28f0:   0000000000000000 4094000000000000
0x00007fff569b2900:   4085d00000000000 00007fff569b2a10
0x00007fff569b2910:   0000000123e7ff28 00007fff9300c6b2
0x00007fff569b2920:   0000000000000001 0000000123e7fe80
0x00007fff569b2930:   00007fff569b3a10 00007fff920494a5
0x00007fff569b2940:   00007fff569b3a10 00007fff92049367
0x00007fff569b2950:   000000010927ea00 00007fd3a1b4d800
0x00007fff569b2960:   0000000123e7ff28 0000000123e7ff28
0x00007fff569b2970:   0000000123e7fe80 0000000000000000
0x00007fff569b2980:   00007fd3a1a58600 00007fff569b2940 

Instructions: (pc=0x000000010962e2ce)
0x000000010962e2ae:   0e 48 8b 0b 49 8b 56 18 48 63 c0 48 89 0c c2 5b
0x000000010962e2be:   41 5e 5d c3 90 90 55 48 89 e5 41 56 53 48 8b 1f
0x000000010962e2ce:   c7 83 70 02 00 00 05 00 00 00 48 8d 05 d9 50 77
0x000000010962e2de:   00 8b 00 83 f8 01 41 89 f6 75 0c 48 8d 0d 16 b8 

Register to memory mapping:

RAX=0x0000000000000000 is an unknown value
RBX=0x0000000000000000 is an unknown value
RCX=0x00000001097d621b: jni_NewLocalRef+0 in /Library/Java/JavaVirtualMachines/jdk1.8.0_60.jdk/Contents/Home/jre/lib/server/libjvm.dylib at 0x00000001094c5000
RDX=0x00007fd3a29051f8 is an unknown value
RSP=0x00007fff569b2790 is an unknown value
RBP=0x00007fff569b27a0 is an unknown value
RSI=0x0000000000000006 is an unknown value
RDI=0x00007fff569b27e0 is an unknown value
R8 =0x0000000000000000 is an unknown value
R9 =0x0000000000000000 is an unknown value
R10=0x00007fd3a3334260 is an unknown value
R11=0x000000011e0c8ea0: OBJC_CLASS_$_JNFJObjectWrapper+0 in /System/Library/Frameworks/JavaVM.framework/Versions/A/Frameworks/JavaNativeFoundation.framework/Versions/A/JavaNativeFoundation at 0x000000011e0be000
R12=0x00007fd3a29051f8 is an unknown value
R13=0x0000000123e7e4a0 is an unknown value
R14=0x00007fd3a29051f8 is an unknown value
R15=0x0000000000000000 is an unknown value


Stack: [0x00007fff561b7000,0x00007fff569b7000],  sp=0x00007fff569b2790,  free space=8173k
Native frames: (J=compiled Java code, j=interpreted, Vv=VM code, C=native code)
V  [libjvm.dylib+0x1692ce]
V  [libjvm.dylib+0x31124b]
C  [libawt_lwawt.dylib+0x19ebb]  -[CGLLayer drawInCGLContext:pixelFormat:forLayerTime:displayTime:]+0xee
C  [QuartzCore+0x6d793]  _ZL17CAOpenGLLayerDrawP13CAOpenGLLayerdPK11CVTimeStampj+0x2ca
C  [QuartzCore+0x6d33d]  -[CAOpenGLLayer _display]+0x160
C  [QuartzCore+0x114a5]  _ZN2CA5Layer17display_if_neededEPNS_11TransactionE+0x25b
C  [QuartzCore+0x10fcd]  _ZN2CA5Layer28layout_and_display_if_neededEPNS_11TransactionE+0x23
C  [QuartzCore+0x104a1]  _ZN2CA7Context18commit_transactionEPNS_11TransactionE+0x115
C  [QuartzCore+0x100ec]  _ZN2CA11Transaction6commitEv+0x1fc
C  [QuartzCore+0x1b977]  _ZN2CA11Transaction17observer_callbackEP19__CFRunLoopObservermPv+0x47
C  [CoreFoundation+0xaa067]  __CFRUNLOOP_IS_CALLING_OUT_TO_AN_OBSERVER_CALLBACK_FUNCTION__+0x17
C  [CoreFoundation+0xa9fd7]  __CFRunLoopDoObservers+0x187
C  [CoreFoundation+0x895da]  __CFRunLoopRun+0x49a
C  [CoreFoundation+0x88ed8]  CFRunLoopRunSpecific+0x128
C  [java+0x6463]  CreateExecutionEnvironment+0x367
C  [java+0x21ac]  JLI_Launch+0x7a0
C  [java+0x84c0]  main+0x65
C  [java+0x1a04]  start+0x34


---------------  P R O C E S S  ---------------

VM state:not at safepoint (normal execution)

VM Mutex/Monitor currently owned by a thread: None

Heap:
 PSYoungGen      total 18944K, used 8737K [0x00000007aab00000, 0x00000007ac000000, 0x00000007c0000000)
  eden space 16384K, 37% used [0x00000007aab00000,0x00000007ab10aa00,0x00000007abb00000)
  from space 2560K, 99% used [0x00000007abb00000,0x00000007abd7daf0,0x00000007abd80000)
  to   space 2560K, 0% used [0x00000007abd80000,0x00000007abd80000,0x00000007ac000000)
 ParOldGen       total 44032K, used 9466K [0x0000000780000000, 0x0000000782b00000, 0x00000007aab00000)
  object space 44032K, 21% used [0x0000000780000000,0x000000078093e888,0x0000000782b00000)
 Metaspace       used 19223K, capacity 19838K, committed 20224K, reserved 1067008K
  class space    used 2574K, capacity 2750K, committed 2816K, reserved 1048576K

Card table byte_map: [0x000000011a1c0000,0x000000011a3c1000] byte_map_base: 0x00000001165c0000

Marking Bits: (ParMarkBitMap*) 0x0000000109da3e20
 Begin Bits: [0x000000011a3c1000, 0x000000011b3c1000)
 End Bits:   [0x000000011b3c1000, 0x000000011c3c1000)

Polling page: 0x000000010a495000

CodeCache: size=245760Kb used=5843Kb max_used=5848Kb free=239916Kb
 bounds [0x000000010ae00000, 0x000000010b3c0000, 0x0000000119e00000]
 total_blobs=2658 nmethods=1862 adapters=709
 compilation: enabled

Compilation events (10 events):
Event: 9.468 Thread 0x00007fd3a2023000 1856       1       com.sun.javafx.event.CompositeEventHandler$NormalEventHandlerRecord::isDisconnected (2 bytes)
Event: 9.468 Thread 0x00007fd3a2023000 nmethod 1856 0x000000010b3b2190 code [0x000000010b3b22e0, 0x000000010b3b23f0]
Event: 9.473 Thread 0x00007fd3a2023000 1858       3       java.lang.invoke.MethodHandles$Lookup::getDirectMethodCommon (271 bytes)
Event: 9.474 Thread 0x00007fd3a2018800 1861       4       sun.java2d.SunGraphics2D::setTransform (73 bytes)
Event: 9.476 Thread 0x00007fd3a2023000 nmethod 1858 0x000000010b3b2450 code [0x000000010b3b2760, 0x000000010b3b41d8]
Event: 9.476 Thread 0x00007fd3a2023000 1859       3       java.lang.invoke.MethodHandles$Lookup::checkMethod (83 bytes)
Event: 9.477 Thread 0x00007fd3a2023000 nmethod 1859 0x000000010b3b4b10 code [0x000000010b3b4d00, 0x000000010b3b5738]
Event: 9.477 Thread 0x00007fd3a2023000 1860       3       java.lang.Class::getReflectionFactory (26 bytes)
Event: 9.477 Thread 0x00007fd3a2023000 nmethod 1860 0x000000010b3b5a90 code [0x000000010b3b5c20, 0x000000010b3b6008]
Event: 9.478 Thread 0x00007fd3a2023000 1862       3       sun.invoke.util.VerifyAccess::isMemberAccessible (261 bytes)

GC Heap History (6 events):
Event: 0.988 GC heap before
{Heap before GC invocations=1 (full 0):
 PSYoungGen      total 18944K, used 16384K [0x00000007aab00000, 0x00000007ac000000, 0x00000007c0000000)
  eden space 16384K, 100% used [0x00000007aab00000,0x00000007abb00000,0x00000007abb00000)
  from space 2560K, 0% used [0x00000007abd80000,0x00000007abd80000,0x00000007ac000000)
  to   space 2560K, 0% used [0x00000007abb00000,0x00000007abb00000,0x00000007abd80000)
 ParOldGen       total 44032K, used 0K [0x0000000780000000, 0x0000000782b00000, 0x00000007aab00000)
  object space 44032K, 0% used [0x0000000780000000,0x0000000780000000,0x0000000782b00000)
 Metaspace       used 8861K, capacity 9248K, committed 9472K, reserved 1056768K
  class space    used 1148K, capacity 1261K, committed 1280K, reserved 1048576K
Event: 0.994 GC heap after
Heap after GC invocations=1 (full 0):
 PSYoungGen      total 18944K, used 2549K [0x00000007aab00000, 0x00000007ac000000, 0x00000007c0000000)
  eden space 16384K, 0% used [0x00000007aab00000,0x00000007aab00000,0x00000007abb00000)
  from space 2560K, 99% used [0x00000007abb00000,0x00000007abd7d4f0,0x00000007abd80000)
  to   space 2560K, 0% used [0x00000007abd80000,0x00000007abd80000,0x00000007ac000000)
 ParOldGen       total 44032K, used 56K [0x0000000780000000, 0x0000000782b00000, 0x00000007aab00000)
  object space 44032K, 0% used [0x0000000780000000,0x000000078000e000,0x0000000782b00000)
 Metaspace       used 8861K, capacity 9248K, committed 9472K, reserved 1056768K
  class space    used 1148K, capacity 1261K, committed 1280K, reserved 1048576K
}
Event: 3.737 GC heap before
{Heap before GC invocations=2 (full 0):
 PSYoungGen      total 18944K, used 18933K [0x00000007aab00000, 0x00000007ac000000, 0x00000007c0000000)
  eden space 16384K, 100% used [0x00000007aab00000,0x00000007abb00000,0x00000007abb00000)
  from space 2560K, 99% used [0x00000007abb00000,0x00000007abd7d4f0,0x00000007abd80000)
  to   space 2560K, 0% used [0x00000007abd80000,0x00000007abd80000,0x00000007ac000000)
 ParOldGen       total 44032K, used 56K [0x0000000780000000, 0x0000000782b00000, 0x00000007aab00000)
  object space 44032K, 0% used [0x0000000780000000,0x000000078000e000,0x0000000782b00000)
 Metaspace       used 17625K, capacity 18180K, committed 18560K, reserved 1064960K
  class space    used 2401K, capacity 2563K, committed 2688K, reserved 1048576K
Event: 3.751 GC heap after
Heap after GC invocations=2 (full 0):
 PSYoungGen      total 18944K, used 2551K [0x00000007aab00000, 0x00000007ac000000, 0x00000007c0000000)
  eden space 16384K, 0% used [0x00000007aab00000,0x00000007aab00000,0x00000007abb00000)
  from space 2560K, 99% used [0x00000007abd80000,0x00000007abffdf80,0x00000007ac000000)
  to   space 2560K, 0% used [0x00000007abb00000,0x00000007abb00000,0x00000007abd80000)
 ParOldGen       total 44032K, used 7258K [0x0000000780000000, 0x0000000782b00000, 0x00000007aab00000)
  object space 44032K, 16% used [0x0000000780000000,0x00000007807169f8,0x0000000782b00000)
 Metaspace       used 17625K, capacity 18180K, committed 18560K, reserved 1064960K
  class space    used 2401K, capacity 2563K, committed 2688K, reserved 1048576K
}
Event: 8.227 GC heap before
{Heap before GC invocations=3 (full 0):
 PSYoungGen      total 18944K, used 18935K [0x00000007aab00000, 0x00000007ac000000, 0x00000007c0000000)
  eden space 16384K, 100% used [0x00000007aab00000,0x00000007abb00000,0x00000007abb00000)
  from space 2560K, 99% used [0x00000007abd80000,0x00000007abffdf80,0x00000007ac000000)
  to   space 2560K, 0% used [0x00000007abb00000,0x00000007abb00000,0x00000007abd80000)
 ParOldGen       total 44032K, used 7258K [0x0000000780000000, 0x0000000782b00000, 0x00000007aab00000)
  object space 44032K, 16% used [0x0000000780000000,0x00000007807169f8,0x0000000782b00000)
 Metaspace       used 19102K, capacity 19718K, committed 19968K, reserved 1067008K
  class space    used 2566K, capacity 2738K, committed 2816K, reserved 1048576K
Event: 8.236 GC heap after
Heap after GC invocations=3 (full 0):
 PSYoungGen      total 18944K, used 2550K [0x00000007aab00000, 0x00000007ac000000, 0x00000007c0000000)
  eden space 16384K, 0% used [0x00000007aab00000,0x00000007aab00000,0x00000007abb00000)
  from space 2560K, 99% used [0x00000007abb00000,0x00000007abd7daf0,0x00000007abd80000)
  to   space 2560K, 0% used [0x00000007abd80000,0x00000007abd80000,0x00000007ac000000)
 ParOldGen       total 44032K, used 9466K [0x0000000780000000, 0x0000000782b00000, 0x00000007aab00000)
  object space 44032K, 21% used [0x0000000780000000,0x000000078093e888,0x0000000782b00000)
 Metaspace       used 19102K, capacity 19718K, committed 19968K, reserved 1067008K
  class space    used 2566K, capacity 2738K, committed 2816K, reserved 1048576K
}

Deoptimization events (10 events):
Event: 1.424 Thread 0x00007fd3a2905000 Uncommon trap: reason=class_check action=maybe_recompile pc=0x000000010af27098 method=java.lang.String.equals(Ljava/lang/Object;)Z @ 8
Event: 1.424 Thread 0x00007fd3a2905000 Uncommon trap: reason=class_check action=maybe_recompile pc=0x000000010af27098 method=java.lang.String.equals(Ljava/lang/Object;)Z @ 8
Event: 1.426 Thread 0x00007fd3a2905000 Uncommon trap: reason=class_check action=maybe_recompile pc=0x000000010af27098 method=java.lang.String.equals(Ljava/lang/Object;)Z @ 8
Event: 1.650 Thread 0x00007fd3a2087000 Uncommon trap: reason=unstable_if action=reinterpret pc=0x000000010b09e5f8 method=sun.net.www.ParseUtil.encodePath(Ljava/lang/String;Z)Ljava/lang/String; @ 109
Event: 3.647 Thread 0x00007fd3a2905000 Uncommon trap: reason=unstable_if action=reinterpret pc=0x000000010affefa8 method=java.lang.AbstractStringBuilder.append(Ljava/lang/String;)Ljava/lang/AbstractStringBuilder; @ 1
Event: 3.687 Thread 0x00007fd3a2905000 Uncommon trap: reason=unstable_if action=reinterpret pc=0x000000010b101a8c method=java.lang.CharacterDataLatin1.toUpperCase(I)I @ 12
Event: 7.556 Thread 0x00007fd3a1b1a000 Uncommon trap: reason=unstable_if action=reinterpret pc=0x000000010b32f238 method=java.lang.Math.round(F)I @ 23
Event: 9.460 Thread 0x00007fd3a2905000 Uncommon trap: reason=bimorphic action=maybe_recompile pc=0x000000010b19b840 method=java.util.HashMap.putVal(ILjava/lang/Object;Ljava/lang/Object;ZZ)Ljava/lang/Object; @ 203
Event: 9.460 Thread 0x00007fd3a2905000 Uncommon trap: reason=bimorphic action=maybe_recompile pc=0x000000010b19b840 method=java.util.HashMap.putVal(ILjava/lang/Object;Ljava/lang/Object;ZZ)Ljava/lang/Object; @ 203
Event: 9.460 Thread 0x00007fd3a2905000 Uncommon trap: reason=bimorphic action=maybe_recompile pc=0x000000010b19b840 method=java.util.HashMap.putVal(ILjava/lang/Object;Ljava/lang/Object;ZZ)Ljava/lang/Object; @ 203

Internal exceptions (10 events):
Event: 0.386 Thread 0x00007fd3a2086000 Exception <a 'java/security/PrivilegedActionException'> (0x00000007aaf7fed0) thrown at [/Users/java_re/workspace/8-2-build-macosx-x86_64/jdk8u60/4407/hotspot/src/share/vm/prims/jvm.cpp, line 1386]
Event: 0.386 Thread 0x00007fd3a2086000 Exception <a 'java/security/PrivilegedActionException'> (0x00000007aaf800e0) thrown at [/Users/java_re/workspace/8-2-build-macosx-x86_64/jdk8u60/4407/hotspot/src/share/vm/prims/jvm.cpp, line 1386]
Event: 0.386 Thread 0x00007fd3a2086000 Exception <a 'java/lang/NullPointerException'> (0x00000007aaf808d0) thrown at [/Users/java_re/workspace/8-2-build-macosx-x86_64/jdk8u60/4407/hotspot/src/share/vm/interpreter/linkResolver.cpp, line 1178]
Event: 0.798 Thread 0x00007fd3a2905000 Exception <a 'java/lang/NullPointerException'> (0x00000007ab64f1f0) thrown at [/Users/java_re/workspace/8-2-build-macosx-x86_64/jdk8u60/4407/hotspot/src/share/vm/interpreter/linkResolver.cpp, line 1178]
Event: 0.798 Thread 0x00007fd3a2905000 Exception <a 'java/lang/NullPointerException'> (0x00000007ab64f1f0) thrown at [/Users/java_re/workspace/8-2-build-macosx-x86_64/jdk8u60/4407/hotspot/src/share/vm/prims/jvm.cpp, line 1390]
Event: 1.294 Thread 0x00007fd3a2905000 Implicit null exception at 0x000000010b04b6b5 to 0x000000010b04b8b1
Event: 3.527 Thread 0x00007fd3a2905000 Exception <a 'java/io/FileNotFoundException'> (0x00000007ab86c528) thrown at [/Users/java_re/workspace/8-2-build-macosx-x86_64/jdk8u60/4407/hotspot/src/share/vm/prims/jni.cpp, line 709]
Event: 3.528 Thread 0x00007fd3a2905000 Exception <a 'java/io/FileNotFoundException'> (0x00000007ab86d280) thrown at [/Users/java_re/workspace/8-2-build-macosx-x86_64/jdk8u60/4407/hotspot/src/share/vm/prims/jni.cpp, line 709]
Event: 3.647 Thread 0x00007fd3a2905000 Implicit null exception at 0x000000010affec35 to 0x000000010affef95
Event: 3.753 Thread 0x00007fd3a183d000 Exception <a 'java/lang/NullPointerException'> (0x00000007aab54a48) thrown at [/Users/java_re/workspace/8-2-build-macosx-x86_64/jdk8u60/4407/hotspot/src/share/vm/interpreter/linkResolver.cpp, line 1178]

Events (10 events):
Event: 9.469 loading class javafx/application/Application done
Event: 9.477 loading class com/sun/javafx/tk/quantum/QuantumRenderer
Event: 9.477 loading class com/sun/javafx/tk/quantum/QuantumRenderer done
Event: 9.478 loading class com/sun/javafx/tk/quantum/QuantumToolkit
Event: 9.478 loading class com/sun/javafx/tk/quantum/QuantumToolkit done
Event: 9.478 Thread 0x00007fd3a2087000 Thread exited: 0x00007fd3a2087000
Event: 9.478 Thread 0x00007fd3a2086000 Thread exited: 0x00007fd3a2086000
Event: 9.478 Thread 0x00007fd3a2905000 Thread exited: 0x00007fd3a2905000
Event: 9.478 Thread 0x00007fd3a1009800 Thread exited: 0x00007fd3a1009800
Event: 9.478 Thread 0x00007fd3a21b7800 Thread added: 0x00007fd3a21b7800


Dynamic libraries:
0x0000000007faa000 	/System/Library/Frameworks/Cocoa.framework/Versions/A/Cocoa
0x0000000007faa000 	/System/Library/Frameworks/Security.framework/Versions/A/Security
0x0000000007faa000 	/System/Library/Frameworks/ApplicationServices.framework/Versions/A/ApplicationServices
0x0000000007faa000 	/usr/lib/libz.1.dylib
0x0000000007faa000 	/usr/lib/libSystem.B.dylib
0x0000000007faa000 	/usr/lib/libobjc.A.dylib
0x0000000007faa000 	/System/Library/Frameworks/CoreFoundation.framework/Versions/A/CoreFoundation
0x0000000007faa000 	/System/Library/Frameworks/Foundation.framework/Versions/C/Foundation
0x0000000007faa000 	/System/Library/Frameworks/AppKit.framework/Versions/C/AppKit
0x0000000007faa000 	/System/Library/Frameworks/CoreData.framework/Versions/A/CoreData
0x0000000007faa000 	/System/Library/PrivateFrameworks/RemoteViewServices.framework/Versions/A/RemoteViewServices
0x0000000007faa000 	/System/Library/PrivateFrameworks/UIFoundation.framework/Versions/A/UIFoundation
0x0000000007faa000 	/usr/lib/libScreenReader.dylib
0x0000000007faa000 	/System/Library/Frameworks/Accelerate.framework/Versions/A/Accelerate
0x0000000007faa000 	/System/Library/Frameworks/IOSurface.framework/Versions/A/IOSurface
0x0000000007faa000 	/System/Library/Frameworks/AudioToolbox.framework/Versions/A/AudioToolbox
0x0000000007faa000 	/System/Library/Frameworks/AudioUnit.framework/Versions/A/AudioUnit
0x0000000007faa000 	/System/Library/PrivateFrameworks/DataDetectorsCore.framework/Versions/A/DataDetectorsCore
0x0000000007faa000 	/System/Library/PrivateFrameworks/DesktopServicesPriv.framework/Versions/A/DesktopServicesPriv
0x0000000007faa000 	/System/Library/Frameworks/Carbon.framework/Versions/A/Frameworks/HIToolbox.framework/Versions/A/HIToolbox
0x0000000007faa000 	/System/Library/Frameworks/QuartzCore.framework/Versions/A/QuartzCore
0x0000000007faa000 	/System/Library/Frameworks/Carbon.framework/Versions/A/Frameworks/SpeechRecognition.framework/Versions/A/SpeechRecognition
0x0000000007faa000 	/usr/lib/libauto.dylib
0x0000000007faa000 	/usr/lib/libicucore.A.dylib
0x0000000007faa000 	/usr/lib/libxml2.2.dylib
0x0000000007faa000 	/System/Library/PrivateFrameworks/CoreUI.framework/Versions/A/CoreUI
0x0000000007faa000 	/System/Library/Frameworks/CoreAudio.framework/Versions/A/CoreAudio
0x0000000007faa000 	/System/Library/Frameworks/DiskArbitration.framework/Versions/A/DiskArbitration
0x0000000007faa000 	/usr/lib/liblangid.dylib
0x0000000007faa000 	/System/Library/PrivateFrameworks/MultitouchSupport.framework/Versions/A/MultitouchSupport
0x0000000007faa000 	/System/Library/Frameworks/IOKit.framework/Versions/A/IOKit
0x0000000007faa000 	/usr/lib/libDiagnosticMessagesClient.dylib
0x0000000007faa000 	/System/Library/Frameworks/CoreServices.framework/Versions/A/CoreServices
0x0000000007faa000 	/System/Library/PrivateFrameworks/PerformanceAnalysis.framework/Versions/A/PerformanceAnalysis
0x0000000007faa000 	/System/Library/PrivateFrameworks/GenerationalStorage.framework/Versions/A/GenerationalStorage
0x0000000007faa000 	/System/Library/Frameworks/OpenGL.framework/Versions/A/OpenGL
0x0000000007faa000 	/System/Library/PrivateFrameworks/Sharing.framework/Versions/A/Sharing
0x0000000007faa000 	/System/Library/Frameworks/CoreGraphics.framework/Versions/A/CoreGraphics
0x0000000007faa000 	/System/Library/Frameworks/CoreImage.framework/Versions/A/CoreImage
0x0000000007faa000 	/System/Library/Frameworks/CoreText.framework/Versions/A/CoreText
0x0000000007faa000 	/System/Library/Frameworks/ImageIO.framework/Versions/A/ImageIO
0x0000000007faa000 	/System/Library/PrivateFrameworks/Backup.framework/Versions/A/Backup
0x0000000007faa000 	/usr/lib/libextension.dylib
0x0000000007faa000 	/usr/lib/libarchive.2.dylib
0x0000000007faa000 	/System/Library/Frameworks/CFNetwork.framework/Versions/A/CFNetwork
0x0000000007faa000 	/System/Library/Frameworks/SystemConfiguration.framework/Versions/A/SystemConfiguration
0x0000000007faa000 	/usr/lib/libCRFSuite.dylib
0x0000000007faa000 	/usr/lib/libc++.1.dylib
0x0000000007faa000 	/usr/lib/libc++abi.dylib
0x0000000007faa000 	/usr/lib/system/libcache.dylib
0x0000000007faa000 	/usr/lib/system/libcommonCrypto.dylib
0x0000000007faa000 	/usr/lib/system/libcompiler_rt.dylib
0x0000000007faa000 	/usr/lib/system/libcopyfile.dylib
0x0000000007faa000 	/usr/lib/system/libcorecrypto.dylib
0x0000000007faa000 	/usr/lib/system/libdispatch.dylib
0x0000000007faa000 	/usr/lib/system/libdyld.dylib
0x0000000007faa000 	/usr/lib/system/libkeymgr.dylib
0x0000000007faa000 	/usr/lib/system/liblaunch.dylib
0x0000000007faa000 	/usr/lib/system/libmacho.dylib
0x0000000007faa000 	/usr/lib/system/libquarantine.dylib
0x0000000007faa000 	/usr/lib/system/libremovefile.dylib
0x0000000007faa000 	/usr/lib/system/libsystem_asl.dylib
0x0000000007faa000 	/usr/lib/system/libsystem_blocks.dylib
0x0000000007faa000 	/usr/lib/system/libsystem_c.dylib
0x0000000007faa000 	/usr/lib/system/libsystem_configuration.dylib
0x0000000007faa000 	/usr/lib/system/libsystem_coreservices.dylib
0x0000000007faa000 	/usr/lib/system/libsystem_coretls.dylib
0x0000000007faa000 	/usr/lib/system/libsystem_dnssd.dylib
0x0000000007faa000 	/usr/lib/system/libsystem_info.dylib
0x0000000007faa000 	/usr/lib/system/libsystem_kernel.dylib
0x0000000007faa000 	/usr/lib/system/libsystem_m.dylib
0x0000000007faa000 	/usr/lib/system/libsystem_malloc.dylib
0x0000000007faa000 	/usr/lib/system/libsystem_network.dylib
0x0000000007faa000 	/usr/lib/system/libsystem_networkextension.dylib
0x0000000007faa000 	/usr/lib/system/libsystem_notify.dylib
0x0000000007faa000 	/usr/lib/system/libsystem_platform.dylib
0x0000000007faa000 	/usr/lib/system/libsystem_pthread.dylib
0x0000000007faa000 	/usr/lib/system/libsystem_sandbox.dylib
0x0000000007faa000 	/usr/lib/system/libsystem_secinit.dylib
0x0000000007faa000 	/usr/lib/system/libsystem_trace.dylib
0x0000000007faa000 	/usr/lib/system/libunc.dylib
0x0000000007faa000 	/usr/lib/system/libunwind.dylib
0x0000000007faa000 	/usr/lib/system/libxpc.dylib
0x0000000007faa000 	/usr/lib/libenergytrace.dylib
0x0000000007faa000 	/usr/lib/libbsm.0.dylib
0x0000000007faa000 	/usr/lib/system/libkxld.dylib
0x0000000007faa000 	/usr/lib/libxar.1.dylib
0x0000000007faa000 	/usr/lib/libsqlite3.dylib
0x0000000007faa000 	/usr/lib/libpam.2.dylib
0x0000000007faa000 	/usr/lib/libOpenScriptingUtil.dylib
0x0000000007faa000 	/usr/lib/libbz2.1.0.dylib
0x0000000007faa000 	/usr/lib/liblzma.5.dylib
0x0000000007faa000 	/System/Library/Frameworks/CoreServices.framework/Versions/A/Frameworks/FSEvents.framework/Versions/A/FSEvents
0x0000000007faa000 	/System/Library/Frameworks/CoreServices.framework/Versions/A/Frameworks/CarbonCore.framework/Versions/A/CarbonCore
0x0000000007faa000 	/System/Library/Frameworks/CoreServices.framework/Versions/A/Frameworks/Metadata.framework/Versions/A/Metadata
0x0000000007faa000 	/System/Library/Frameworks/CoreServices.framework/Versions/A/Frameworks/OSServices.framework/Versions/A/OSServices
0x0000000007faa000 	/System/Library/Frameworks/CoreServices.framework/Versions/A/Frameworks/SearchKit.framework/Versions/A/SearchKit
0x0000000007faa000 	/System/Library/Frameworks/CoreServices.framework/Versions/A/Frameworks/AE.framework/Versions/A/AE
0x0000000007faa000 	/System/Library/Frameworks/CoreServices.framework/Versions/A/Frameworks/LaunchServices.framework/Versions/A/LaunchServices
0x0000000007faa000 	/System/Library/Frameworks/CoreServices.framework/Versions/A/Frameworks/DictionaryServices.framework/Versions/A/DictionaryServices
0x0000000007faa000 	/System/Library/Frameworks/CoreServices.framework/Versions/A/Frameworks/SharedFileList.framework/Versions/A/SharedFileList
0x0000000007faa000 	/System/Library/Frameworks/NetFS.framework/Versions/A/NetFS
0x0000000007faa000 	/System/Library/PrivateFrameworks/NetAuth.framework/Versions/A/NetAuth
0x0000000007faa000 	/System/Library/PrivateFrameworks/login.framework/Versions/A/Frameworks/loginsupport.framework/Versions/A/loginsupport
0x0000000007faa000 	/System/Library/PrivateFrameworks/TCC.framework/Versions/A/TCC
0x0000000007faa000 	/usr/lib/libmecabra.dylib
0x0000000007faa000 	/System/Library/Frameworks/ApplicationServices.framework/Versions/A/Frameworks/ATS.framework/Versions/A/ATS
0x0000000007faa000 	/System/Library/Frameworks/ApplicationServices.framework/Versions/A/Frameworks/ColorSync.framework/Versions/A/ColorSync
0x0000000007faa000 	/System/Library/Frameworks/ApplicationServices.framework/Versions/A/Frameworks/HIServices.framework/Versions/A/HIServices
0x0000000007faa000 	/System/Library/Frameworks/ApplicationServices.framework/Versions/A/Frameworks/LangAnalysis.framework/Versions/A/LangAnalysis
0x0000000007faa000 	/System/Library/Frameworks/ApplicationServices.framework/Versions/A/Frameworks/PrintCore.framework/Versions/A/PrintCore
0x0000000007faa000 	/System/Library/Frameworks/ApplicationServices.framework/Versions/A/Frameworks/QD.framework/Versions/A/QD
0x0000000007faa000 	/System/Library/Frameworks/ApplicationServices.framework/Versions/A/Frameworks/SpeechSynthesis.framework/Versions/A/SpeechSynthesis
0x0000000007faa000 	/System/Library/Frameworks/Metal.framework/Versions/A/Metal
0x0000000007faa000 	/System/Library/Frameworks/Accelerate.framework/Versions/A/Frameworks/vImage.framework/Versions/A/vImage
0x0000000007faa000 	/System/Library/Frameworks/Accelerate.framework/Versions/A/Frameworks/vecLib.framework/Versions/A/vecLib
0x0000000007faa000 	/System/Library/Frameworks/Accelerate.framework/Versions/A/Frameworks/vecLib.framework/Versions/A/libvDSP.dylib
0x0000000007faa000 	/System/Library/Frameworks/Accelerate.framework/Versions/A/Frameworks/vecLib.framework/Versions/A/libvMisc.dylib
0x0000000007faa000 	/System/Library/Frameworks/Accelerate.framework/Versions/A/Frameworks/vecLib.framework/Versions/A/libLAPACK.dylib
0x0000000007faa000 	/System/Library/Frameworks/Accelerate.framework/Versions/A/Frameworks/vecLib.framework/Versions/A/libBLAS.dylib
0x0000000007faa000 	/System/Library/Frameworks/Accelerate.framework/Versions/A/Frameworks/vecLib.framework/Versions/A/libLinearAlgebra.dylib
0x0000000007faa000 	/System/Library/Frameworks/Accelerate.framework/Versions/A/Frameworks/vecLib.framework/Versions/A/libSparseBLAS.dylib
0x0000000007faa000 	/System/Library/PrivateFrameworks/GPUCompiler.framework/libmetal_timestamp.dylib
0x0000000007faa000 	/System/Library/Frameworks/OpenGL.framework/Versions/A/Libraries/libCoreFSCache.dylib
0x0000000007faa000 	/System/Library/PrivateFrameworks/IOAccelerator.framework/Versions/A/IOAccelerator
0x0000000007faa000 	/System/Library/Frameworks/ApplicationServices.framework/Versions/A/Frameworks/ATS.framework/Versions/A/Resources/libFontParser.dylib
0x0000000007faa000 	/System/Library/Frameworks/ApplicationServices.framework/Versions/A/Frameworks/ATS.framework/Versions/A/Resources/libFontRegistry.dylib
0x0000000007faa000 	/System/Library/PrivateFrameworks/AppleVPA.framework/Versions/A/AppleVPA
0x0000000007faa000 	/System/Library/PrivateFrameworks/AppleJPEG.framework/Versions/A/AppleJPEG
0x0000000007faa000 	/System/Library/Frameworks/ImageIO.framework/Versions/A/Resources/libJPEG.dylib
0x0000000007faa000 	/System/Library/Frameworks/ImageIO.framework/Versions/A/Resources/libTIFF.dylib
0x0000000007faa000 	/System/Library/Frameworks/ImageIO.framework/Versions/A/Resources/libPng.dylib
0x0000000007faa000 	/System/Library/Frameworks/ImageIO.framework/Versions/A/Resources/libGIF.dylib
0x0000000007faa000 	/System/Library/Frameworks/ImageIO.framework/Versions/A/Resources/libJP2.dylib
0x0000000007faa000 	/System/Library/Frameworks/ImageIO.framework/Versions/A/Resources/libRadiance.dylib
0x0000000007faa000 	/System/Library/Frameworks/CoreVideo.framework/Versions/A/CoreVideo
0x0000000007faa000 	/System/Library/Frameworks/OpenGL.framework/Versions/A/Libraries/libGLU.dylib
0x0000000007faa000 	/System/Library/Frameworks/OpenGL.framework/Versions/A/Libraries/libGFXShared.dylib
0x0000000007faa000 	/System/Library/Frameworks/OpenGL.framework/Versions/A/Libraries/libGL.dylib
0x0000000007faa000 	/System/Library/Frameworks/OpenGL.framework/Versions/A/Libraries/libGLImage.dylib
0x0000000007faa000 	/System/Library/Frameworks/OpenGL.framework/Versions/A/Libraries/libCVMSPluginSupport.dylib
0x0000000007faa000 	/System/Library/Frameworks/OpenGL.framework/Versions/A/Libraries/libCoreVMClient.dylib
0x0000000007faa000 	/usr/lib/libcompression.dylib
0x0000000007faa000 	/usr/lib/libcups.2.dylib
0x0000000007faa000 	/System/Library/Frameworks/Kerberos.framework/Versions/A/Kerberos
0x0000000007faa000 	/System/Library/Frameworks/GSS.framework/Versions/A/GSS
0x0000000007faa000 	/usr/lib/libresolv.9.dylib
0x0000000007faa000 	/usr/lib/libiconv.2.dylib
0x0000000007faa000 	/System/Library/PrivateFrameworks/Heimdal.framework/Versions/A/Heimdal
0x0000000007faa000 	/usr/lib/libheimdal-asn1.dylib
0x0000000007faa000 	/System/Library/Frameworks/OpenDirectory.framework/Versions/A/OpenDirectory
0x0000000007faa000 	/System/Library/PrivateFrameworks/CommonAuth.framework/Versions/A/CommonAuth
0x0000000007faa000 	/System/Library/Frameworks/OpenDirectory.framework/Versions/A/Frameworks/CFOpenDirectory.framework/Versions/A/CFOpenDirectory
0x0000000007faa000 	/System/Library/Frameworks/SecurityFoundation.framework/Versions/A/SecurityFoundation
0x0000000007faa000 	/System/Library/PrivateFrameworks/LanguageModeling.framework/Versions/A/LanguageModeling
0x0000000007faa000 	/usr/lib/libmarisa.dylib
0x0000000007faa000 	/usr/lib/libChineseTokenizer.dylib
0x0000000007faa000 	/usr/lib/libcmph.dylib
0x0000000007faa000 	/System/Library/Frameworks/ServiceManagement.framework/Versions/A/ServiceManagement
0x0000000007faa000 	/usr/lib/libxslt.1.dylib
0x0000000007faa000 	/System/Library/Frameworks/Carbon.framework/Versions/A/Frameworks/Ink.framework/Versions/A/Ink
0x0000000007faa000 	/usr/lib/libFosl_dynamic.dylib
0x0000000007faa000 	/System/Library/PrivateFrameworks/FaceCore.framework/Versions/A/FaceCore
0x0000000007faa000 	/System/Library/Frameworks/OpenCL.framework/Versions/A/OpenCL
0x0000000007faa000 	/System/Library/PrivateFrameworks/CrashReporterSupport.framework/Versions/A/CrashReporterSupport
0x0000000007faa000 	/System/Library/PrivateFrameworks/IconServices.framework/Versions/A/IconServices
0x0000000007faa000 	/System/Library/PrivateFrameworks/Apple80211.framework/Versions/A/Apple80211
0x0000000007faa000 	/System/Library/Frameworks/CoreWLAN.framework/Versions/A/CoreWLAN
0x0000000007faa000 	/System/Library/Frameworks/IOBluetooth.framework/Versions/A/IOBluetooth
0x0000000007faa000 	/System/Library/PrivateFrameworks/CoreWiFi.framework/Versions/A/CoreWiFi
0x0000000007faa000 	/System/Library/Frameworks/CoreBluetooth.framework/Versions/A/CoreBluetooth
0x0000000007faa000 	/System/Library/PrivateFrameworks/ChunkingLibrary.framework/Versions/A/ChunkingLibrary
0x0000000007faa000 	/System/Library/PrivateFrameworks/DebugSymbols.framework/Versions/A/DebugSymbols
0x0000000007faa000 	/System/Library/PrivateFrameworks/CoreSymbolication.framework/Versions/A/CoreSymbolication
0x0000000007faa000 	/System/Library/PrivateFrameworks/Symbolication.framework/Versions/A/Symbolication
0x0000000007faa000 	/System/Library/PrivateFrameworks/SpeechRecognitionCore.framework/Versions/A/SpeechRecognitionCore
0x00000001094c5000 	/Library/Java/JavaVirtualMachines/jdk1.8.0_60.jdk/Contents/Home/jre/lib/server/libjvm.dylib
0x0000000007faa000 	/usr/lib/libstdc++.6.dylib
0x000000010a452000 	/Library/Java/JavaVirtualMachines/jdk1.8.0_60.jdk/Contents/Home/jre/lib/libverify.dylib
0x000000010a460000 	/Library/Java/JavaVirtualMachines/jdk1.8.0_60.jdk/Contents/Home/jre/lib/libjava.dylib
0x000000010a49f000 	/Library/Java/JavaVirtualMachines/jdk1.8.0_60.jdk/Contents/Home/jre/lib/libzip.dylib
0x000000011e0a3000 	/System/Library/Frameworks/JavaVM.framework/Frameworks/JavaRuntimeSupport.framework/JavaRuntimeSupport
0x000000011e0be000 	/System/Library/Frameworks/JavaVM.framework/Versions/A/Frameworks/JavaNativeFoundation.framework/Versions/A/JavaNativeFoundation
0x000000011e0d3000 	/System/Library/Frameworks/JavaVM.framework/Versions/A/JavaVM
0x0000000007faa000 	/System/Library/Frameworks/Carbon.framework/Versions/A/Carbon
0x000000011e0e0000 	/System/Library/PrivateFrameworks/JavaLaunching.framework/Versions/A/JavaLaunching
0x0000000007faa000 	/System/Library/Frameworks/Carbon.framework/Versions/A/Frameworks/CommonPanels.framework/Versions/A/CommonPanels
0x0000000007faa000 	/System/Library/Frameworks/Carbon.framework/Versions/A/Frameworks/Help.framework/Versions/A/Help
0x0000000007faa000 	/System/Library/Frameworks/Carbon.framework/Versions/A/Frameworks/ImageCapture.framework/Versions/A/ImageCapture
0x0000000007faa000 	/System/Library/Frameworks/Carbon.framework/Versions/A/Frameworks/OpenScripting.framework/Versions/A/OpenScripting
0x0000000007faa000 	/System/Library/Frameworks/Carbon.framework/Versions/A/Frameworks/Print.framework/Versions/A/Print
0x0000000007faa000 	/System/Library/Frameworks/Carbon.framework/Versions/A/Frameworks/SecurityHI.framework/Versions/A/SecurityHI
0x000000011fb23000 	/Applications/IntelliJ IDEA.app/Contents/bin/libbreakgen64.jnilib
0x000000011fb26000 	/Library/Java/JavaVirtualMachines/jdk1.8.0_60.jdk/Contents/Home/jre/lib/libnet.dylib
0x000000011fc1b000 	/Library/Java/JavaVirtualMachines/jdk1.8.0_60.jdk/Contents/Home/jre/lib/libprism_es2.dylib
0x0000000007faa000 	/System/Library/Frameworks/OpenGL.framework/Versions/A/Resources/GLEngine.bundle/GLEngine
0x0000000007faa000 	/System/Library/Frameworks/OpenGL.framework/Versions/A/Libraries/libGLProgrammability.dylib
0x000000011fc9d000 	/System/Library/Extensions/AppleIntelHD5000GraphicsGLDriver.bundle/Contents/MacOS/AppleIntelHD5000GraphicsGLDriver
0x0000000007faa000 	/System/Library/PrivateFrameworks/GPUSupport.framework/Versions/A/Libraries/libGPUSupportMercury.dylib
0x0000000007faa000 	/System/Library/Frameworks/OpenGL.framework/Versions/A/Resources/GLRendererFloat.bundle/GLRendererFloat
0x0000000007faa000 	/System/Library/Frameworks/OpenCL.framework/Versions/A/Libraries/libcldcpuengine.dylib
0x0000000007faa000 	/System/Library/PrivateFrameworks/DiskImages.framework/Versions/A/DiskImages
0x0000000007faa000 	/System/Library/Frameworks/DiscRecording.framework/Versions/A/DiscRecording
0x0000000007faa000 	/usr/lib/libcsfde.dylib
0x0000000007faa000 	/usr/lib/libcurl.4.dylib
0x0000000007faa000 	/System/Library/PrivateFrameworks/MediaKit.framework/Versions/A/MediaKit
0x0000000007faa000 	/System/Library/PrivateFrameworks/ProtectedCloudStorage.framework/Versions/A/ProtectedCloudStorage
0x0000000007faa000 	/usr/lib/libCoreStorage.dylib
0x0000000007faa000 	/System/Library/PrivateFrameworks/EFILogin.framework/Versions/A/EFILogin
0x0000000007faa000 	/usr/lib/libutil.dylib
0x0000000007faa000 	/System/Library/PrivateFrameworks/FindMyDevice.framework/Versions/A/FindMyDevice
0x0000000007faa000 	/System/Library/Frameworks/LDAP.framework/Versions/A/LDAP
0x0000000007faa000 	/usr/lib/libsasl2.2.dylib
0x0000000007faa000 	/System/Library/PrivateFrameworks/CoreDaemon.framework/Versions/B/CoreDaemon
0x0000000007faa000 	/usr/lib/libcrypto.0.9.8.dylib
0x0000000007faa000 	/System/Library/PrivateFrameworks/AppleSRP.framework/Versions/A/AppleSRP
0x0000000007faa000 	/System/Library/PrivateFrameworks/TrustEvaluationAgent.framework/Versions/A/TrustEvaluationAgent
0x000000012081f000 	/Library/Java/JavaVirtualMachines/jdk1.8.0_60.jdk/Contents/Home/jre/lib/libglass.dylib
0x0000000007faa000 	/System/Library/PrivateFrameworks/CoreServicesInternal.framework/Versions/A/CoreServicesInternal
0x0000000007faa000 	/System/Library/CoreServices/RawCamera.bundle/Contents/MacOS/RawCamera
0x0000000007faa000 	/System/Library/Frameworks/CoreGraphics.framework/Versions/A/Resources/libRIP.A.dylib
0x0000000007faa000 	/System/Library/Frameworks/Accelerate.framework/Versions/A/Frameworks/vImage.framework/Versions/A/Libraries/libCGInterfaces.dylib
0x0000000007faa000 	/System/Library/PrivateFrameworks/FamilyControls.framework/Versions/A/FamilyControls
0x0000000007faa000 	/System/Library/PrivateFrameworks/CommerceKit.framework/Versions/A/Frameworks/CommerceCore.framework/Versions/A/CommerceCore
0x0000000007faa000 	/System/Library/PrivateFrameworks/SystemAdministration.framework/Versions/A/SystemAdministration
0x0000000007faa000 	/System/Library/PrivateFrameworks/AppContainer.framework/Versions/A/AppContainer
0x0000000007faa000 	/System/Library/PrivateFrameworks/SecCodeWrapper.framework/Versions/A/SecCodeWrapper
0x0000000007faa000 	/System/Library/Frameworks/DirectoryService.framework/Versions/A/DirectoryService
0x0000000007faa000 	/System/Library/PrivateFrameworks/LoginUIKit.framework/Versions/A/Frameworks/LoginUICore.framework/Versions/A/LoginUICore
0x0000000007faa000 	/usr/lib/libodfde.dylib
0x0000000123b62000 	/Library/Java/JavaVirtualMachines/jdk1.8.0_60.jdk/Contents/Home/jre/lib/libjavafx_font.dylib
0x0000000007faa000 	/System/Library/Frameworks/CoreGraphics.framework/Versions/A/Resources/libCGXType.A.dylib
0x0000000126025000 	cl_kernels
0x0000000007faa000 	/System/Library/Frameworks/OpenCL.framework/Versions/A/Libraries/ImageFormats/unorm8_bgra.dylib
0x0000000007faa000 	/System/Library/Frameworks/OpenCL.framework/Versions/A/Libraries/ImageFormats/unorm8_rgba.dylib
0x0000000126c87000 	/Library/Java/JavaVirtualMachines/jdk1.8.0_60.jdk/Contents/Home/jre/lib/libprism_common.dylib
0x00000001277ee000 	/System/Library/Extensions/AppleIntelHD5000GraphicsMTLDriver.bundle/Contents/MacOS/AppleIntelHD5000GraphicsMTLDriver
0x000000012842b000 	/Library/Java/JavaVirtualMachines/jdk1.8.0_60.jdk/Contents/Home/jre/lib/libawt.dylib
0x00000001284d3000 	/Library/Java/JavaVirtualMachines/jdk1.8.0_60.jdk/Contents/Home/jre/lib/./libmlib_image.dylib
0x000000012859f000 	/Library/Java/JavaVirtualMachines/jdk1.8.0_60.jdk/Contents/Home/jre/lib/libawt_lwawt.dylib
0x0000000128654000 	/Library/Java/JavaVirtualMachines/jdk1.8.0_60.jdk/Contents/Home/jre/lib/./libosxapp.dylib
0x0000000007faa000 	/System/Library/Frameworks/ExceptionHandling.framework/Versions/A/ExceptionHandling
0x0000000129108000 	/Library/Java/JavaVirtualMachines/jdk1.8.0_60.jdk/Contents/Home/jre/lib/libfontmanager.dylib
0x000000012916f000 	/Library/Java/JavaVirtualMachines/jdk1.8.0_60.jdk/Contents/Home/jre/lib/libosxui.dylib
0x000000012bd53000 	/Library/Java/JavaVirtualMachines/jdk1.8.0_60.jdk/Contents/Home/jre/lib/libnio.dylib
0x0000000007faa000 	/System/Library/Frameworks/ApplicationServices.framework/Versions/A/Frameworks/ATS.framework/Versions/A/Resources/libTrueTypeScaler.dylib

VM Arguments:
jvm_args: -Didea.launcher.port=7532 -Didea.launcher.bin.path=/Applications/IntelliJ IDEA.app/Contents/bin -Dfile.encoding=UTF-8 
java_command: com.intellij.rt.execution.application.AppMain edu.virginia.menu.StartMenu
java_class_path (initial): /Users/austinchang/github/Game_Design_Four_Horsemen/bin:/Library/Java/JavaVirtualMachines/jdk1.8.0_60.jdk/Contents/Home/jre/lib/charsets.jar:/Library/Java/JavaVirtualMachines/jdk1.8.0_60.jdk/Contents/Home/jre/lib/deploy.jar:/Library/Java/JavaVirtualMachines/jdk1.8.0_60.jdk/Contents/Home/jre/lib/ext/cldrdata.jar:/Library/Java/JavaVirtualMachines/jdk1.8.0_60.jdk/Contents/Home/jre/lib/ext/dnsns.jar:/Library/Java/JavaVirtualMachines/jdk1.8.0_60.jdk/Contents/Home/jre/lib/ext/jaccess.jar:/Library/Java/JavaVirtualMachines/jdk1.8.0_60.jdk/Contents/Home/jre/lib/ext/jfxrt.jar:/Library/Java/JavaVirtualMachines/jdk1.8.0_60.jdk/Contents/Home/jre/lib/ext/localedata.jar:/Library/Java/JavaVirtualMachines/jdk1.8.0_60.jdk/Contents/Home/jre/lib/ext/nashorn.jar:/Library/Java/JavaVirtualMachines/jdk1.8.0_60.jdk/Contents/Home/jre/lib/ext/sunec.jar:/Library/Java/JavaVirtualMachines/jdk1.8.0_60.jdk/Contents/Home/jre/lib/ext/sunjce_provider.jar:/Library/Java/JavaVirtualMachines/jdk1.8.0_60.jdk/Contents/Home/jre/lib/ext/sunpkcs11.jar:/Library/Java/JavaVirtualMachines/jdk1.8.0_60.jdk/Contents/Home/jre/lib/ext/zipfs.jar:/Library/Java/JavaVirtualMachines/jdk1.8.0_60.jdk/Contents/Home/jre/lib/javaws.jar:/Library/Java/JavaVirtualMachines/jdk1.8.0_60.jdk/Contents/Home/jre/lib/jce.jar:/Library/Java/JavaVirtualMachines/jdk1.8.0_60.jdk/Contents/Home/jre/lib/jfr.jar:/Library/Java/JavaVirtualMachines/jdk1.8.0_60.jdk/Contents/Home/jre/lib/jfxswt.jar:/Library/Java/JavaVirtualMachines/jdk1.8.0_60.jdk/Contents/Home/jre/lib/jsse.jar:/Library/Java/JavaVirtualMachines/jdk1.8.0_60.jdk/Contents/Home/jre/lib/management-agent.jar:/Library/Java/JavaVirtualMachines/jdk1.8.0_60.jdk/Contents/Home/jre/lib/plugin.jar:/Library/Java/JavaVirtualMachines/jdk1.8.0_60.jdk/Contents/Home/jre/lib/resources.jar:/Library/Java/JavaVirtualMachines/jdk1.8.0_60.jdk/Contents/Home/jre/lib/rt.jar:/Library/Java/JavaVirtualMachines/jdk1.8.0_60.jdk/Contents/Home/lib/ant-javafx.jar:/Library/Java/JavaVirtualMachi
Launcher Type: SUN_STANDARD

Environment Variables:
CLASSPATH=:/Users/austinchang/java/junit-4.12.jar:/Users/austinchang/java/hamcrest-core-1.3.jar
PATH=/usr/bin:/bin:/usr/sbin:/sbin:/usr/local/bin:/opt/X11/bin:/Library/TeX/texbin:/Users/austinchang/java
SHELL=/bin/bash
DISPLAY=/private/tmp/com.apple.launchd.DG0rtzkw7i/org.macosforge.xquartz:0

Signal Handlers:
SIGSEGV: [libjvm.dylib+0x5a6d31], sa_mask[0]=11111111011111110111111111111111, sa_flags=SA_ONSTACK|SA_RESTART|SA_SIGINFO
SIGBUS: [libjvm.dylib+0x5a6d31], sa_mask[0]=11111111011111110111111111111111, sa_flags=SA_RESTART|SA_SIGINFO
SIGFPE: [libjvm.dylib+0x480a4c], sa_mask[0]=11111111011111110111111111111111, sa_flags=SA_RESTART|SA_SIGINFO
SIGPIPE: [libjvm.dylib+0x480a4c], sa_mask[0]=11111111011111110111111111111111, sa_flags=SA_RESTART|SA_SIGINFO
SIGXFSZ: [libjvm.dylib+0x480a4c], sa_mask[0]=11111111011111110111111111111111, sa_flags=SA_RESTART|SA_SIGINFO
SIGILL: [libjvm.dylib+0x480a4c], sa_mask[0]=11111111011111110111111111111111, sa_flags=SA_RESTART|SA_SIGINFO
SIGUSR1: SIG_DFL, sa_mask[0]=00000000000000000000000000000000, sa_flags=none
SIGUSR2: [libjvm.dylib+0x48056a], sa_mask[0]=00100000000000000000000000000000, sa_flags=SA_RESTART|SA_SIGINFO
SIGHUP: [libjvm.dylib+0x47eb41], sa_mask[0]=11111111011111110111111111111111, sa_flags=SA_RESTART|SA_SIGINFO
SIGINT: [libjvm.dylib+0x47eb41], sa_mask[0]=11111111011111110111111111111111, sa_flags=SA_RESTART|SA_SIGINFO
SIGTERM: [libjvm.dylib+0x47eb41], sa_mask[0]=11111111011111110111111111111111, sa_flags=SA_RESTART|SA_SIGINFO
SIGQUIT: [libjvm.dylib+0x47eb41], sa_mask[0]=11111111011111110111111111111111, sa_flags=SA_RESTART|SA_SIGINFO


---------------  S Y S T E M  ---------------

OS:Bsduname:Darwin 15.6.0 Darwin Kernel Version 15.6.0: Mon Aug 29 20:21:34 PDT 2016; root:xnu-3248.60.11~1/RELEASE_X86_64 x86_64
rlimit: STACK 8192k, CORE 0k, NPROC 709, NOFILE 10240, AS infinity
load average:3.03 2.07 2.00

CPU:total 4 (2 cores per cpu, 2 threads per core) family 6 model 69 stepping 1, cmov, cx8, fxsr, mmx, sse, sse2, sse3, ssse3, sse4.1, sse4.2, popcnt, avx, avx2, aes, clmul, erms, lzcnt, ht, tsc, tscinvbit, bmi1, bmi2

Memory: 4k page, physical 4194304k(36640k free)

/proc/meminfo:


vm_info: Java HotSpot(TM) 64-Bit Server VM (25.60-b23) for bsd-amd64 JRE (1.8.0_60-b27), built on Aug  4 2015 10:47:24 by "java_re" with gcc 4.2.1 (Based on Apple Inc. build 5658) (LLVM build 2336.11.00)

time: Mon Apr 24 13:16:59 2017
elapsed time: 9 seconds (0d 0h 0m 9s)

