#
# A fatal error has been detected by the Java Runtime Environment:
#
#  SIGSEGV (0xb) at pc=0x0000000109b692ce, pid=7474, tid=2571
#
# JRE version: Java(TM) SE Runtime Environment (8.0_60-b27) (build 1.8.0_60-b27)
# Java VM: Java HotSpot(TM) 64-Bit Server VM (25.60-b23 mixed mode bsd-amd64 compressed oops)
# Problematic frame:
# V  [libjvm.dylib+0x1692ce]  ThreadStateTransition::trans_from_native(JavaThreadState)+0xa
#
# Failed to write core dump. Core dumps have been disabled. To enable core dumping, try "ulimit -c unlimited" before starting Java again
#
# If you would like to submit a bug report, please visit:
#   http://bugreport.java.com/bugreport/crash.jsp
#

---------------  T H R E A D  ---------------

Current thread is native thread

siginfo: si_signo: 11 (SIGSEGV), si_code: 1 (SEGV_MAPERR), si_addr: 0x0000000000000270

Registers:
RAX=0x0000000000000000, RBX=0x0000000000000000, RCX=0x0000000109d1121b, RDX=0x00007fad0a87d1f8
RSP=0x00007fff56e42790, RBP=0x00007fff56e427a0, RSI=0x0000000000000006, RDI=0x00007fff56e427e0
R8 =0x0000000000000000, R9 =0x0000000000000000, R10=0x00007fad0cd43550, R11=0x000000011dc3dea0
R12=0x00007fad0a87d1f8, R13=0x00000001239ee510, R14=0x00007fad0a87d1f8, R15=0x0000000000000000
RIP=0x0000000109b692ce, EFLAGS=0x0000000000010246, ERR=0x0000000000000006
  TRAPNO=0x000000000000000e

Top of Stack: (sp=0x00007fff56e42790)
0x00007fff56e42790:   00007fad0a63a578 00007fad0a87d1f8
0x00007fff56e427a0:   00007fff56e42800 0000000109d1124b
0x00007fff56e427b0:   0c0020d554d14a47 0000000000000000
0x00007fff56e427c0:   00007fad0c4e4000 00007fad0a7ae420
0x00007fff56e427d0:   00007fff56e42800 00000001260d46e9
0x00007fff56e427e0:   0000000000000000 00007fad0a6e6e80
0x00007fff56e427f0:   00007fad0c4e4000 00007fad0a7ae420
0x00007fff56e42800:   00007fff56e42860 0000000125452ebb
0x00007fff56e42810:   0c0020d554d14a47 0000000000000000
0x00007fff56e42820:   40e4da2cbdcec3af 00007fad0a7ae460
0x00007fff56e42830:   00007fff56e42860 00007fff9e7a84c0
0x00007fff56e42840:   0000000000000000 00000001239ee510
0x00007fff56e42850:   00007fad0a7ae420 00007fad0a7ae460
0x00007fff56e42860:   00007fff56e428c0 00007fff93f8d793
0x00007fff56e42870:   000002ba00000004 0000000000000000
0x00007fff56e42880:   00007fad0a7ae420 0000000000000000
0x00007fff56e42890:   40e4da2cbdcec3af 00007fff9e7a84c0
0x00007fff56e428a0:   00007fad0cd45e80 00007fad0a7ae420
0x00007fff56e428b0:   0000000000000004 0000000000000000
0x00007fff56e428c0:   00007fff56e42930 00007fff93f8d33d
0x00007fff56e428d0:   3ff0000000000000 4094000000000000
0x00007fff56e428e0:   4085d00000000000 0000000000000000
0x00007fff56e428f0:   0000000000000000 4094000000000000
0x00007fff56e42900:   4085d00000000000 00007fff56e42a10
0x00007fff56e42910:   00000001239ef328 00007fff94ef46b2
0x00007fff56e42920:   0000000000000001 00000001239ef280
0x00007fff56e42930:   00007fff56e43a10 00007fff93f314a5
0x00007fff56e42940:   00007fff56e43a10 00007fff93f31367
0x00007fff56e42950:   0000000108defe00 00007fad0c274000
0x00007fff56e42960:   00000001239ef328 00000001239ef328
0x00007fff56e42970:   00000001239ef280 0000000000000000
0x00007fff56e42980:   00007fad0c1e9800 00007fff56e42940 

Instructions: (pc=0x0000000109b692ce)
0x0000000109b692ae:   0e 48 8b 0b 49 8b 56 18 48 63 c0 48 89 0c c2 5b
0x0000000109b692be:   41 5e 5d c3 90 90 55 48 89 e5 41 56 53 48 8b 1f
0x0000000109b692ce:   c7 83 70 02 00 00 05 00 00 00 48 8d 05 d9 50 77
0x0000000109b692de:   00 8b 00 83 f8 01 41 89 f6 75 0c 48 8d 0d 16 b8 

Register to memory mapping:

RAX=0x0000000000000000 is an unknown value
RBX=0x0000000000000000 is an unknown value
RCX=0x0000000109d1121b: jni_NewLocalRef+0 in /Library/Java/JavaVirtualMachines/jdk1.8.0_60.jdk/Contents/Home/jre/lib/server/libjvm.dylib at 0x0000000109a00000
RDX=0x00007fad0a87d1f8 is an unknown value
RSP=0x00007fff56e42790 is an unknown value
RBP=0x00007fff56e427a0 is an unknown value
RSI=0x0000000000000006 is an unknown value
RDI=0x00007fff56e427e0 is an unknown value
R8 =0x0000000000000000 is an unknown value
R9 =0x0000000000000000 is an unknown value
R10=0x00007fad0cd43550 is an unknown value
R11=0x000000011dc3dea0: OBJC_CLASS_$_JNFJObjectWrapper+0 in /System/Library/Frameworks/JavaVM.framework/Versions/A/Frameworks/JavaNativeFoundation.framework/Versions/A/JavaNativeFoundation at 0x000000011dc33000
R12=0x00007fad0a87d1f8 is an unknown value
R13=0x00000001239ee510 is an unknown value
R14=0x00007fad0a87d1f8 is an unknown value
R15=0x0000000000000000 is an unknown value


Stack: [0x00007fff56647000,0x00007fff56e47000],  sp=0x00007fff56e42790,  free space=8173k
Native frames: (J=compiled Java code, j=interpreted, Vv=VM code, C=native code)
V  [libjvm.dylib+0x1692ce]  ThreadStateTransition::trans_from_native(JavaThreadState)+0xa
V  [libjvm.dylib+0x31124b]  jni_NewLocalRef+0x30
C  [libawt_lwawt.dylib+0x19ebb]  -[CGLLayer drawInCGLContext:pixelFormat:forLayerTime:displayTime:]+0xee
C  [QuartzCore+0x6d793]  CAOpenGLLayerDraw(CAOpenGLLayer*, double, CVTimeStamp const*, unsigned int)+0x2ca
C  [QuartzCore+0x6d33d]  -[CAOpenGLLayer _display]+0x160
C  [QuartzCore+0x114a5]  CA::Layer::display_if_needed(CA::Transaction*)+0x25b
C  [QuartzCore+0x10fcd]  CA::Layer::layout_and_display_if_needed(CA::Transaction*)+0x23
C  [QuartzCore+0x104a1]  CA::Context::commit_transaction(CA::Transaction*)+0x115
C  [QuartzCore+0x100ec]  CA::Transaction::commit()+0x1fc
C  [QuartzCore+0x1b977]  CA::Transaction::observer_callback(__CFRunLoopObserver*, unsigned long, void*)+0x47
C  [CoreFoundation+0xaa067]  __CFRUNLOOP_IS_CALLING_OUT_TO_AN_OBSERVER_CALLBACK_FUNCTION__+0x17
C  [CoreFoundation+0xa9fd7]  __CFRunLoopDoObservers+0x187
C  [CoreFoundation+0x895da]  __CFRunLoopRun+0x49a
C  [CoreFoundation+0x88ed8]  CFRunLoopRunSpecific+0x128
C  [java+0x6463]  CreateExecutionEnvironment+0x367
C  [java+0x21ac]  JLI_Launch+0x7a0
C  [java+0x84c0]  main+0x65
C  [java+0x1a04]  start+0x34


---------------  P R O C E S S  ---------------

VM state:not at safepoint (normal execution)

VM Mutex/Monitor currently owned by a thread: None

Heap:
 PSYoungGen      total 26112K, used 9954K [0x00000007aab00000, 0x00000007ace00000, 0x00000007c0000000)
  eden space 16384K, 59% used [0x00000007aab00000,0x00000007ab498940,0x00000007abb00000)
  from space 9728K, 1% used [0x00000007ac480000,0x00000007ac4a0000,0x00000007ace00000)
  to   space 9728K, 0% used [0x00000007abb00000,0x00000007abb00000,0x00000007ac480000)
 ParOldGen       total 44032K, used 13414K [0x0000000780000000, 0x0000000782b00000, 0x00000007aab00000)
  object space 44032K, 30% used [0x0000000780000000,0x0000000780d19b90,0x0000000782b00000)
 Metaspace       used 19267K, capacity 19866K, committed 20224K, reserved 1067008K
  class space    used 2535K, capacity 2718K, committed 2816K, reserved 1048576K

Card table byte_map: [0x0000000119d49000,0x0000000119f4a000] byte_map_base: 0x0000000116149000

Marking Bits: (ParMarkBitMap*) 0x000000010a2dee20
 Begin Bits: [0x0000000119f4a000, 0x000000011af4a000)
 End Bits:   [0x000000011af4a000, 0x000000011bf4a000)

Polling page: 0x000000010907c000

CodeCache: size=245760Kb used=7700Kb max_used=7700Kb free=238059Kb
 bounds [0x000000010a989000, 0x000000010b119000, 0x0000000119989000]
 total_blobs=3109 nmethods=2313 adapters=709
 compilation: enabled

Compilation events (10 events):
Event: 19.828 Thread 0x00007fad0b097000 2310       3       java.lang.invoke.MethodHandles$Lookup::getDirectMethodCommon (271 bytes)
Event: 19.830 Thread 0x00007fad0b019800 2313       4       java.util.concurrent.atomic.AtomicBoolean::get (13 bytes)
Event: 19.831 Thread 0x00007fad0b019800 nmethod 2313 0x000000010b0b3a10 code [0x000000010b0b3b60, 0x000000010b0b3bd8]
Event: 19.832 Thread 0x00007fad0b097000 nmethod 2310 0x000000010b100990 code [0x000000010b100ca0, 0x000000010b102718]
Event: 19.832 Thread 0x00007fad0b097000 2311       3       java.lang.invoke.MethodHandles$Lookup::checkMethod (83 bytes)
Event: 19.833 Thread 0x00007fad0b097000 nmethod 2311 0x000000010b0f0490 code [0x000000010b0f0680, 0x000000010b0f10b8]
Event: 19.833 Thread 0x00007fad0b097000 2312       3       java.lang.invoke.MethodHandles$Lookup::maybeBindCaller (44 bytes)
Event: 19.834 Thread 0x00007fad0b097000 nmethod 2312 0x000000010b0ef590 code [0x000000010b0ef780, 0x000000010b0f00f8]
Event: 19.834 Thread 0x00007fad0b097000 2314       3       sun.invoke.util.VerifyAccess::isMemberAccessible (261 bytes)
Event: 19.836 Thread 0x00007fad0b097000 nmethod 2314 0x000000010b0fe890 code [0x000000010b0feb80, 0x000000010b100118]

GC Heap History (10 events):
Event: 10.896 GC heap before
{Heap before GC invocations=6 (full 0):
 PSYoungGen      total 18944K, used 18937K [0x00000007aab00000, 0x00000007acf00000, 0x00000007c0000000)
  eden space 16384K, 100% used [0x00000007aab00000,0x00000007abb00000,0x00000007abb00000)
  from space 2560K, 99% used [0x00000007abb00000,0x00000007abd7e760,0x00000007abd80000)
  to   space 10240K, 0% used [0x00000007ac500000,0x00000007ac500000,0x00000007acf00000)
 ParOldGen       total 44032K, used 10797K [0x0000000780000000, 0x0000000782b00000, 0x00000007aab00000)
  object space 44032K, 24% used [0x0000000780000000,0x0000000780a8b430,0x0000000782b00000)
 Metaspace       used 19194K, capacity 19740K, committed 19968K, reserved 1067008K
  class space    used 2524K, capacity 2705K, committed 2816K, reserved 1048576K
Event: 10.904 GC heap after
Heap after GC invocations=6 (full 0):
 PSYoungGen      total 25600K, used 2649K [0x00000007aab00000, 0x00000007ace00000, 0x00000007c0000000)
  eden space 16384K, 0% used [0x00000007aab00000,0x00000007aab00000,0x00000007abb00000)
  from space 9216K, 28% used [0x00000007ac500000,0x00000007ac796760,0x00000007ace00000)
  to   space 9728K, 0% used [0x00000007abb00000,0x00000007abb00000,0x00000007ac480000)
 ParOldGen       total 44032K, used 10797K [0x0000000780000000, 0x0000000782b00000, 0x00000007aab00000)
  object space 44032K, 24% used [0x0000000780000000,0x0000000780a8b430,0x0000000782b00000)
 Metaspace       used 19194K, capacity 19740K, committed 19968K, reserved 1067008K
  class space    used 2524K, capacity 2705K, committed 2816K, reserved 1048576K
}
Event: 12.866 GC heap before
{Heap before GC invocations=7 (full 0):
 PSYoungGen      total 25600K, used 19033K [0x00000007aab00000, 0x00000007ace00000, 0x00000007c0000000)
  eden space 16384K, 100% used [0x00000007aab00000,0x00000007abb00000,0x00000007abb00000)
  from space 9216K, 28% used [0x00000007ac500000,0x00000007ac796760,0x00000007ace00000)
  to   space 9728K, 0% used [0x00000007abb00000,0x00000007abb00000,0x00000007ac480000)
 ParOldGen       total 44032K, used 10797K [0x0000000780000000, 0x0000000782b00000, 0x00000007aab00000)
  object space 44032K, 24% used [0x0000000780000000,0x0000000780a8b430,0x0000000782b00000)
 Metaspace       used 19198K, capacity 19740K, committed 19968K, reserved 1067008K
  class space    used 2525K, capacity 2705K, committed 2816K, reserved 1048576K
Event: 12.875 GC heap after
Heap after GC invocations=7 (full 0):
 PSYoungGen      total 26112K, used 260K [0x00000007aab00000, 0x00000007acf00000, 0x00000007c0000000)
  eden space 16384K, 0% used [0x00000007aab00000,0x00000007aab00000,0x00000007abb00000)
  from space 9728K, 2% used [0x00000007abb00000,0x00000007abb41260,0x00000007ac480000)
  to   space 10240K, 0% used [0x00000007ac500000,0x00000007ac500000,0x00000007acf00000)
 ParOldGen       total 44032K, used 13194K [0x0000000780000000, 0x0000000782b00000, 0x00000007aab00000)
  object space 44032K, 29% used [0x0000000780000000,0x0000000780ce2930,0x0000000782b00000)
 Metaspace       used 19198K, capacity 19740K, committed 19968K, reserved 1067008K
  class space    used 2525K, capacity 2705K, committed 2816K, reserved 1048576K
}
Event: 14.821 GC heap before
{Heap before GC invocations=8 (full 0):
 PSYoungGen      total 26112K, used 16644K [0x00000007aab00000, 0x00000007acf00000, 0x00000007c0000000)
  eden space 16384K, 100% used [0x00000007aab00000,0x00000007abb00000,0x00000007abb00000)
  from space 9728K, 2% used [0x00000007abb00000,0x00000007abb41260,0x00000007ac480000)
  to   space 10240K, 0% used [0x00000007ac500000,0x00000007ac500000,0x00000007acf00000)
 ParOldGen       total 44032K, used 13194K [0x0000000780000000, 0x0000000782b00000, 0x00000007aab00000)
  object space 44032K, 29% used [0x0000000780000000,0x0000000780ce2930,0x0000000782b00000)
 Metaspace       used 19199K, capacity 19740K, committed 19968K, reserved 1067008K
  class space    used 2525K, capacity 2705K, committed 2816K, reserved 1048576K
Event: 14.823 GC heap after
Heap after GC invocations=8 (full 0):
 PSYoungGen      total 26624K, used 160K [0x00000007aab00000, 0x00000007acf00000, 0x00000007c0000000)
  eden space 16384K, 0% used [0x00000007aab00000,0x00000007aab00000,0x00000007abb00000)
  from space 10240K, 1% used [0x00000007ac500000,0x00000007ac528000,0x00000007acf00000)
  to   space 10240K, 0% used [0x00000007abb00000,0x00000007abb00000,0x00000007ac500000)
 ParOldGen       total 44032K, used 13358K [0x0000000780000000, 0x0000000782b00000, 0x00000007aab00000)
  object space 44032K, 30% used [0x0000000780000000,0x0000000780d0bb90,0x0000000782b00000)
 Metaspace       used 19199K, capacity 19740K, committed 19968K, reserved 1067008K
  class space    used 2525K, capacity 2705K, committed 2816K, reserved 1048576K
}
Event: 16.766 GC heap before
{Heap before GC invocations=9 (full 0):
 PSYoungGen      total 26624K, used 16544K [0x00000007aab00000, 0x00000007acf00000, 0x00000007c0000000)
  eden space 16384K, 100% used [0x00000007aab00000,0x00000007abb00000,0x00000007abb00000)
  from space 10240K, 1% used [0x00000007ac500000,0x00000007ac528000,0x00000007acf00000)
  to   space 10240K, 0% used [0x00000007abb00000,0x00000007abb00000,0x00000007ac500000)
 ParOldGen       total 44032K, used 13358K [0x0000000780000000, 0x0000000782b00000, 0x00000007aab00000)
  object space 44032K, 30% used [0x0000000780000000,0x0000000780d0bb90,0x0000000782b00000)
 Metaspace       used 19199K, capacity 19740K, committed 19968K, reserved 1067008K
  class space    used 2525K, capacity 2705K, committed 2816K, reserved 1048576K
Event: 16.769 GC heap after
Heap after GC invocations=9 (full 0):
 PSYoungGen      total 16896K, used 160K [0x00000007aab00000, 0x00000007ace00000, 0x00000007c0000000)
  eden space 16384K, 0% used [0x00000007aab00000,0x00000007aab00000,0x00000007abb00000)
  from space 512K, 31% used [0x00000007abb00000,0x00000007abb28000,0x00000007abb80000)
  to   space 9728K, 0% used [0x00000007ac480000,0x00000007ac480000,0x00000007ace00000)
 ParOldGen       total 44032K, used 13390K [0x0000000780000000, 0x0000000782b00000, 0x00000007aab00000)
  object space 44032K, 30% used [0x0000000780000000,0x0000000780d13b90,0x0000000782b00000)
 Metaspace       used 19199K, capacity 19740K, committed 19968K, reserved 1067008K
  class space    used 2525K, capacity 2705K, committed 2816K, reserved 1048576K
}
Event: 18.776 GC heap before
{Heap before GC invocations=10 (full 0):
 PSYoungGen      total 16896K, used 16544K [0x00000007aab00000, 0x00000007ace00000, 0x00000007c0000000)
  eden space 16384K, 100% used [0x00000007aab00000,0x00000007abb00000,0x00000007abb00000)
  from space 512K, 31% used [0x00000007abb00000,0x00000007abb28000,0x00000007abb80000)
  to   space 9728K, 0% used [0x00000007ac480000,0x00000007ac480000,0x00000007ace00000)
 ParOldGen       total 44032K, used 13390K [0x0000000780000000, 0x0000000782b00000, 0x00000007aab00000)
  object space 44032K, 30% used [0x0000000780000000,0x0000000780d13b90,0x0000000782b00000)
 Metaspace       used 19199K, capacity 19740K, committed 19968K, reserved 1067008K
  class space    used 2525K, capacity 2705K, committed 2816K, reserved 1048576K
Event: 18.777 GC heap after
Heap after GC invocations=10 (full 0):
 PSYoungGen      total 26112K, used 128K [0x00000007aab00000, 0x00000007ace00000, 0x00000007c0000000)
  eden space 16384K, 0% used [0x00000007aab00000,0x00000007aab00000,0x00000007abb00000)
  from space 9728K, 1% used [0x00000007ac480000,0x00000007ac4a0000,0x00000007ace00000)
  to   space 9728K, 0% used [0x00000007abb00000,0x00000007abb00000,0x00000007ac480000)
 ParOldGen       total 44032K, used 13414K [0x0000000780000000, 0x0000000782b00000, 0x00000007aab00000)
  object space 44032K, 30% used [0x0000000780000000,0x0000000780d19b90,0x0000000782b00000)
 Metaspace       used 19199K, capacity 19740K, committed 19968K, reserved 1067008K
  class space    used 2525K, capacity 2705K, committed 2816K, reserved 1048576K
}

Deoptimization events (10 events):
Event: 18.384 Thread 0x00007fad0b984800 Uncommon trap: reason=array_check action=maybe_recompile pc=0x000000010b0e9704 method=java.util.TimSort.reverseRange([Ljava/lang/Object;II)V @ 20
Event: 18.384 Thread 0x00007fad0b984800 Uncommon trap: reason=array_check action=maybe_recompile pc=0x000000010b0e9704 method=java.util.TimSort.reverseRange([Ljava/lang/Object;II)V @ 20
Event: 18.384 Thread 0x00007fad0b984800 Uncommon trap: reason=array_check action=maybe_recompile pc=0x000000010b0e9704 method=java.util.TimSort.reverseRange([Ljava/lang/Object;II)V @ 20
Event: 18.384 Thread 0x00007fad0b984800 Uncommon trap: reason=array_check action=maybe_recompile pc=0x000000010b0e9704 method=java.util.TimSort.reverseRange([Ljava/lang/Object;II)V @ 20
Event: 18.402 Thread 0x00007fad0b984800 Uncommon trap: reason=array_check action=maybe_recompile pc=0x000000010b0ea954 method=java.util.TimSort.reverseRange([Ljava/lang/Object;II)V @ 27
Event: 18.402 Thread 0x00007fad0b984800 Uncommon trap: reason=array_check action=maybe_recompile pc=0x000000010b0ea954 method=java.util.TimSort.reverseRange([Ljava/lang/Object;II)V @ 27
Event: 19.805 Thread 0x00007fad0a87d000 Uncommon trap: reason=bimorphic action=maybe_recompile pc=0x000000010ad165c4 method=java.util.HashMap.putVal(ILjava/lang/Object;Ljava/lang/Object;ZZ)Ljava/lang/Object; @ 203
Event: 19.805 Thread 0x00007fad0a87d000 Uncommon trap: reason=bimorphic action=maybe_recompile pc=0x000000010ad165c4 method=java.util.HashMap.putVal(ILjava/lang/Object;Ljava/lang/Object;ZZ)Ljava/lang/Object; @ 203
Event: 19.805 Thread 0x00007fad0a87d000 Uncommon trap: reason=bimorphic action=maybe_recompile pc=0x000000010ad165c4 method=java.util.HashMap.putVal(ILjava/lang/Object;Ljava/lang/Object;ZZ)Ljava/lang/Object; @ 203
Event: 19.811 Thread 0x00007fad0a87d000 Uncommon trap: reason=unstable_if action=reinterpret pc=0x000000010b07db7c method=java.security.AccessControlContext.optimize()Ljava/security/AccessControlContext; @ 233

Internal exceptions (10 events):
Event: 0.408 Thread 0x00007fad0b139800 Exception <a 'java/security/PrivilegedActionException'> (0x00000007aaf7c8a8) thrown at [/Users/java_re/workspace/8-2-build-macosx-x86_64/jdk8u60/4407/hotspot/src/share/vm/prims/jvm.cpp, line 1386]
Event: 0.408 Thread 0x00007fad0b139800 Exception <a 'java/lang/NullPointerException'> (0x00000007aaf7d098) thrown at [/Users/java_re/workspace/8-2-build-macosx-x86_64/jdk8u60/4407/hotspot/src/share/vm/interpreter/linkResolver.cpp, line 1178]
Event: 0.819 Thread 0x00007fad0a87d000 Exception <a 'java/lang/NullPointerException'> (0x00000007ab64a768) thrown at [/Users/java_re/workspace/8-2-build-macosx-x86_64/jdk8u60/4407/hotspot/src/share/vm/interpreter/linkResolver.cpp, line 1178]
Event: 0.819 Thread 0x00007fad0a87d000 Exception <a 'java/lang/NullPointerException'> (0x00000007ab64a768) thrown at [/Users/java_re/workspace/8-2-build-macosx-x86_64/jdk8u60/4407/hotspot/src/share/vm/prims/jvm.cpp, line 1390]
Event: 2.516 Thread 0x00007fad0a87d000 Exception <a 'java/io/FileNotFoundException'> (0x00000007ab7e3f28) thrown at [/Users/java_re/workspace/8-2-build-macosx-x86_64/jdk8u60/4407/hotspot/src/share/vm/prims/jni.cpp, line 709]
Event: 2.516 Thread 0x00007fad0a87d000 Exception <a 'java/io/FileNotFoundException'> (0x00000007ab7e4c80) thrown at [/Users/java_re/workspace/8-2-build-macosx-x86_64/jdk8u60/4407/hotspot/src/share/vm/prims/jni.cpp, line 709]
Event: 2.634 Thread 0x00007fad0a87d000 Implicit null exception at 0x000000010acc70f5 to 0x000000010acc7461
Event: 2.635 Thread 0x00007fad0a87d000 Implicit null exception at 0x000000010ab95bb5 to 0x000000010ab95f15
Event: 2.741 Thread 0x00007fad0a818800 Exception <a 'java/lang/NullPointerException'> (0x00000007aab6bef0) thrown at [/Users/java_re/workspace/8-2-build-macosx-x86_64/jdk8u60/4407/hotspot/src/share/vm/interpreter/linkResolver.cpp, line 1178]
Event: 5.062 Thread 0x00007fad0a818800 Exception <a 'java/lang/NullPointerException'> (0x00000007aab119e0) thrown at [/Users/java_re/workspace/8-2-build-macosx-x86_64/jdk8u60/4407/hotspot/src/share/vm/interpreter/linkResolver.cpp, line 1178]

Events (10 events):
Event: 19.816 loading class javafx/application/Application done
Event: 19.832 loading class com/sun/javafx/tk/quantum/QuantumRenderer
Event: 19.832 loading class com/sun/javafx/tk/quantum/QuantumRenderer done
Event: 19.833 loading class com/sun/javafx/tk/quantum/QuantumToolkit
Event: 19.833 loading class com/sun/javafx/tk/quantum/QuantumToolkit done
Event: 19.833 Thread 0x00007fad0b866000 Thread exited: 0x00007fad0b866000
Event: 19.833 Thread 0x00007fad0a87d000 Thread exited: 0x00007fad0a87d000
Event: 19.833 Thread 0x00007fad0b139800 Thread exited: 0x00007fad0b139800
Event: 19.834 Thread 0x00007fad0b007800 Thread exited: 0x00007fad0b007800
Event: 19.834 Thread 0x00007fad0c25b800 Thread added: 0x00007fad0c25b800


Dynamic libraries:
0x0000000009e92000 	/System/Library/Frameworks/Cocoa.framework/Versions/A/Cocoa
0x0000000009e92000 	/System/Library/Frameworks/Security.framework/Versions/A/Security
0x0000000009e92000 	/System/Library/Frameworks/ApplicationServices.framework/Versions/A/ApplicationServices
0x0000000009e92000 	/usr/lib/libz.1.dylib
0x0000000009e92000 	/usr/lib/libSystem.B.dylib
0x0000000009e92000 	/usr/lib/libobjc.A.dylib
0x0000000009e92000 	/System/Library/Frameworks/CoreFoundation.framework/Versions/A/CoreFoundation
0x0000000009e92000 	/System/Library/Frameworks/Foundation.framework/Versions/C/Foundation
0x0000000009e92000 	/System/Library/Frameworks/AppKit.framework/Versions/C/AppKit
0x0000000009e92000 	/System/Library/Frameworks/CoreData.framework/Versions/A/CoreData
0x0000000009e92000 	/System/Library/PrivateFrameworks/RemoteViewServices.framework/Versions/A/RemoteViewServices
0x0000000009e92000 	/System/Library/PrivateFrameworks/UIFoundation.framework/Versions/A/UIFoundation
0x0000000009e92000 	/usr/lib/libScreenReader.dylib
0x0000000009e92000 	/System/Library/Frameworks/Accelerate.framework/Versions/A/Accelerate
0x0000000009e92000 	/System/Library/Frameworks/IOSurface.framework/Versions/A/IOSurface
0x0000000009e92000 	/System/Library/Frameworks/AudioToolbox.framework/Versions/A/AudioToolbox
0x0000000009e92000 	/System/Library/Frameworks/AudioUnit.framework/Versions/A/AudioUnit
0x0000000009e92000 	/System/Library/PrivateFrameworks/DataDetectorsCore.framework/Versions/A/DataDetectorsCore
0x0000000009e92000 	/System/Library/PrivateFrameworks/DesktopServicesPriv.framework/Versions/A/DesktopServicesPriv
0x0000000009e92000 	/System/Library/Frameworks/Carbon.framework/Versions/A/Frameworks/HIToolbox.framework/Versions/A/HIToolbox
0x0000000009e92000 	/System/Library/Frameworks/QuartzCore.framework/Versions/A/QuartzCore
0x0000000009e92000 	/System/Library/Frameworks/Carbon.framework/Versions/A/Frameworks/SpeechRecognition.framework/Versions/A/SpeechRecognition
0x0000000009e92000 	/usr/lib/libauto.dylib
0x0000000009e92000 	/usr/lib/libicucore.A.dylib
0x0000000009e92000 	/usr/lib/libxml2.2.dylib
0x0000000009e92000 	/System/Library/PrivateFrameworks/CoreUI.framework/Versions/A/CoreUI
0x0000000009e92000 	/System/Library/Frameworks/CoreAudio.framework/Versions/A/CoreAudio
0x0000000009e92000 	/System/Library/Frameworks/DiskArbitration.framework/Versions/A/DiskArbitration
0x0000000009e92000 	/usr/lib/liblangid.dylib
0x0000000009e92000 	/System/Library/PrivateFrameworks/MultitouchSupport.framework/Versions/A/MultitouchSupport
0x0000000009e92000 	/System/Library/Frameworks/IOKit.framework/Versions/A/IOKit
0x0000000009e92000 	/usr/lib/libDiagnosticMessagesClient.dylib
0x0000000009e92000 	/System/Library/Frameworks/CoreServices.framework/Versions/A/CoreServices
0x0000000009e92000 	/System/Library/PrivateFrameworks/PerformanceAnalysis.framework/Versions/A/PerformanceAnalysis
0x0000000009e92000 	/System/Library/PrivateFrameworks/GenerationalStorage.framework/Versions/A/GenerationalStorage
0x0000000009e92000 	/System/Library/Frameworks/OpenGL.framework/Versions/A/OpenGL
0x0000000009e92000 	/System/Library/PrivateFrameworks/Sharing.framework/Versions/A/Sharing
0x0000000009e92000 	/System/Library/Frameworks/CoreGraphics.framework/Versions/A/CoreGraphics
0x0000000009e92000 	/System/Library/Frameworks/CoreImage.framework/Versions/A/CoreImage
0x0000000009e92000 	/System/Library/Frameworks/CoreText.framework/Versions/A/CoreText
0x0000000009e92000 	/System/Library/Frameworks/ImageIO.framework/Versions/A/ImageIO
0x0000000009e92000 	/System/Library/PrivateFrameworks/Backup.framework/Versions/A/Backup
0x0000000009e92000 	/usr/lib/libextension.dylib
0x0000000009e92000 	/usr/lib/libarchive.2.dylib
0x0000000009e92000 	/System/Library/Frameworks/CFNetwork.framework/Versions/A/CFNetwork
0x0000000009e92000 	/System/Library/Frameworks/SystemConfiguration.framework/Versions/A/SystemConfiguration
0x0000000009e92000 	/usr/lib/libCRFSuite.dylib
0x0000000009e92000 	/usr/lib/libc++.1.dylib
0x0000000009e92000 	/usr/lib/libc++abi.dylib
0x0000000009e92000 	/usr/lib/system/libcache.dylib
0x0000000009e92000 	/usr/lib/system/libcommonCrypto.dylib
0x0000000009e92000 	/usr/lib/system/libcompiler_rt.dylib
0x0000000009e92000 	/usr/lib/system/libcopyfile.dylib
0x0000000009e92000 	/usr/lib/system/libcorecrypto.dylib
0x0000000009e92000 	/usr/lib/system/libdispatch.dylib
0x0000000009e92000 	/usr/lib/system/libdyld.dylib
0x0000000009e92000 	/usr/lib/system/libkeymgr.dylib
0x0000000009e92000 	/usr/lib/system/liblaunch.dylib
0x0000000009e92000 	/usr/lib/system/libmacho.dylib
0x0000000009e92000 	/usr/lib/system/libquarantine.dylib
0x0000000009e92000 	/usr/lib/system/libremovefile.dylib
0x0000000009e92000 	/usr/lib/system/libsystem_asl.dylib
0x0000000009e92000 	/usr/lib/system/libsystem_blocks.dylib
0x0000000009e92000 	/usr/lib/system/libsystem_c.dylib
0x0000000009e92000 	/usr/lib/system/libsystem_configuration.dylib
0x0000000009e92000 	/usr/lib/system/libsystem_coreservices.dylib
0x0000000009e92000 	/usr/lib/system/libsystem_coretls.dylib
0x0000000009e92000 	/usr/lib/system/libsystem_dnssd.dylib
0x0000000009e92000 	/usr/lib/system/libsystem_info.dylib
0x0000000009e92000 	/usr/lib/system/libsystem_kernel.dylib
0x0000000009e92000 	/usr/lib/system/libsystem_m.dylib
0x0000000009e92000 	/usr/lib/system/libsystem_malloc.dylib
0x0000000009e92000 	/usr/lib/system/libsystem_network.dylib
0x0000000009e92000 	/usr/lib/system/libsystem_networkextension.dylib
0x0000000009e92000 	/usr/lib/system/libsystem_notify.dylib
0x0000000009e92000 	/usr/lib/system/libsystem_platform.dylib
0x0000000009e92000 	/usr/lib/system/libsystem_pthread.dylib
0x0000000009e92000 	/usr/lib/system/libsystem_sandbox.dylib
0x0000000009e92000 	/usr/lib/system/libsystem_secinit.dylib
0x0000000009e92000 	/usr/lib/system/libsystem_trace.dylib
0x0000000009e92000 	/usr/lib/system/libunc.dylib
0x0000000009e92000 	/usr/lib/system/libunwind.dylib
0x0000000009e92000 	/usr/lib/system/libxpc.dylib
0x0000000009e92000 	/usr/lib/libenergytrace.dylib
0x0000000009e92000 	/usr/lib/libbsm.0.dylib
0x0000000009e92000 	/usr/lib/system/libkxld.dylib
0x0000000009e92000 	/usr/lib/libxar.1.dylib
0x0000000009e92000 	/usr/lib/libsqlite3.dylib
0x0000000009e92000 	/usr/lib/libpam.2.dylib
0x0000000009e92000 	/usr/lib/libOpenScriptingUtil.dylib
0x0000000009e92000 	/usr/lib/libbz2.1.0.dylib
0x0000000009e92000 	/usr/lib/liblzma.5.dylib
0x0000000009e92000 	/System/Library/Frameworks/CoreServices.framework/Versions/A/Frameworks/FSEvents.framework/Versions/A/FSEvents
0x0000000009e92000 	/System/Library/Frameworks/CoreServices.framework/Versions/A/Frameworks/CarbonCore.framework/Versions/A/CarbonCore
0x0000000009e92000 	/System/Library/Frameworks/CoreServices.framework/Versions/A/Frameworks/Metadata.framework/Versions/A/Metadata
0x0000000009e92000 	/System/Library/Frameworks/CoreServices.framework/Versions/A/Frameworks/OSServices.framework/Versions/A/OSServices
0x0000000009e92000 	/System/Library/Frameworks/CoreServices.framework/Versions/A/Frameworks/SearchKit.framework/Versions/A/SearchKit
0x0000000009e92000 	/System/Library/Frameworks/CoreServices.framework/Versions/A/Frameworks/AE.framework/Versions/A/AE
0x0000000009e92000 	/System/Library/Frameworks/CoreServices.framework/Versions/A/Frameworks/LaunchServices.framework/Versions/A/LaunchServices
0x0000000009e92000 	/System/Library/Frameworks/CoreServices.framework/Versions/A/Frameworks/DictionaryServices.framework/Versions/A/DictionaryServices
0x0000000009e92000 	/System/Library/Frameworks/CoreServices.framework/Versions/A/Frameworks/SharedFileList.framework/Versions/A/SharedFileList
0x0000000009e92000 	/System/Library/Frameworks/NetFS.framework/Versions/A/NetFS
0x0000000009e92000 	/System/Library/PrivateFrameworks/NetAuth.framework/Versions/A/NetAuth
0x0000000009e92000 	/System/Library/PrivateFrameworks/login.framework/Versions/A/Frameworks/loginsupport.framework/Versions/A/loginsupport
0x0000000009e92000 	/System/Library/PrivateFrameworks/TCC.framework/Versions/A/TCC
0x0000000009e92000 	/usr/lib/libmecabra.dylib
0x0000000009e92000 	/System/Library/Frameworks/ApplicationServices.framework/Versions/A/Frameworks/ATS.framework/Versions/A/ATS
0x0000000009e92000 	/System/Library/Frameworks/ApplicationServices.framework/Versions/A/Frameworks/ColorSync.framework/Versions/A/ColorSync
0x0000000009e92000 	/System/Library/Frameworks/ApplicationServices.framework/Versions/A/Frameworks/HIServices.framework/Versions/A/HIServices
0x0000000009e92000 	/System/Library/Frameworks/ApplicationServices.framework/Versions/A/Frameworks/LangAnalysis.framework/Versions/A/LangAnalysis
0x0000000009e92000 	/System/Library/Frameworks/ApplicationServices.framework/Versions/A/Frameworks/PrintCore.framework/Versions/A/PrintCore
0x0000000009e92000 	/System/Library/Frameworks/ApplicationServices.framework/Versions/A/Frameworks/QD.framework/Versions/A/QD
0x0000000009e92000 	/System/Library/Frameworks/ApplicationServices.framework/Versions/A/Frameworks/SpeechSynthesis.framework/Versions/A/SpeechSynthesis
0x0000000009e92000 	/System/Library/Frameworks/Metal.framework/Versions/A/Metal
0x0000000009e92000 	/System/Library/Frameworks/Accelerate.framework/Versions/A/Frameworks/vImage.framework/Versions/A/vImage
0x0000000009e92000 	/System/Library/Frameworks/Accelerate.framework/Versions/A/Frameworks/vecLib.framework/Versions/A/vecLib
0x0000000009e92000 	/System/Library/Frameworks/Accelerate.framework/Versions/A/Frameworks/vecLib.framework/Versions/A/libvDSP.dylib
0x0000000009e92000 	/System/Library/Frameworks/Accelerate.framework/Versions/A/Frameworks/vecLib.framework/Versions/A/libvMisc.dylib
0x0000000009e92000 	/System/Library/Frameworks/Accelerate.framework/Versions/A/Frameworks/vecLib.framework/Versions/A/libLAPACK.dylib
0x0000000009e92000 	/System/Library/Frameworks/Accelerate.framework/Versions/A/Frameworks/vecLib.framework/Versions/A/libBLAS.dylib
0x0000000009e92000 	/System/Library/Frameworks/Accelerate.framework/Versions/A/Frameworks/vecLib.framework/Versions/A/libLinearAlgebra.dylib
0x0000000009e92000 	/System/Library/Frameworks/Accelerate.framework/Versions/A/Frameworks/vecLib.framework/Versions/A/libSparseBLAS.dylib
0x0000000009e92000 	/System/Library/PrivateFrameworks/GPUCompiler.framework/libmetal_timestamp.dylib
0x0000000009e92000 	/System/Library/Frameworks/OpenGL.framework/Versions/A/Libraries/libCoreFSCache.dylib
0x0000000009e92000 	/System/Library/PrivateFrameworks/IOAccelerator.framework/Versions/A/IOAccelerator
0x0000000009e92000 	/System/Library/Frameworks/ApplicationServices.framework/Versions/A/Frameworks/ATS.framework/Versions/A/Resources/libFontParser.dylib
0x0000000009e92000 	/System/Library/Frameworks/ApplicationServices.framework/Versions/A/Frameworks/ATS.framework/Versions/A/Resources/libFontRegistry.dylib
0x0000000009e92000 	/System/Library/PrivateFrameworks/AppleVPA.framework/Versions/A/AppleVPA
0x0000000009e92000 	/System/Library/PrivateFrameworks/AppleJPEG.framework/Versions/A/AppleJPEG
0x0000000009e92000 	/System/Library/Frameworks/ImageIO.framework/Versions/A/Resources/libJPEG.dylib
0x0000000009e92000 	/System/Library/Frameworks/ImageIO.framework/Versions/A/Resources/libTIFF.dylib
0x0000000009e92000 	/System/Library/Frameworks/ImageIO.framework/Versions/A/Resources/libPng.dylib
0x0000000009e92000 	/System/Library/Frameworks/ImageIO.framework/Versions/A/Resources/libGIF.dylib
0x0000000009e92000 	/System/Library/Frameworks/ImageIO.framework/Versions/A/Resources/libJP2.dylib
0x0000000009e92000 	/System/Library/Frameworks/ImageIO.framework/Versions/A/Resources/libRadiance.dylib
0x0000000009e92000 	/System/Library/Frameworks/CoreVideo.framework/Versions/A/CoreVideo
0x0000000009e92000 	/System/Library/Frameworks/OpenGL.framework/Versions/A/Libraries/libGLU.dylib
0x0000000009e92000 	/System/Library/Frameworks/OpenGL.framework/Versions/A/Libraries/libGFXShared.dylib
0x0000000009e92000 	/System/Library/Frameworks/OpenGL.framework/Versions/A/Libraries/libGL.dylib
0x0000000009e92000 	/System/Library/Frameworks/OpenGL.framework/Versions/A/Libraries/libGLImage.dylib
0x0000000009e92000 	/System/Library/Frameworks/OpenGL.framework/Versions/A/Libraries/libCVMSPluginSupport.dylib
0x0000000009e92000 	/System/Library/Frameworks/OpenGL.framework/Versions/A/Libraries/libCoreVMClient.dylib
0x0000000009e92000 	/usr/lib/libcompression.dylib
0x0000000009e92000 	/usr/lib/libcups.2.dylib
0x0000000009e92000 	/System/Library/Frameworks/Kerberos.framework/Versions/A/Kerberos
0x0000000009e92000 	/System/Library/Frameworks/GSS.framework/Versions/A/GSS
0x0000000009e92000 	/usr/lib/libresolv.9.dylib
0x0000000009e92000 	/usr/lib/libiconv.2.dylib
0x0000000009e92000 	/System/Library/PrivateFrameworks/Heimdal.framework/Versions/A/Heimdal
0x0000000009e92000 	/usr/lib/libheimdal-asn1.dylib
0x0000000009e92000 	/System/Library/Frameworks/OpenDirectory.framework/Versions/A/OpenDirectory
0x0000000009e92000 	/System/Library/PrivateFrameworks/CommonAuth.framework/Versions/A/CommonAuth
0x0000000009e92000 	/System/Library/Frameworks/OpenDirectory.framework/Versions/A/Frameworks/CFOpenDirectory.framework/Versions/A/CFOpenDirectory
0x0000000009e92000 	/System/Library/Frameworks/SecurityFoundation.framework/Versions/A/SecurityFoundation
0x0000000009e92000 	/System/Library/PrivateFrameworks/LanguageModeling.framework/Versions/A/LanguageModeling
0x0000000009e92000 	/usr/lib/libmarisa.dylib
0x0000000009e92000 	/usr/lib/libChineseTokenizer.dylib
0x0000000009e92000 	/usr/lib/libcmph.dylib
0x0000000009e92000 	/System/Library/Frameworks/ServiceManagement.framework/Versions/A/ServiceManagement
0x0000000009e92000 	/usr/lib/libxslt.1.dylib
0x0000000009e92000 	/System/Library/Frameworks/Carbon.framework/Versions/A/Frameworks/Ink.framework/Versions/A/Ink
0x0000000009e92000 	/usr/lib/libFosl_dynamic.dylib
0x0000000009e92000 	/System/Library/PrivateFrameworks/FaceCore.framework/Versions/A/FaceCore
0x0000000009e92000 	/System/Library/Frameworks/OpenCL.framework/Versions/A/OpenCL
0x0000000009e92000 	/System/Library/PrivateFrameworks/CrashReporterSupport.framework/Versions/A/CrashReporterSupport
0x0000000009e92000 	/System/Library/PrivateFrameworks/IconServices.framework/Versions/A/IconServices
0x0000000009e92000 	/System/Library/PrivateFrameworks/Apple80211.framework/Versions/A/Apple80211
0x0000000009e92000 	/System/Library/Frameworks/CoreWLAN.framework/Versions/A/CoreWLAN
0x0000000009e92000 	/System/Library/Frameworks/IOBluetooth.framework/Versions/A/IOBluetooth
0x0000000009e92000 	/System/Library/PrivateFrameworks/CoreWiFi.framework/Versions/A/CoreWiFi
0x0000000009e92000 	/System/Library/Frameworks/CoreBluetooth.framework/Versions/A/CoreBluetooth
0x0000000009e92000 	/System/Library/PrivateFrameworks/ChunkingLibrary.framework/Versions/A/ChunkingLibrary
0x0000000009e92000 	/System/Library/PrivateFrameworks/DebugSymbols.framework/Versions/A/DebugSymbols
0x0000000009e92000 	/System/Library/PrivateFrameworks/CoreSymbolication.framework/Versions/A/CoreSymbolication
0x0000000009e92000 	/System/Library/PrivateFrameworks/Symbolication.framework/Versions/A/Symbolication
0x0000000009e92000 	/System/Library/PrivateFrameworks/SpeechRecognitionCore.framework/Versions/A/SpeechRecognitionCore
0x0000000109a00000 	/Library/Java/JavaVirtualMachines/jdk1.8.0_60.jdk/Contents/Home/jre/lib/server/libjvm.dylib
0x0000000009e92000 	/usr/lib/libstdc++.6.dylib
0x0000000109039000 	/Library/Java/JavaVirtualMachines/jdk1.8.0_60.jdk/Contents/Home/jre/lib/libverify.dylib
0x0000000109047000 	/Library/Java/JavaVirtualMachines/jdk1.8.0_60.jdk/Contents/Home/jre/lib/libjava.dylib
0x0000000109086000 	/Library/Java/JavaVirtualMachines/jdk1.8.0_60.jdk/Contents/Home/jre/lib/libzip.dylib
0x000000011dc18000 	/System/Library/Frameworks/JavaVM.framework/Frameworks/JavaRuntimeSupport.framework/JavaRuntimeSupport
0x000000011dc33000 	/System/Library/Frameworks/JavaVM.framework/Versions/A/Frameworks/JavaNativeFoundation.framework/Versions/A/JavaNativeFoundation
0x000000011dc48000 	/System/Library/Frameworks/JavaVM.framework/Versions/A/JavaVM
0x0000000009e92000 	/System/Library/Frameworks/Carbon.framework/Versions/A/Carbon
0x000000011dc55000 	/System/Library/PrivateFrameworks/JavaLaunching.framework/Versions/A/JavaLaunching
0x0000000009e92000 	/System/Library/Frameworks/Carbon.framework/Versions/A/Frameworks/CommonPanels.framework/Versions/A/CommonPanels
0x0000000009e92000 	/System/Library/Frameworks/Carbon.framework/Versions/A/Frameworks/Help.framework/Versions/A/Help
0x0000000009e92000 	/System/Library/Frameworks/Carbon.framework/Versions/A/Frameworks/ImageCapture.framework/Versions/A/ImageCapture
0x0000000009e92000 	/System/Library/Frameworks/Carbon.framework/Versions/A/Frameworks/OpenScripting.framework/Versions/A/OpenScripting
0x0000000009e92000 	/System/Library/Frameworks/Carbon.framework/Versions/A/Frameworks/Print.framework/Versions/A/Print
0x0000000009e92000 	/System/Library/Frameworks/Carbon.framework/Versions/A/Frameworks/SecurityHI.framework/Versions/A/SecurityHI
0x000000011f693000 	/Applications/IntelliJ IDEA.app/Contents/bin/libbreakgen64.jnilib
0x000000011f696000 	/Library/Java/JavaVirtualMachines/jdk1.8.0_60.jdk/Contents/Home/jre/lib/libnet.dylib
0x000000011f78b000 	/Library/Java/JavaVirtualMachines/jdk1.8.0_60.jdk/Contents/Home/jre/lib/libprism_es2.dylib
0x0000000009e92000 	/System/Library/Frameworks/OpenGL.framework/Versions/A/Resources/GLEngine.bundle/GLEngine
0x0000000009e92000 	/System/Library/Frameworks/OpenGL.framework/Versions/A/Libraries/libGLProgrammability.dylib
0x000000011f80d000 	/System/Library/Extensions/AppleIntelHD5000GraphicsGLDriver.bundle/Contents/MacOS/AppleIntelHD5000GraphicsGLDriver
0x0000000009e92000 	/System/Library/PrivateFrameworks/GPUSupport.framework/Versions/A/Libraries/libGPUSupportMercury.dylib
0x0000000009e92000 	/System/Library/Frameworks/OpenGL.framework/Versions/A/Resources/GLRendererFloat.bundle/GLRendererFloat
0x0000000009e92000 	/System/Library/Frameworks/OpenCL.framework/Versions/A/Libraries/libcldcpuengine.dylib
0x0000000009e92000 	/System/Library/PrivateFrameworks/DiskImages.framework/Versions/A/DiskImages
0x0000000009e92000 	/System/Library/Frameworks/DiscRecording.framework/Versions/A/DiscRecording
0x0000000009e92000 	/usr/lib/libcsfde.dylib
0x0000000009e92000 	/usr/lib/libcurl.4.dylib
0x0000000009e92000 	/System/Library/PrivateFrameworks/MediaKit.framework/Versions/A/MediaKit
0x0000000009e92000 	/System/Library/PrivateFrameworks/ProtectedCloudStorage.framework/Versions/A/ProtectedCloudStorage
0x0000000009e92000 	/usr/lib/libCoreStorage.dylib
0x0000000009e92000 	/System/Library/PrivateFrameworks/EFILogin.framework/Versions/A/EFILogin
0x0000000009e92000 	/usr/lib/libutil.dylib
0x0000000009e92000 	/System/Library/PrivateFrameworks/FindMyDevice.framework/Versions/A/FindMyDevice
0x0000000009e92000 	/System/Library/Frameworks/LDAP.framework/Versions/A/LDAP
0x0000000009e92000 	/usr/lib/libsasl2.2.dylib
0x0000000009e92000 	/System/Library/PrivateFrameworks/CoreDaemon.framework/Versions/B/CoreDaemon
0x0000000009e92000 	/usr/lib/libcrypto.0.9.8.dylib
0x0000000009e92000 	/System/Library/PrivateFrameworks/AppleSRP.framework/Versions/A/AppleSRP
0x0000000009e92000 	/System/Library/PrivateFrameworks/TrustEvaluationAgent.framework/Versions/A/TrustEvaluationAgent
0x000000012038f000 	/Library/Java/JavaVirtualMachines/jdk1.8.0_60.jdk/Contents/Home/jre/lib/libglass.dylib
0x0000000009e92000 	/System/Library/PrivateFrameworks/CoreServicesInternal.framework/Versions/A/CoreServicesInternal
0x0000000009e92000 	/System/Library/CoreServices/RawCamera.bundle/Contents/MacOS/RawCamera
0x0000000009e92000 	/System/Library/Frameworks/CoreGraphics.framework/Versions/A/Resources/libRIP.A.dylib
0x0000000009e92000 	/System/Library/Frameworks/Accelerate.framework/Versions/A/Frameworks/vImage.framework/Versions/A/Libraries/libCGInterfaces.dylib
0x0000000009e92000 	/System/Library/PrivateFrameworks/FamilyControls.framework/Versions/A/FamilyControls
0x0000000009e92000 	/System/Library/PrivateFrameworks/CommerceKit.framework/Versions/A/Frameworks/CommerceCore.framework/Versions/A/CommerceCore
0x0000000009e92000 	/System/Library/PrivateFrameworks/SystemAdministration.framework/Versions/A/SystemAdministration
0x0000000009e92000 	/System/Library/PrivateFrameworks/AppContainer.framework/Versions/A/AppContainer
0x0000000009e92000 	/System/Library/PrivateFrameworks/SecCodeWrapper.framework/Versions/A/SecCodeWrapper
0x0000000009e92000 	/System/Library/Frameworks/DirectoryService.framework/Versions/A/DirectoryService
0x0000000009e92000 	/System/Library/PrivateFrameworks/LoginUIKit.framework/Versions/A/Frameworks/LoginUICore.framework/Versions/A/LoginUICore
0x0000000009e92000 	/usr/lib/libodfde.dylib
0x0000000123739000 	/Library/Java/JavaVirtualMachines/jdk1.8.0_60.jdk/Contents/Home/jre/lib/libjavafx_font.dylib
0x0000000009e92000 	/System/Library/Frameworks/CoreGraphics.framework/Versions/A/Resources/libCGXType.A.dylib
0x00000001250b6000 	/Library/Java/JavaVirtualMachines/jdk1.8.0_60.jdk/Contents/Home/jre/lib/libprism_common.dylib
0x00000001263d3000 	/System/Library/Extensions/AppleIntelHD5000GraphicsMTLDriver.bundle/Contents/MacOS/AppleIntelHD5000GraphicsMTLDriver
0x00000001241f0000 	cl_kernels
0x0000000009e92000 	/System/Library/Frameworks/OpenCL.framework/Versions/A/Libraries/ImageFormats/unorm8_bgra.dylib
0x0000000009e92000 	/System/Library/Frameworks/OpenCL.framework/Versions/A/Libraries/ImageFormats/unorm8_rgba.dylib
0x0000000124b86000 	/Library/Java/JavaVirtualMachines/jdk1.8.0_60.jdk/Contents/Home/jre/lib/libawt.dylib
0x0000000126004000 	/Library/Java/JavaVirtualMachines/jdk1.8.0_60.jdk/Contents/Home/jre/lib/./libmlib_image.dylib
0x0000000125439000 	/Library/Java/JavaVirtualMachines/jdk1.8.0_60.jdk/Contents/Home/jre/lib/libawt_lwawt.dylib
0x00000001260d0000 	/Library/Java/JavaVirtualMachines/jdk1.8.0_60.jdk/Contents/Home/jre/lib/./libosxapp.dylib
0x0000000009e92000 	/System/Library/Frameworks/ExceptionHandling.framework/Versions/A/ExceptionHandling
0x00000001289cd000 	/Library/Java/JavaVirtualMachines/jdk1.8.0_60.jdk/Contents/Home/jre/lib/libfontmanager.dylib
0x00000001266e9000 	/Library/Java/JavaVirtualMachines/jdk1.8.0_60.jdk/Contents/Home/jre/lib/libosxui.dylib
0x000000012b24c000 	/Library/Java/JavaVirtualMachines/jdk1.8.0_60.jdk/Contents/Home/jre/lib/libnio.dylib
0x0000000009e92000 	/System/Library/Frameworks/ApplicationServices.framework/Versions/A/Frameworks/ATS.framework/Versions/A/Resources/libTrueTypeScaler.dylib

VM Arguments:
jvm_args: -Didea.launcher.port=7535 -Didea.launcher.bin.path=/Applications/IntelliJ IDEA.app/Contents/bin -Dfile.encoding=UTF-8 
java_command: com.intellij.rt.execution.application.AppMain edu.virginia.menu.StartMenu
java_class_path (initial): /Users/austinchang/github/Game_Design_Four_Horsemen/bin:/Library/Java/JavaVirtualMachines/jdk1.8.0_60.jdk/Contents/Home/jre/lib/charsets.jar:/Library/Java/JavaVirtualMachines/jdk1.8.0_60.jdk/Contents/Home/jre/lib/deploy.jar:/Library/Java/JavaVirtualMachines/jdk1.8.0_60.jdk/Contents/Home/jre/lib/ext/cldrdata.jar:/Library/Java/JavaVirtualMachines/jdk1.8.0_60.jdk/Contents/Home/jre/lib/ext/dnsns.jar:/Library/Java/JavaVirtualMachines/jdk1.8.0_60.jdk/Contents/Home/jre/lib/ext/jaccess.jar:/Library/Java/JavaVirtualMachines/jdk1.8.0_60.jdk/Contents/Home/jre/lib/ext/jfxrt.jar:/Library/Java/JavaVirtualMachines/jdk1.8.0_60.jdk/Contents/Home/jre/lib/ext/localedata.jar:/Library/Java/JavaVirtualMachines/jdk1.8.0_60.jdk/Contents/Home/jre/lib/ext/nashorn.jar:/Library/Java/JavaVirtualMachines/jdk1.8.0_60.jdk/Contents/Home/jre/lib/ext/sunec.jar:/Library/Java/JavaVirtualMachines/jdk1.8.0_60.jdk/Contents/Home/jre/lib/ext/sunjce_provider.jar:/Library/Java/JavaVirtualMachines/jdk1.8.0_60.jdk/Contents/Home/jre/lib/ext/sunpkcs11.jar:/Library/Java/JavaVirtualMachines/jdk1.8.0_60.jdk/Contents/Home/jre/lib/ext/zipfs.jar:/Library/Java/JavaVirtualMachines/jdk1.8.0_60.jdk/Contents/Home/jre/lib/javaws.jar:/Library/Java/JavaVirtualMachines/jdk1.8.0_60.jdk/Contents/Home/jre/lib/jce.jar:/Library/Java/JavaVirtualMachines/jdk1.8.0_60.jdk/Contents/Home/jre/lib/jfr.jar:/Library/Java/JavaVirtualMachines/jdk1.8.0_60.jdk/Contents/Home/jre/lib/jfxswt.jar:/Library/Java/JavaVirtualMachines/jdk1.8.0_60.jdk/Contents/Home/jre/lib/jsse.jar:/Library/Java/JavaVirtualMachines/jdk1.8.0_60.jdk/Contents/Home/jre/lib/management-agent.jar:/Library/Java/JavaVirtualMachines/jdk1.8.0_60.jdk/Contents/Home/jre/lib/plugin.jar:/Library/Java/JavaVirtualMachines/jdk1.8.0_60.jdk/Contents/Home/jre/lib/resources.jar:/Library/Java/JavaVirtualMachines/jdk1.8.0_60.jdk/Contents/Home/jre/lib/rt.jar:/Library/Java/JavaVirtualMachines/jdk1.8.0_60.jdk/Contents/Home/lib/ant-javafx.jar:/Library/Java/JavaVirtualMachi
Launcher Type: SUN_STANDARD

Environment Variables:
CLASSPATH=:/Users/austinchang/java/junit-4.12.jar:/Users/austinchang/java/hamcrest-core-1.3.jar
PATH=/usr/bin:/bin:/usr/sbin:/sbin:/usr/local/bin:/opt/X11/bin:/Library/TeX/texbin:/Users/austinchang/java
SHELL=/bin/bash
DISPLAY=/private/tmp/com.apple.launchd.lXsDufQWEm/org.macosforge.xquartz:0

Signal Handlers:
SIGSEGV: [libjvm.dylib+0x5a6d31], sa_mask[0]=11111111011111110111111111111111, sa_flags=SA_ONSTACK|SA_RESTART|SA_SIGINFO
SIGBUS: [libjvm.dylib+0x5a6d31], sa_mask[0]=11111111011111110111111111111111, sa_flags=SA_RESTART|SA_SIGINFO
SIGFPE: [libjvm.dylib+0x480a4c], sa_mask[0]=11111111011111110111111111111111, sa_flags=SA_RESTART|SA_SIGINFO
SIGPIPE: [libjvm.dylib+0x480a4c], sa_mask[0]=11111111011111110111111111111111, sa_flags=SA_RESTART|SA_SIGINFO
SIGXFSZ: [libjvm.dylib+0x480a4c], sa_mask[0]=11111111011111110111111111111111, sa_flags=SA_RESTART|SA_SIGINFO
SIGILL: [libjvm.dylib+0x480a4c], sa_mask[0]=11111111011111110111111111111111, sa_flags=SA_RESTART|SA_SIGINFO
SIGUSR1: SIG_DFL, sa_mask[0]=00000000000000000000000000000000, sa_flags=none
SIGUSR2: [libjvm.dylib+0x48056a], sa_mask[0]=00100000000000000000000000000000, sa_flags=SA_RESTART|SA_SIGINFO
SIGHUP: [libjvm.dylib+0x47eb41], sa_mask[0]=11111111011111110111111111111111, sa_flags=SA_RESTART|SA_SIGINFO
SIGINT: [libjvm.dylib+0x47eb41], sa_mask[0]=11111111011111110111111111111111, sa_flags=SA_RESTART|SA_SIGINFO
SIGTERM: [libjvm.dylib+0x47eb41], sa_mask[0]=11111111011111110111111111111111, sa_flags=SA_RESTART|SA_SIGINFO
SIGQUIT: [libjvm.dylib+0x47eb41], sa_mask[0]=11111111011111110111111111111111, sa_flags=SA_RESTART|SA_SIGINFO


---------------  S Y S T E M  ---------------

OS:Bsduname:Darwin 15.6.0 Darwin Kernel Version 15.6.0: Mon Aug 29 20:21:34 PDT 2016; root:xnu-3248.60.11~1/RELEASE_X86_64 x86_64
rlimit: STACK 8192k, CORE 0k, NPROC 709, NOFILE 10240, AS infinity
load average:2.86 1.95 2.05

CPU:total 4 (2 cores per cpu, 2 threads per core) family 6 model 69 stepping 1, cmov, cx8, fxsr, mmx, sse, sse2, sse3, ssse3, sse4.1, sse4.2, popcnt, avx, avx2, aes, clmul, erms, lzcnt, ht, tsc, tscinvbit, bmi1, bmi2

Memory: 4k page, physical 4194304k(41536k free)

/proc/meminfo:


vm_info: Java HotSpot(TM) 64-Bit Server VM (25.60-b23) for bsd-amd64 JRE (1.8.0_60-b27), built on Aug  4 2015 10:47:24 by "java_re" with gcc 4.2.1 (Based on Apple Inc. build 5658) (LLVM build 2336.11.00)

time: Sun Apr 23 23:28:19 2017
elapsed time: 19 seconds (0d 0h 0m 19s)

